
Debian GNU/Linux 11 syzkaller ttyS0

Warning: Permanently added '[localhost]:33021' (ED25519) to the list of known hosts.
2026/03/08 18:22:33 parsed 1 programs
syzkaller login: [   18.528884] cgroup: Unknown subsys name 'net'
[   18.548851] cgroup: Unknown subsys name 'cpuset'
[   18.550629] cgroup: Unknown subsys name 'hugetlb'
[   18.550664] cgroup: Unknown subsys name 'rlimit'
[   18.550697] cgroup: Unknown subsys name 'memory'
2026/03/08 18:22:35 executed programs: 0
[   19.704876] ------------[ cut here ]------------
[   19.704883] WARNING: mm/slub.c:2189 at alloc_slab_obj_exts+0x132/0x180, CPU#0: syz.3.17/335
[   19.704921] CPU: 0 UID: 0 PID: 335 Comm: syz.3.17 Not tainted 7.0.0-rc2-00057-g0031c06807cf #1 PREEMPT_{RT,(lazy)} 
[   19.704938] Hardware name: QEMU Ubuntu 24.10 PC (i440FX + PIIX, 1996), BIOS 1.16.3-debian-1.16.3-2 04/01/2014
[   19.704946] RIP: 0010:alloc_slab_obj_exts+0x132/0x180
[   19.704978] Code: f6 c2 02 74 3e 48 c7 c6 f8 ee 07 83 48 89 ef e8 84 87 f9 ff 90 0f 0b 85 db 74 38 e8 98 eb ff ff 31 c0 5b 5d 41 5c 41 5d c3 90 <0f> 0b 90 eb 83 31 d2 be 00 01 00 02 e8 4d 12 00 00 48 89 c7 e9 fc
[   19.704991] RSP: 0018:ffffc900010b3c58 EFLAGS: 00010246
[   19.705002] RAX: ffffea000454f580 RBX: 0000000000000c00 RCX: ffff88810004123f
[   19.705010] RDX: 0000000000000000 RSI: 0000000000000000 RDI: ffff8881153d6a80
[   19.705018] RBP: ffffea000454f580 R08: ffffc900010b3bd0 R09: 0000000000000000
[   19.705027] R10: ffff8881153d6a80 R11: 000000000000002f R12: ffff888100041240
[   19.705035] R13: 0000000000000000 R14: ffffea000454f580 R15: ffff88810368ea00
[   19.705048] FS:  00007f6ee46376c0(0000) GS:0000000000000000(0000) knlGS:0000000000000000
[   19.705058] CS:  0010 DS: 0000 ES: 0000 CR0: 0000000080050033
[   19.705067] CR2: 0000000000000000 CR3: 0000000114fe7000 CR4: 0000000000350ef0
[   19.705075] Call Trace:
[   19.705079]  <TASK>
[   19.705084]  __memcg_slab_post_alloc_hook+0x130/0x460
[   19.705109]  slab_post_alloc_hook.constprop.0+0x9c/0xf0
[   19.705133]  slab_alloc_node.constprop.0+0xaa/0x160
[   19.705155]  ? __d_alloc+0x235/0x2f0
[   19.705172]  __kmalloc_noprof+0x82/0x200
[   19.705194]  __d_alloc+0x235/0x2f0
[   19.705212]  d_alloc_pseudo+0x1d/0x70
[   19.705231]  alloc_file_pseudo+0x64/0x140
[   19.705254]  __shmem_file_setup+0x136/0x270
[   19.705274]  memfd_alloc_file+0x81/0x240
[   19.705290]  __x64_sys_memfd_create+0x205/0x440
[   19.705307]  do_syscall_64+0x11d/0x5a0
[   19.705330]  entry_SYSCALL_64_after_hwframe+0x4b/0x53
[   19.705344] RIP: 0033:0x7f6ee47cebe9
[   19.705353] Code: ff ff c3 66 2e 0f 1f 84 00 00 00 00 00 0f 1f 40 00 48 89 f8 48 89 f7 48 89 d6 48 89 ca 4d 89 c2 4d 89 c8 4c 8b 4c 24 08 0f 05 <48> 3d 01 f0 ff ff 73 01 c3 48 c7 c1 a8 ff ff ff f7 d8 64 89 01 48
[   19.705366] RSP: 002b:00007f6ee4637038 EFLAGS: 00000246 ORIG_RAX: 000000000000013f
[   19.705378] RAX: ffffffffffffffda RBX: 00007f6ee4a05fa0 RCX: 00007f6ee47cebe9
[   19.705386] RDX: 0000000000000000 RSI: 0000000000000000 RDI: 00002000000003c0
[   19.705394] RBP: 00007f6ee4851e19 R08: 0000000000000000 R09: 0000000000000000
[   19.705402] R10: 0000000000000000 R11: 0000000000000246 R12: 0000000000000000
[   19.705410] R13: 00007f6ee4a06038 R14: 00007f6ee4a05fa0 R15: 00007ffe559fe798
[   19.705424]  </TASK>
[   19.705428] irq event stamp: 273
[   19.705432] hardirqs last  enabled at (275): [<ffffffff81349fb1>] vprintk_store+0x521/0x720
[   19.705457] hardirqs last disabled at (276): [<ffffffff81349fc1>] vprintk_store+0x531/0x720
[   19.705481] softirqs last  enabled at (0): [<ffffffff812ae83a>] copy_process+0xd9a/0x2d40
[   19.705520] softirqs last disabled at (0): [<0000000000000000>] 0x0
[   19.705529] ---[ end trace 0000000000000000 ]---
2026/03/08 18:22:40 executed programs: 330
2026/03/08 18:22:45 executed programs: 669

VM DIAGNOSIS:
02:22:35  Registers:
info registers vcpu 0

CPU#0
RAX=0000000000000031 RBX=0000000000000000 RCX=0000000000000000 RDX=00000000000003f8
RSI=ffff888100258000 RDI=0000000000000002 RBP=ffffffff84b5e780 RSP=ffffc90000083d60
R8 =0000000000000000 R9 =ffffffff81dd27d5 R10=0000000000000031 R11=000000000000000a
R12=0000000000000031 R13=0000000000000031 R14=0000000000000010 R15=0000000000000000
RIP=ffffffff81dd27eb RFL=00000202 [-------] CPL=0 II=0 A20=1 SMM=0 HLT=0
ES =0000 0000000000000000 00000000 00000000
CS =0010 0000000000000000 ffffffff 00a09b00 DPL=0 CS64 [-RA]
SS =0018 0000000000000000 ffffffff 00c09300 DPL=0 DS   [-WA]
DS =0000 0000000000000000 00000000 00000000
FS =0000 0000000000000000 00000000 00000000
GS =0000 0000000000000000 00000000 00000000
LDT=0000 fffffe0000000000 00000000 00000000
TR =0040 fffffe0000003000 00004087 00008b00 DPL=0 TSS64-busy
GDT=     fffffe0000001000 0000007f
IDT=     fffffe0000000000 00000fff
CR0=80050033 CR2=0000000000000000 CR3=0000000114fe7000 CR4=00350ef0
DR0=0000000000000000 DR1=0000000000000000 DR2=0000000000000000 DR3=0000000000000000 
DR6=00000000ffff0ff0 DR7=0000000000000400
EFER=0000000000000d01
FCW=037f FSW=0000 [ST=0] FTW=00 MXCSR=00001f80
FPR0=0000000000000000 0000 FPR1=0000000000000000 0000
FPR2=0000000000000000 0000 FPR3=0000000000000000 0000
FPR4=0000000000000000 0000 FPR5=0000000000000000 0000
FPR6=0000000000000000 0000 FPR7=0000000000000000 0000
YMM00=0000000000000000 0000000000000000 0000000000000000 0000000000000000
YMM01=0000000000000000 0000000000000000 0000000000000000 0000000000000000
YMM02=0000000000000000 0000000000000000 00007f6ee49d7478 00007f6ee49d74c0
YMM03=0000000000000000 0000000000000000 00007f6ee49d74a8 00007f6ee49d74a0
YMM04=0000000000000000 0000000000000000 00007ffe559fea50 0000000000000000
YMM05=0000000000000000 0000000000000000 00007f6ee49d1280 0000000000000000
YMM06=0000000000000000 0000000000000000 00007ffe559febb0 0000000000000003
YMM07=0000000000000000 0000000000000000 0000003000000028 00007f6ee4777172
YMM08=0000000000000000 0000000000000000 46e7b48c734f5360 65a9127f346bc20a
YMM09=0000000000000000 0000000000000000 0000000000000000 00007f6ee4852fc5
YMM10=0000000000000000 0000000000000000 0000000000000000 0000000000000000
YMM11=0000000000000000 0000000000000000 0000000000000000 0000000000000000
YMM12=0000000000000000 0000000000000000 0000000000000000 0000000000000000
YMM13=0000000000000000 0000000000000000 0000000000000000 0000000000000000
YMM14=0000000000000000 0000000000000000 0000000000000000 0000000000000000
YMM15=0000000000000000 0000000000000000 0000000000000000 0000000000000000
info registers vcpu 1

CPU#1
EAX=000f42aa EBX=00000000 ECX=000002ff EDX=00000001
ESI=00000000 EDI=00000000 EBP=00000000 ESP=00006c5c
EIP=000fd0a9 EFL=00000002 [-------] CPL=0 II=0 A20=1 SMM=0 HLT=1
ES =0010 00000000 ffffffff 00c09300 DPL=0 DS   [-WA]
CS =0008 00000000 ffffffff 00c09b00 DPL=0 CS32 [-RA]
SS =0010 00000000 ffffffff 00c09300 DPL=0 DS   [-WA]
DS =0010 00000000 ffffffff 00c09300 DPL=0 DS   [-WA]
FS =0010 00000000 ffffffff 00c09300 DPL=0 DS   [-WA]
GS =0010 00000000 ffffffff 00c09300 DPL=0 DS   [-WA]
LDT=0000 00000000 0000ffff 00008200 DPL=0 LDT
TR =0000 00000000 0000ffff 00008300 DPL=0 TSS16-busy
GDT=     000f61e0 00000037
IDT=     000f621e 00000000
CR0=00000011 CR2=00000000 CR3=00000000 CR4=00000000
DR0=0000000000000000 DR1=0000000000000000 DR2=0000000000000000 DR3=0000000000000000 
DR6=00000000ffff0ff0 DR7=0000000000000400
EFER=0000000000000000
FCW=037f FSW=0000 [ST=0] FTW=00 MXCSR=00001f80
FPR0=0000000000000000 0000 FPR1=0000000000000000 0000
FPR2=0000000000000000 0000 FPR3=0000000000000000 0000
FPR4=0000000000000000 0000 FPR5=0000000000000000 0000
FPR6=0000000000000000 0000 FPR7=0000000000000000 0000
XMM00=0000000000000000 0000000000000000 XMM01=0000000000000000 0000000000000000
XMM02=0000000000000000 0000000000000000 XMM03=0000000000000000 0000000000000000
XMM04=0000000000000000 0000000000000000 XMM05=0000000000000000 0000000000000000
XMM06=0000000000000000 0000000000000000 XMM07=0000000000000000 0000000000000000
