Warning: Permanently added '[localhost]:17153' (ED25519) to the list of known hosts.
2026/02/01 09:30:28 parsed 1 programs
syzkaller login: [  164.606495] cgroup: Unknown subsys name 'net'
[  164.650074] cgroup: Unknown subsys name 'cpuset'
[  164.667746] cgroup: Unknown subsys name 'rlimit'
[  164.774958] Adding 124996k swap on ./swap-file.  Priority:0 extents:1 across:124996k 
2026/02/01 09:30:37 executed programs: 0
2026/02/01 09:30:43 executed programs: 2
2026/02/01 09:31:03 executed programs: 3
[  264.601362] watchdog: BUG: soft lockup - CPU#1 stuck for 22s! [syz.3.17:1226]
[  264.601388] Modules linked in:
[  264.601403] CPU: 1 UID: 0 PID: 1226 Comm: syz.3.17 Not tainted 6.19.0-rc7 #2 PREEMPT(voluntary) 
[  264.601421] Hardware name: QEMU Ubuntu 24.10 PC (i440FX + PIIX, 1996), BIOS 1.16.3-debian-1.16.3-2 04/01/2014
[  264.601431] RIP: 0010:__sanitizer_cov_trace_const_cmp1+0x8/0x20
[  264.601558] Code: 00 00 f3 0f 1e fa 48 8b 0c 24 48 89 f2 48 89 fe bf 06 00 00 00 e9 18 ff ff ff 0f 1f 84 00 00 00 00 00 f3 0f 1e fa 48 8b 0c 24 <40> 0f b6 d6 40 0f b6 f7 bf 01 00 00 00 e9 f6 fe ff ff 66 0f 1f 44
[  264.601571] RSP: 0018:ffffc900043bf760 EFLAGS: 00000246
[  264.601582] RAX: 000000003a736500 RBX: ffffffff850afe21 RCX: ffffffff84cd69b0
[  264.601591] RDX: ffff88800c9a3bc0 RSI: 0000000000000073 RDI: 0000000000000025
[  264.601600] RBP: ffffc900043bf810 R08: 000000003a736500 R09: ffffffff84cd69a3
[  264.601608] R10: 0000000000000001 R11: ffffc90048c4d037 R12: ffffc900043bf8a0
[  264.601617] R13: ffffffff850afe1b R14: dffffc0000000000 R15: 0000000000000073
[  264.601628] FS:  00007f24f90fe500(0000) GS:ffff8880e5b52000(0000) knlGS:0000000000000000
[  264.601643] CS:  0010 DS: 0000 ES: 0000 CR0: 0000000080050033
[  264.601651] CR2: 00005593e173d130 CR3: 000000000f716000 CR4: 0000000000350ef0
[  264.601660] Call Trace:
[  264.601668]  <TASK>
[  264.601674]  format_decode+0x190/0xc80
[  264.601698]  ? fill_ptr_key+0x30/0x30
[  264.601711]  ? vsnprintf+0x1a8/0x1160
[  264.601727]  ? __sanitizer_cov_trace_switch+0x3e/0x80
[  264.601742]  vsnprintf+0x186/0x1160
[  264.601761]  ? pointer+0x940/0x940
[  264.601776]  ? seq_vprintf+0x25/0x1a0
[  264.601797]  seq_vprintf+0xe6/0x1a0
[  264.601816]  seq_printf+0xbe/0xf0
[  264.601845]  ? seq_vprintf+0x1a0/0x1a0
[  264.601863]  ? io_uring_show_fdinfo+0x877/0x1920
[  264.601886]  ? io_uring_show_fdinfo+0x869/0x1920
[  264.601906]  io_uring_show_fdinfo+0x9a7/0x1920
[  264.601929]  ? common_tracking_show_fdinfo.isra.0+0x100/0x100
[  264.601950]  seq_show+0x469/0x730
[  264.601966]  seq_read_iter+0x4cc/0x11d0
[  264.601988]  seq_read+0x391/0x570
[  264.602005]  ? seq_read_iter+0x11d0/0x11d0
[  264.602023]  ? futex_hash+0x2c/0x120
[  264.602037]  ? x86_verw_sel+0x1/0x40
[  264.602051]  ? __sanitizer_cov_trace_pc+0x1d/0x50
[  264.602064]  ? futex_wake+0x1c7/0x540
[  264.602081]  ? futex_wake_mark+0x190/0x190
[  264.602098]  ? __sanitizer_cov_trace_pc+0x1d/0x50
[  264.602110]  ? security_file_permission+0x1d/0x50
[  264.602134]  ? seq_read_iter+0x11d0/0x11d0
[  264.602152]  vfs_read+0x1f9/0xc90
[  264.602173]  ? kernel_read+0x70/0x70
[  264.602190]  ? __ia32_sys_get_robust_list+0x140/0x140
[  264.602208]  ? randomize_page+0xb0/0xb0
[  264.602227]  ? __sanitizer_cov_trace_pc+0x1d/0x50
[  264.602240]  ? __x64_sys_futex+0x1d2/0x480
[  264.602256]  ksys_read+0x121/0x240
[  264.602274]  ? vfs_write+0x1040/0x1040
[  264.602294]  do_syscall_64+0xac/0x3b0
[  264.602309]  entry_SYSCALL_64_after_hwframe+0x4b/0x53
[  264.602323] RIP: 0033:0x7f24f838ebe9
[  264.602336] Code: ff ff c3 66 2e 0f 1f 84 00 00 00 00 00 0f 1f 40 00 48 89 f8 48 89 f7 48 89 d6 48 89 ca 4d 89 c2 4d 89 c8 4c 8b 4c 24 08 0f 05 <48> 3d 01 f0 ff ff 73 01 c3 48 c7 c1 a8 ff ff ff f7 d8 64 89 01 48
[  264.602348] RSP: 002b:00007fff629d5968 EFLAGS: 00000246 ORIG_RAX: 0000000000000000
[  264.602360] RAX: ffffffffffffffda RBX: 00007f24f85c5fa0 RCX: 00007f24f838ebe9
[  264.602369] RDX: 00000000000000f1 RSI: 0000200000000040 RDI: 0000000000000004
[  264.602378] RBP: 00007f24f8411e19 R08: 0000000000000000 R09: 0000000000000000
[  264.602386] R10: 0000000000000000 R11: 0000000000000246 R12: 0000000000000000
[  264.602394] R13: 00007f24f85c5fa0 R14: 00007f24f85c5fa0 R15: 0000000000000003
[  264.602407]  </TASK>
[  264.602413] Sending NMI from CPU 1 to CPUs 0:
[  264.662802] NMI backtrace for cpu 0
[  264.662822] CPU: 0 UID: 0 PID: 271 Comm: kworker/u8:5 Not tainted 6.19.0-rc7 #2 PREEMPT(voluntary) 
[  264.662851] Hardware name: QEMU Ubuntu 24.10 PC (i440FX + PIIX, 1996), BIOS 1.16.3-debian-1.16.3-2 04/01/2014
[  264.662862] Workqueue: events_unbound toggle_allocation_gate
[  264.662891] RIP: 0010:smp_call_function_many_cond+0x425/0x1370
[  264.662917] Code: 85 e4 74 4f 48 b8 00 00 00 00 00 fc ff df 4d 89 f5 4d 89 f4 49 c1 ed 03 41 83 e4 07 49 01 c5 41 83 c4 03 e8 fd 3a 0b 00 f3 90 <41> 0f b6 45 00 41 38 c4 7c 08 84 c0 0f 85 7f 0d 00 00 8b 43 08 31
[  264.662931] RSP: 0018:ffffc90000f3f830 EFLAGS: 00000246
[  264.662943] RAX: 0000000000000000 RBX: ffff88806cf6a740 RCX: ffffffff816d8959
[  264.662952] RDX: ffff88800cbf0040 RSI: ffff88800cbf0040 RDI: 0000000000000002
[  264.662961] RBP: 0000000000000001 R08: 0000000000000000 R09: ffffffff816d8933
[  264.662970] R10: 0000000000000005 R11: ffffffff86759c57 R12: 0000000000000003
[  264.662979] R13: ffffed100d9ed4e9 R14: ffff88806cf6a748 R15: 0000000000000001
[  264.662990] FS:  0000000000000000(0000) GS:ffff8880e5a52000(0000) knlGS:0000000000000000
[  264.663003] CS:  0010 DS: 0000 ES: 0000 CR0: 0000000080050033
[  264.663013] CR2: 00007f90d9dd1028 CR3: 0000000005c97000 CR4: 0000000000350ef0
[  264.663022] Call Trace:
[  264.663026]  <TASK>
[  264.663033]  ? text_poke_memset+0x60/0x60
[  264.663050]  ? __probestub_csd_function_exit+0x10/0x10
[  264.663070]  ? __smp_text_poke_batch_add+0x6c0/0x6c0
[  264.663085]  ? text_poke_memset+0x60/0x60
[  264.663098]  on_each_cpu_cond_mask+0x57/0xa0
[  264.663117]  smp_text_poke_batch_finish+0x340/0xad0
[  264.663134]  ? smp_text_poke_sync_each_cpu+0x30/0x30
[  264.663150]  ? __sanitizer_cov_trace_pc+0x1d/0x50
[  264.663164]  ? arch_jump_label_transform_queue+0xbd/0x110
[  264.663187]  ? __sanitizer_cov_trace_pc+0x1d/0x50
[  264.663199]  ? jump_label_type+0x9c/0xf0
[  264.663216]  arch_jump_label_transform_apply+0x1c/0x30
[  264.663238]  jump_label_update+0x339/0x410
[  264.663254]  static_key_enable_cpuslocked+0x1b7/0x270
[  264.663269]  static_key_enable+0x1a/0x20
[  264.663284]  toggle_allocation_gate+0xfa/0x2a0
[  264.663303]  ? kfence_init_pool+0x8e0/0x8e0
[  264.663322]  ? lock_acquire+0x113/0x170
[  264.663339]  ? process_scheduled_works+0x4ce/0x1910
[  264.663361]  process_scheduled_works+0x549/0x1910
[  264.663379]  ? disable_delayed_work_sync+0x20/0x20
[  264.663394]  ? __sanitizer_cov_trace_pc+0x1d/0x50
[  264.663407]  ? move_linked_works+0x189/0x2d0
[  264.663429]  ? __sanitizer_cov_trace_pc+0x1d/0x50
[  264.663442]  ? assign_work+0x195/0x240
[  264.663461]  ? lock_is_held_type+0x9b/0x110
[  264.663482]  worker_thread+0x5a9/0xd10
[  264.663497]  ? bh_worker+0x710/0x710
[  264.663511]  kthread+0x43c/0x860
[  264.663524]  ? kthread_is_per_cpu+0xf0/0xf0
[  264.663536]  ? ret_from_fork+0x79/0x6f0
[  264.663552]  ? lock_release+0xc8/0x270
[  264.663569]  ? __sanitizer_cov_trace_pc+0x1d/0x50
[  264.663582]  ? kthread_is_per_cpu+0xf0/0xf0
[  264.663595]  ret_from_fork+0x5d3/0x6f0
[  264.663611]  ? native_tss_update_io_bitmap+0x6a0/0x6a0
[  264.663629]  ? __sanitizer_cov_trace_pc+0x1d/0x50
[  264.663642]  ? __switch_to+0x859/0x1140
[  264.663661]  ? kthread_is_per_cpu+0xf0/0xf0
[  264.663674]  ret_from_fork_asm+0x11/0x20
[  264.663697]  </TASK>
2026/02/01 09:32:13 executed programs: 4

VM DIAGNOSIS:
17:32:09  Registers:
info registers vcpu 0

CPU#0
RAX=dffffc0000000000 RBX=ffffc900046bf840 RCX=0000000000000001 RDX=1ffff920008d7f09
RSI=ffffc900046bfa98 RDI=ffffc900046bf850 RBP=ffffc900046bfa98 RSP=ffffc900046bf6e8
R8 =ffffffff86c3c912 R9 =ffffffff86c3c90e R10=000000000003d3c4 R11=000000000002bd9b
R12=0000000000000008 R13=ffffc900046bf888 R14=ffffc900046bf840 R15=ffffc900046bfac0
RIP=ffffffff8137ab8f RFL=00000246 [---Z-P-] CPL=0 II=0 A20=1 SMM=0 HLT=0
ES =0000 0000000000000000 00000000 00000000
CS =0010 0000000000000000 ffffffff 00a09b00 DPL=0 CS64 [-RA]
SS =0000 0000000000000000 00000000 00000000
DS =0000 0000000000000000 00000000 00000000
FS =0000 0000000000000000 00000000 00000000
GS =0000 ffff8880e5a52000 00000000 00000000
LDT=0000 fffffe0000000000 00000000 00000000
TR =0040 fffffe0000003000 00004087 00008b00 DPL=0 TSS64-busy
GDT=     fffffe0000001000 0000007f
IDT=     fffffe0000000000 00000fff
CR0=80050033 CR2=00007f2aa4b9c170 CR3=000000000d47a000 CR4=00350ef0
DR0=0000000000000000 DR1=0000000000000000 DR2=0000000000000000 DR3=0000000000000000 
DR6=00000000ffff0ff0 DR7=0000000000000400
EFER=0000000000000d01
FCW=037f FSW=0000 [ST=0] FTW=00 MXCSR=00001f80
FPR0=0000000000000000 0000 FPR1=0000000000000000 0000
FPR2=0000000000000000 0000 FPR3=0000000000000000 0000
FPR4=0000000000000000 0000 FPR5=0000000000000000 0000
FPR6=0000000000000000 0000 FPR7=0000000000000000 0000
YMM00=0000000000000000 0000000000000000 0000000000000000 0000000000000000
YMM01=0000000000000000 0000000000000000 0000000000000000 0000000000000000
YMM02=0000000000000000 0000000000000000 0000000000000000 0000000000000000
YMM03=0000000000000000 0000000000000000 0000000000000000 0000000000000000
YMM04=0000000000000000 0000000000000000 0000000000000000 0000000000000000
YMM05=0000000000000000 0000000000000000 0000000000000000 0000000000000000
YMM06=0000000000000000 0000000000000000 0000000000000000 0000000000000000
YMM07=0000000000000000 0000000000000000 0000000000000000 0000000000000000
YMM08=0000000000000000 0000000000000000 0000000000000000 0000000000000000
YMM09=0000000000000000 0000000000000000 0000000000000000 0000000000000000
YMM10=0000000000000000 0000000000000000 0000000000000000 0000000000000000
YMM11=0000000000000000 0000000000000000 0000000000000000 0000000000000000
YMM12=0000000000000000 0000000000000000 0000000000000000 0000000000000000
YMM13=0000000000000000 0000000000000000 0000000000000000 0000000000000000
YMM14=0000000000000000 0000000000000000 0000000000000000 0000000000000000
YMM15=0000000000000000 0000000000000000 0000000000000000 0000000000000000
info registers vcpu 1

CPU#1
RAX=0000000000000066 RBX=0000000000000000 RCX=0000000000000000 RDX=00000000000003f8
RSI=ffff88800c9a3bc0 RDI=ffffffff87c58600 RBP=ffffffff87c585c0 RSP=ffffc900001b8920
R8 =0000000000000000 R9 =ffffffff82d18b35 R10=0000000000000001 R11=ffff88800e6f0237
R12=0000000000000066 R13=0000000000000010 R14=0000000000000066 R15=0000000000000000
RIP=ffffffff82d18b8d RFL=00000002 [-------] CPL=0 II=0 A20=1 SMM=0 HLT=0
ES =0000 0000000000000000 00000000 00000000
CS =0010 0000000000000000 ffffffff 00a09b00 DPL=0 CS64 [-RA]
SS =0018 0000000000000000 ffffffff 00c09300 DPL=0 DS   [-WA]
DS =0000 0000000000000000 00000000 00000000
FS =0000 00007f24f90fe500 00000000 00000000
GS =0000 ffff8880e5b52000 00000000 00000000
LDT=0000 fffffe0000000000 00000000 00000000
TR =0040 fffffe000004a000 00004087 00008b00 DPL=0 TSS64-busy
GDT=     fffffe0000048000 0000007f
IDT=     fffffe0000000000 00000fff
CR0=80050033 CR2=00005593e173d130 CR3=000000000f716000 CR4=00350ef0
DR0=0000000000000000 DR1=0000000000000000 DR2=0000000000000000 DR3=0000000000000000 
DR6=00000000ffff0ff0 DR7=0000000000000400
EFER=0000000000000d01
FCW=037f FSW=0000 [ST=0] FTW=00 MXCSR=00001fa0
FPR0=0000000000000000 0000 FPR1=0000000000000000 0000
FPR2=0000000000000000 0000 FPR3=0000000000000000 0000
FPR4=0000000000000000 0000 FPR5=0000000000000000 0000
FPR6=0000000000000000 0000 FPR7=0000000000000000 0000
YMM00=0000000000000000 0000000000000000 0000000000000000 0000000000000000
YMM01=0000000000000000 0000000000000000 0000000000000000 3ff0000000000000
YMM02=0000000000000000 0000000000000000 0000000000000000 8000000000000000
YMM03=0000000000000000 0000000000000000 0000000000000000 8000000000000000
YMM04=0000000000000000 0000000000000000 59a1bdda060ae1be 1eea9e58b893bda9
YMM05=0000000000000000 0000000000000000 f7fb1a21215a0d90 6726c8e39bd2a43c
YMM06=0000000000000000 0000000000000000 0d4e4311c3776410 2e7d783c9ab201fd
YMM07=0000000000000000 0000000000000000 5689184d0ab02c5e 21643abbe3b2477c
YMM08=0000000000000000 0000000000000000 a95163929b88b885 c50b72546fe0b124
YMM09=0000000000000000 0000000000000000 00223e3068d3fc7d 15632bd9e420038a
YMM10=0000000000000000 0000000000000000 9833afda458a0cbb 7a72ff42b0782402
YMM11=0000000000000000 0000000000000000 ea1a43b8ed2b1c4c 2c5fd5f0dd07d97d
YMM12=0000000000000000 0000000000000000 331a4d60331a4d60 331a4d60331a4d60
YMM13=0000000000000000 0000000000000000 812c9e9e812c9e9e 812c9e9e812c9e9e
YMM14=0000000000000000 0000000000000000 92f5e52292f5e522 92f5e52292f5e522
YMM15=0000000000000000 0000000000000000 0000000000000000 0000000000000000
