Warning: Permanently added '[localhost]:10717' (ED25519) to the list of known hosts.
executing program
executing program
syzkaller login: [   54.604495] audit: type=1400 audit(1763755626.826:7): avc:  denied  { execmem } for  pid=254 comm="syz-executor247" scontext=system_u:system_r:kernel_t:s0 tcontext=system_u:system_r:kernel_t:s0 tclass=process permissive=1
[   54.609532] input: Macintosh mouse button emulation as /devices/virtual/input/input4
executing program
executing program
executing program
executing program
executing program
executing program
[   54.695528] Oops: general protection fault, probably for non-canonical address 0xdffffc00000000f0: 0000 [#1] SMP KASAN NOPTI
executing program
[   54.698455] KASAN: null-ptr-deref in range [0x0000000000000780-0x0000000000000787]
[   54.700635] CPU: 0 UID: 0 PID: 266 Comm: syz-executor247 Not tainted 6.18.0-rc2-00120-g6fab32bb6508 #1 PREEMPT(voluntary) 
[   54.704681] Hardware name: QEMU Ubuntu 24.04 PC (i440FX + PIIX, 1996), BIOS 1.16.3-debian-1.16.3-2 04/01/2014
[   54.707976] RIP: 0010:input_unregister_device+0x26/0x100
[   54.709881] Code: 90 90 90 90 f3 0f 1e fa 55 48 89 fd 53 e8 82 40 ec fd 48 8d bd 80 07 00 00 48 b8 00 00 00 00 00 fc ff df 48 89 fa 48 c1 ea 03 <0f> b6 04 02 84 c0 74 06 0f 8e ac 00 00 00 0f b6 9d 80 07 00 00 31
[   54.715044] RSP: 0018:ffff88810102fc20 EFLAGS: 00010216
[   54.716449] RAX: dffffc0000000000 RBX: ffffffff882f30e0 RCX: ffffffff84a352a7
[   54.718338] RDX: 00000000000000f0 RSI: ffff888102a08000 RDI: 0000000000000780
[   54.720216] RBP: 0000000000000000 R08: 0000000000000000 R09: ffffed1020205f67
[   54.722128] R10: ffffed1020205f66 R11: ffff88810102fb37 R12: 0000000000000000
[   54.724001] R13: 0000000000000001 R14: 0000000000000001 R15: ffff88810102fdf8
[   54.725909] FS:  000055558a1b5380(0000) GS:ffff888193696000(0000) knlGS:0000000000000000
[   54.728098] CS:  0010 DS: 0000 ES: 0000 CR0: 0000000080050033
[   54.729633] CR2: 00007f15a5720710 CR3: 0000000102d1b000 CR4: 0000000000350ef0
[   54.731547] Call Trace:
[   54.732211]  <TASK>
[   54.732834]  mac_hid_stop_emulation+0x1d/0x30
[   54.734082]  mac_hid_toggle_emumouse+0x1c8/0x640
[   54.735272]  proc_sys_call_handler+0x377/0x550
[   54.736274]  ? __pfx_proc_sys_call_handler+0x10/0x10
[   54.737351]  ? __pfx_rcu_read_lock_any_held+0x10/0x10
[   54.738409]  vfs_write+0xb9b/0x1190
[   54.739199]  ? __pfx_proc_sys_write+0x10/0x10
[   54.740172]  ? __pfx_vfs_write+0x10/0x10
[   54.741007]  ? write_comp_data+0x29/0x80
[   54.741920]  ksys_write+0x121/0x240
[   54.742791]  ? __pfx_ksys_write+0x10/0x10
[   54.743859]  ? write_comp_data+0x29/0x80
[   54.744928]  ? write_comp_data+0x29/0x80
[   54.745988]  do_syscall_64+0xc3/0x380
[   54.746993]  entry_SYSCALL_64_after_hwframe+0x77/0x7f
[   54.747769] RIP: 0033:0x7f15a56c9f04
[   54.748315] Code: 89 02 b8 ff ff ff ff eb ba e8 a8 13 00 00 0f 1f 84 00 00 00 00 00 f3 0f 1e fa 80 3d bd aa 09 00 00 74 13 b8 01 00 00 00 0f 05 <48> 3d 00 f0 ff ff 77 54 c3 0f 1f 00 55 48 89 e5 48 83 ec 20 48 89
[   54.751000] RSP: 002b:00007ffeea923548 EFLAGS: 00000202 ORIG_RAX: 0000000000000001
[   54.752191] RAX: ffffffffffffffda RBX: 0000000000000001 RCX: 00007f15a56c9f04
[   54.753213] RDX: 0000000000000001 RSI: 00007ffeea923550 RDI: 0000000000000003
[   54.754270] RBP: 0000000000000003 R08: 0000000000000064 R09: 0000000000000000
[   54.755323] R10: 0000000000000000 R11: 0000000000000202 R12: 0000000000000000
[   54.756387] R13: 00007ffeea923550 R14: 00007f15a575fcd0 R15: 0000000000000001
[   54.757427]  </TASK>
[   54.757791] Modules linked in:
[   54.758352] ---[ end trace 0000000000000000 ]---
[   54.759180] RIP: 0010:input_unregister_device+0x26/0x100
[   54.760036] Code: 90 90 90 90 f3 0f 1e fa 55 48 89 fd 53 e8 82 40 ec fd 48 8d bd 80 07 00 00 48 b8 00 00 00 00 00 fc ff df 48 89 fa 48 c1 ea 03 <0f> b6 04 02 84 c0 74 06 0f 8e ac 00 00 00 0f b6 9d 80 07 00 00 31
[   54.763647] RSP: 0018:ffff88810102fc20 EFLAGS: 00010216
[   54.764643] RAX: dffffc0000000000 RBX: ffffffff882f30e0 RCX: ffffffff84a352a7
[   54.765993] RDX: 00000000000000f0 RSI: ffff888102a08000 RDI: 0000000000000780
[   54.767472] RBP: 0000000000000000 R08: 0000000000000000 R09: ffffed1020205f67
[   54.768848] R10: ffffed1020205f66 R11: ffff88810102fb37 R12: 0000000000000000
[   54.770174] R13: 0000000000000001 R14: 0000000000000001 R15: ffff88810102fdf8
[   54.771531] FS:  000055558a1b5380(0000) GS:ffff888193696000(0000) knlGS:0000000000000000
[   54.773066] CS:  0010 DS: 0000 ES: 0000 CR0: 0000000080050033
[   54.774268] CR2: 00007f15a5720710 CR3: 0000000102d1b000 CR4: 0000000000350ef0
executing program
executing program
[   59.616800] ==================================================================
[   59.619141] BUG: KASAN: slab-use-after-free in __mutex_lock+0x1e25/0x25b0
[   59.620980] Read of size 4 at addr ffff888102a08034 by task syz-executor247/275
[   59.622918] 
[   59.623376] CPU: 1 UID: 0 PID: 275 Comm: syz-executor247 Tainted: G      D             6.18.0-rc2-00120-g6fab32bb6508 #1 PREEMPT(voluntary) 
[   59.623438] Tainted: [D]=DIE
[   59.623451] Hardware name: QEMU Ubuntu 24.04 PC (i440FX + PIIX, 1996), BIOS 1.16.3-debian-1.16.3-2 04/01/2014
[   59.623476] Call Trace:
[   59.623488]  <TASK>
[   59.623503]  dump_stack_lvl+0xca/0x120
[   59.623565]  print_report+0xcf/0x610
[   59.623625]  ? __virt_addr_valid+0x100/0x5d0
[   59.623674]  ? __mutex_lock+0x1e25/0x25b0
[   59.623714]  kasan_report+0x96/0xd0
[   59.623776]  ? __mutex_lock+0x1e25/0x25b0
[   59.623821]  __mutex_lock+0x1e25/0x25b0
[   59.623860]  ? putname.part.0+0x11b/0x160
[   59.623914]  ? lock_acquire+0x18b/0x2d0
[   59.623974]  ? mac_hid_toggle_emumouse+0x8a/0x640
[   59.624035]  ? lock_release+0x1c7/0x290
[   59.624094]  ? __might_fault+0xe0/0x190
[   59.624141]  ? __pfx___mutex_lock+0x10/0x10
[   59.624180]  ? write_comp_data+0x29/0x80
[   59.624240]  ? _copy_from_iter+0x14b/0x1740
[   59.624300]  ? lock_acquire+0x18b/0x2d0
[   59.624359]  ? __pfx__copy_from_iter+0x10/0x10
[   59.624416]  ? lock_release+0x1c7/0x290
[   59.624474]  ? write_comp_data+0x29/0x80
[   59.624542]  ? write_comp_data+0x29/0x80
[   59.624602]  ? mac_hid_toggle_emumouse+0x8a/0x640
[   59.624660]  mac_hid_toggle_emumouse+0x8a/0x640
[   59.624721]  proc_sys_call_handler+0x377/0x550
[   59.624764]  ? __pfx_proc_sys_call_handler+0x10/0x10
[   59.624804]  ? lock_acquire+0x18b/0x2d0
[   59.624862]  ? __sanitizer_cov_trace_pc+0x20/0x50
[   59.624922]  ? security_file_permission+0x26/0x90
[   59.624960]  ? __sanitizer_cov_trace_pc+0x20/0x50
[   59.625023]  vfs_write+0xb9b/0x1190
[   59.625064]  ? __pfx_proc_sys_write+0x10/0x10
[   59.625104]  ? __pfx_vfs_write+0x10/0x10
[   59.625155]  ? write_comp_data+0x29/0x80
[   59.625218]  ksys_write+0x121/0x240
[   59.625258]  ? __pfx_ksys_write+0x10/0x10
[   59.625300]  ? write_comp_data+0x29/0x80
[   59.625357]  ? write_comp_data+0x29/0x80
[   59.625417]  do_syscall_64+0xc3/0x380
[   59.625467]  entry_SYSCALL_64_after_hwframe+0x77/0x7f
[   59.625509] RIP: 0033:0x7f15a56c9f04
[   59.625550] Code: 89 02 b8 ff ff ff ff eb ba e8 a8 13 00 00 0f 1f 84 00 00 00 00 00 f3 0f 1e fa 80 3d bd aa 09 00 00 74 13 b8 01 00 00 00 0f 05 <48> 3d 00 f0 ff ff 77 54 c3 0f 1f 00 55 48 89 e5 48 83 ec 20 48 89
[   59.625590] RSP: 002b:00007ffeea923548 EFLAGS: 00000202 ORIG_RAX: 0000000000000001
[   59.625627] RAX: ffffffffffffffda RBX: 0000000000000001 RCX: 00007f15a56c9f04
[   59.625653] RDX: 0000000000000001 RSI: 00007ffeea923550 RDI: 0000000000000003
[   59.625678] RBP: 0000000000000003 R08: 0000000000000064 R09: 0000000000000000
[   59.625703] R10: 0000000000000000 R11: 0000000000000202 R12: 0000000000000001
[   59.625727] R13: 00007ffeea923550 R14: 00007f15a575fcd0 R15: 0000000000000001
[   59.625763]  </TASK>
[   59.625776] 
[   59.677148] Allocated by task 264:
[   59.677561]  kasan_save_stack+0x24/0x50
[   59.678021]  kasan_save_track+0x14/0x30
[   59.678497]  __kasan_slab_alloc+0x59/0x70
[   59.678989]  kmem_cache_alloc_node_noprof+0x1f0/0x6f0
[   59.679648]  copy_process+0x472/0x7460
[   59.680116]  kernel_clone+0xea/0xe30
[   59.680590]  __do_sys_clone+0xce/0x120
[   59.681039]  do_syscall_64+0xc3/0x380
[   59.681681]  entry_SYSCALL_64_after_hwframe+0x77/0x7f
[   59.682263] 
[   59.682458] Freed by task 58:
[   59.682820]  kasan_save_stack+0x24/0x50
[   59.683284]  kasan_save_track+0x14/0x30
[   59.683756]  __kasan_save_free_info+0x3a/0x60
[   59.684269]  __kasan_slab_free+0x43/0x70
[   59.684757]  kmem_cache_free+0x31d/0x630
[   59.685220]  rcu_core+0x9fc/0x2280
[   59.685654]  handle_softirqs+0x19b/0x740
[   59.686118]  irq_exit_rcu+0xd6/0x110
[   59.686568]  sysvec_apic_timer_interrupt+0x70/0x80
[   59.687145]  asm_sysvec_apic_timer_interrupt+0x1a/0x20
[   59.687750] 
[   59.687951] Last potentially related work creation:
[   59.688506]  kasan_save_stack+0x24/0x50
[   59.688978]  kasan_record_aux_stack+0x89/0xa0
[   59.689490]  __call_rcu_common.constprop.0+0x70/0xae0
[   59.690108]  delayed_put_task_struct+0x1bb/0x260
[   59.690736]  rcu_core+0x9fc/0x2280
[   59.691187]  handle_softirqs+0x19b/0x740
[   59.691666]  irq_exit_rcu+0xd6/0x110
[   59.692094]  sysvec_apic_timer_interrupt+0x70/0x80
[   59.692658]  asm_sysvec_apic_timer_interrupt+0x1a/0x20
[   59.693251] 
[   59.693445] Second to last potentially related work creation:
[   59.694120]  kasan_save_stack+0x24/0x50
[   59.694590]  kasan_record_aux_stack+0x89/0xa0
[   59.695111]  __call_rcu_common.constprop.0+0x70/0xae0
[   59.695730]  put_task_struct_rcu_user+0x75/0xc0
[   59.696325]  release_task+0x1057/0x1ae0
[   59.696813]  wait_consider_task+0x2d31/0x3a20
[   59.697539]  __do_wait+0x21e/0x8f0
[   59.697962]  do_wait+0x1e9/0x560
[   59.698372]  kernel_wait4+0x14e/0x260
[   59.698838]  __do_sys_wait4+0x149/0x160
[   59.699312]  do_syscall_64+0xc3/0x380
[   59.699776]  entry_SYSCALL_64_after_hwframe+0x77/0x7f
[   59.700378] 
[   59.700588] The buggy address belongs to the object at ffff888102a08000
[   59.700588]  which belongs to the cache task_struct of size 6784
[   59.702000] The buggy address is located 52 bytes inside of
[   59.702000]  freed 6784-byte region [ffff888102a08000, ffff888102a09a80)
[   59.703372] 
[   59.703586] The buggy address belongs to the physical page:
[   59.704249] page: refcount:0 mapcount:0 mapping:0000000000000000 index:0x0 pfn:0x102a08
[   59.705174] head: order:3 mapcount:0 entire_mapcount:0 nr_pages_mapped:0 pincount:0
[   59.706114] memcg:ffff8881077825c1
[   59.706556] flags: 0x200000000000040(head|node=0|zone=2)
[   59.707177] page_type: f5(slab)
[   59.707581] raw: 0200000000000040 ffff8881001d2000 dead000000000122 0000000000000000
[   59.708510] raw: 0000000000000000 0000000080040004 00000000f5000000 ffff8881077825c1
[   59.709517] head: 0200000000000040 ffff8881001d2000 dead000000000122 0000000000000000
[   59.710450] head: 0000000000000000 0000000080040004 00000000f5000000 ffff8881077825c1
[   59.711426] head: 0200000000000003 ffffea00040a8201 00000000ffffffff 00000000ffffffff
[   59.712370] head: 0000000000000000 0000000000000000 00000000ffffffff 0000000000000008
[   59.713299] page dumped because: kasan: bad access detected
[   59.713976] 
[   59.714182] Memory state around the buggy address:
[   59.714784]  ffff888102a07f00: 00 00 00 00 00 00 00 00 00 00 00 00 00 00 00 00
[   59.715666]  ffff888102a07f80: 00 00 00 00 00 00 00 00 00 00 00 00 00 00 00 00
[   59.716549] >ffff888102a08000: fa fb fb fb fb fb fb fb fb fb fb fb fb fb fb fb
[   59.717569]                                      ^
[   59.718226]  ffff888102a08080: fb fb fb fb fb fb fb fb fb fb fb fb fb fb fb fb
[   59.719072]  ffff888102a08100: fb fb fb fb fb fb fb fb fb fb fb fb fb fb fb fb
[   59.719903] ==================================================================
executing program
executing program
executing program
executing program
executing program
executing program
executing program
executing program

VM DIAGNOSIS:
04:07:07  Registers:
info registers vcpu 0

CPU#0
RAX=0000000000000054 RBX=0000000000000000 RCX=0000000000000000 RDX=00000000000003f8
RSI=ffff888102a08000 RDI=ffffffff882dff60 RBP=ffffffff882dff20 RSP=ffff88810102f550
R8 =0000000000000000 R9 =ffffed10206d7047 R10=ffffed10206d7046 R11=ffff8881036b8237
R12=0000000000000054 R13=0000000000000010 R14=0000000000000054 R15=0000000000000000
RIP=ffffffff8292e7ad RFL=00000002 [-------] CPL=0 II=0 A20=1 SMM=0 HLT=0
ES =0000 0000000000000000 00000000 00000000
CS =0010 0000000000000000 ffffffff 00a09b00 DPL=0 CS64 [-RA]
SS =0018 0000000000000000 ffffffff 00c09300 DPL=0 DS   [-WA]
DS =0000 0000000000000000 00000000 00000000
FS =0000 000055558a1b5380 00000000 00000000
GS =0000 ffff888193696000 00000000 00000000
LDT=0000 fffffe0000000000 00000000 00000000
TR =0040 fffffe0000003000 00004087 00008b00 DPL=0 TSS64-busy
GDT=     fffffe0000001000 0000007f
IDT=     fffffe0000000000 00000fff
CR0=80050033 CR2=00007f15a5720710 CR3=0000000102d1b000 CR4=00350ef0
DR0=0000000000000000 DR1=0000000000000000 DR2=0000000000000000 DR3=0000000000000000 
DR6=00000000ffff0ff0 DR7=0000000000000400
EFER=0000000000000d01
FCW=037f FSW=0000 [ST=0] FTW=00 MXCSR=00001f80
FPR0=0000000000000000 0000 FPR1=0000000000000000 0000
FPR2=0000000000000000 0000 FPR3=0000000000000000 0000
FPR4=0000000000000000 0000 FPR5=0000000000000000 0000
FPR6=0000000000000000 0000 FPR7=0000000000000000 0000
YMM00=0000000000000000 0000000000000000 2525252525252525 2525252525252525
YMM01=0000000000000000 0000000000000000 0000000000000000 0000000000000000
YMM02=0000000000000000 0000000000000000 0000000000000000 0000ff00000000ff
YMM03=0000000000000000 0000000000000000 0000000000000000 0000ff00000000ff
YMM04=0000000000000000 0000000000000000 00007f15a57527a0 00007f15a5764b60
YMM05=0000000000000000 0000000000000000 0000000000000001 0000000000000001
YMM06=0000000000000000 0000000000000000 0000000000000000 0000000000000000
YMM07=0000000000000000 0000000000000000 2f2f2f2f2f2f2f2f 2f2f2f2f2f2f2f2f
YMM08=0000000000000000 0000000000000000 0000000000000000 0000000000000000
YMM09=0000000000000000 0000000000000000 0000000000000000 0000000000000000
YMM10=0000000000000000 0000000000000000 0000000000000000 0000000000000000
YMM11=0000000000000000 0000000000000000 0000000000000000 0000000000000000
YMM12=0000000000000000 0000000000000000 0000000000000000 0000000000000000
YMM13=0000000000000000 0000000000000000 0000000000000000 0000000000000000
YMM14=0000000000000000 0000000000000000 0000000000000000 0000000000000000
YMM15=0000000000000000 0000000000000000 0000000000000000 0000000000000000
info registers vcpu 1

CPU#1
RAX=0000000000080001 RBX=ffff888102a08000 RCX=0000000000000000 RDX=0000000000000000
RSI=0000000000000008 RDI=ffff888102a08014 RBP=ffffffff86085d60 RSP=ffff88811062fa60
R8 =0000000000000000 R9 =fffffbfff0c10bad R10=fffffbfff0c10bac R11=ffffffff86085d67
R12=dffffc0000000000 R13=ffffed10206076e0 R14=ffff88810303b700 R15=0000000000000000
RIP=ffffffff8150bcda RFL=00000246 [---Z-P-] CPL=0 II=0 A20=1 SMM=0 HLT=0
ES =0000 0000000000000000 00000000 00000000
CS =0010 0000000000000000 ffffffff 00a09b00 DPL=0 CS64 [-RA]
SS =0018 0000000000000000 ffffffff 00c09300 DPL=0 DS   [-WA]
DS =0000 0000000000000000 00000000 00000000
FS =0000 000055558a1b5380 00000000 00000000
GS =0000 ffff888193716000 00000000 00000000
LDT=0000 fffffe0000000000 00000000 00000000
TR =0040 fffffe000004a000 00004087 00008b00 DPL=0 TSS64-busy
GDT=     fffffe0000048000 0000007f
IDT=     fffffe0000000000 00000fff
CR0=80050033 CR2=000055d103724a78 CR3=000000010f0e5000 CR4=00350ef0
DR0=0000000000000000 DR1=0000000000000000 DR2=0000000000000000 DR3=0000000000000000 
DR6=00000000ffff0ff0 DR7=0000000000000400
EFER=0000000000000d01
FCW=037f FSW=0000 [ST=0] FTW=00 MXCSR=00001f80
FPR0=0000000000000000 0000 FPR1=0000000000000000 0000
FPR2=0000000000000000 0000 FPR3=0000000000000000 0000
FPR4=0000000000000000 0000 FPR5=0000000000000000 0000
FPR6=0000000000000000 0000 FPR7=0000000000000000 0000
YMM00=0000000000000000 0000000000000000 00007f15a576afe0 00007f15a576afe0
YMM01=0000000000000000 0000000000000000 00007f15a576afd0 00007f15a576afd0
YMM02=0000000000000000 0000000000000000 00007f15a576b9e0 00007f15a575fcb8
YMM03=0000000000000000 0000000000000000 00007f15a57527a0 00007f15a5764b60
YMM04=0000000000000000 0000000000000000 00007f15a57527a0 00007f15a5764b60
YMM05=0000000000000000 0000000000000000 0000000000000001 0000000000000001
YMM06=0000000000000000 0000000000000000 0000000000000000 0000000000000000
YMM07=0000000000000000 0000000000000000 2f2f2f2f2f2f2f2f 2f2f2f2f2f2f2f2f
YMM08=0000000000000000 0000000000000000 0000000000000000 0000000000000000
YMM09=0000000000000000 0000000000000000 0000000000000000 0000000000000000
YMM10=0000000000000000 0000000000000000 0000000000000000 0000000000000000
YMM11=0000000000000000 0000000000000000 0000000000000000 0000000000000000
YMM12=0000000000000000 0000000000000000 0000000000000000 0000000000000000
YMM13=0000000000000000 0000000000000000 0000000000000000 0000000000000000
YMM14=0000000000000000 0000000000000000 0000000000000000 0000000000000000
YMM15=0000000000000000 0000000000000000 0000000000000000 0000000000000000
info registers vcpu 2

CPU#2
RAX=ffff888193796000 RBX=0000000000000002 RCX=ffffffff84a230c7 RDX=0000000000000001
RSI=0000000000000004 RDI=ffffffff814c5f76 RBP=dffffc0000000000 RSP=ffff8881003efe60
R8 =0000000000000000 R9 =ffffed10235e630b R10=ffffed10235e630a R11=ffff88811af31853
R12=ffffffff8640de50 R13=1ffff1102007dfd2 R14=0000000000000000 R15=0000000000000000
RIP=ffffffff84a21dae RFL=00000246 [---Z-P-] CPL=0 II=0 A20=1 SMM=0 HLT=1
ES =0000 0000000000000000 00000000 00000000
CS =0010 0000000000000000 ffffffff 00a09b00 DPL=0 CS64 [-RA]
SS =0018 0000000000000000 ffffffff 00c09300 DPL=0 DS   [-WA]
DS =0000 0000000000000000 00000000 00000000
FS =0000 0000000000000000 00000000 00000000
GS =0000 ffff888193796000 00000000 00000000
LDT=0000 fffffe0000000000 00000000 00000000
TR =0040 fffffe0000091000 00004087 00008b00 DPL=0 TSS64-busy
GDT=     fffffe000008f000 0000007f
IDT=     fffffe0000000000 00000fff
CR0=80050033 CR2=00007ffeea9234e8 CR3=0000000114dbe000 CR4=00350ef0
DR0=0000000000000000 DR1=0000000000000000 DR2=0000000000000000 DR3=0000000000000000 
DR6=00000000ffff0ff0 DR7=0000000000000400
EFER=0000000000000d01
FCW=037f FSW=0000 [ST=0] FTW=00 MXCSR=00001f80
FPR0=0000000000000000 0000 FPR1=0000000000000000 0000
FPR2=0000000000000000 0000 FPR3=0000000000000000 0000
FPR4=0000000000000000 0000 FPR5=0000000000000000 0000
FPR6=0000000000000000 0000 FPR7=0000000000000000 0000
YMM00=0000000000000000 0000000000000000 00007f15a576afe0 00007f15a576afe0
YMM01=0000000000000000 0000000000000000 00007f15a576afd0 00007f15a576afd0
YMM02=0000000000000000 0000000000000000 00007f15a576b9e0 00007f15a575fcb8
YMM03=0000000000000000 0000000000000000 00007f15a57527a0 00007f15a5764b60
YMM04=0000000000000000 0000000000000000 00007f15a57527a0 00007f15a5764b60
YMM05=0000000000000000 0000000000000000 0000000000000001 0000000000000001
YMM06=0000000000000000 0000000000000000 0000000000000000 0000000000000000
YMM07=0000000000000000 0000000000000000 2f2f2f2f2f2f2f2f 2f2f2f2f2f2f2f2f
YMM08=0000000000000000 0000000000000000 0000000000000000 0000000000000000
YMM09=0000000000000000 0000000000000000 0000000000000000 0000000000000000
YMM10=0000000000000000 0000000000000000 0000000000000000 0000000000000000
YMM11=0000000000000000 0000000000000000 0000000000000000 0000000000000000
YMM12=0000000000000000 0000000000000000 0000000000000000 0000000000000000
YMM13=0000000000000000 0000000000000000 0000000000000000 0000000000000000
YMM14=0000000000000000 0000000000000000 0000000000000000 0000000000000000
YMM15=0000000000000000 0000000000000000 0000000000000000 0000000000000000
info registers vcpu 3

CPU#3
RAX=ffff888193816000 RBX=0000000000000003 RCX=ffffffff84a230c7 RDX=0000000000000001
RSI=0000000000000004 RDI=ffffffff814c5f76 RBP=dffffc0000000000 RSP=ffff8881003ffe60
R8 =0000000000000000 R9 =ffffed10235f630b R10=ffffed10235f630a R11=ffff88811afb1853
R12=ffffffff8640de50 R13=1ffff1102007ffd2 R14=0000000000000000 R15=0000000000000000
RIP=ffffffff84a21dae RFL=00000246 [---Z-P-] CPL=0 II=0 A20=1 SMM=0 HLT=1
ES =0000 0000000000000000 00000000 00000000
CS =0010 0000000000000000 ffffffff 00a09b00 DPL=0 CS64 [-RA]
SS =0018 0000000000000000 ffffffff 00c09300 DPL=0 DS   [-WA]
DS =0000 0000000000000000 00000000 00000000
FS =0000 0000000000000000 00000000 00000000
GS =0000 ffff888193816000 00000000 00000000
LDT=0000 fffffe0000000000 00000000 00000000
TR =0040 fffffe00000d8000 00004087 00008b00 DPL=0 TSS64-busy
GDT=     fffffe00000d6000 0000007f
IDT=     fffffe0000000000 00000fff
CR0=80050033 CR2=000055d1037106f0 CR3=0000000109c7b000 CR4=00350ef0
DR0=0000000000000000 DR1=0000000000000000 DR2=0000000000000000 DR3=0000000000000000 
DR6=00000000ffff0ff0 DR7=0000000000000400
EFER=0000000000000d01
FCW=037f FSW=0000 [ST=0] FTW=00 MXCSR=00001f80
FPR0=0000000000000000 0000 FPR1=0000000000000000 0000
FPR2=0000000000000000 0000 FPR3=0000000000000000 0000
FPR4=0000000000000000 0000 FPR5=0000000000000000 0000
FPR6=0000000000000000 0000 FPR7=0000000000000000 0000
YMM00=0000000000000000 0000000000000000 00007f15a576afe0 00007f15a576afe0
YMM01=0000000000000000 0000000000000000 00007f15a576afd0 00007f15a576afd0
YMM02=0000000000000000 0000000000000000 00007f15a576b9e0 00007f15a575fcb8
YMM03=0000000000000000 0000000000000000 00007f15a57527a0 00007f15a5764b60
YMM04=0000000000000000 0000000000000000 00007f15a57527a0 00007f15a5764b60
YMM05=0000000000000000 0000000000000000 0000000000000001 0000000000000001
YMM06=0000000000000000 0000000000000000 0000000000000000 0000000000000000
YMM07=0000000000000000 0000000000000000 2f2f2f2f2f2f2f2f 2f2f2f2f2f2f2f2f
YMM08=0000000000000000 0000000000000000 0000000000000000 0000000000000000
YMM09=0000000000000000 0000000000000000 0000000000000000 0000000000000000
YMM10=0000000000000000 0000000000000000 0000000000000000 0000000000000000
YMM11=0000000000000000 0000000000000000 0000000000000000 0000000000000000
YMM12=0000000000000000 0000000000000000 0000000000000000 0000000000000000
YMM13=0000000000000000 0000000000000000 0000000000000000 0000000000000000
YMM14=0000000000000000 0000000000000000 0000000000000000 0000000000000000
YMM15=0000000000000000 0000000000000000 0000000000000000 0000000000000000
