Warning: Permanently added '[localhost]:13462' (ED25519) to the list of known hosts.
executing program
syzkaller login: [  178.826727] audit: type=1400 audit(1770528419.953:7): avc:  denied  { execmem } for  pid=257 comm="syz-executor182" scontext=system_u:system_r:kernel_t:s0 tcontext=system_u:system_r:kernel_t:s0 tclass=process permissive=1
[  431.698822] INFO: task syz-executor182:260 blocked for more than 143 seconds.
[  431.702402]       Not tainted 6.19.0-rc8 #2
[  431.704391] "echo 0 > /proc/sys/kernel/hung_task_timeout_secs" disables this message.
[  431.711155] task:syz-executor182 state:D stack:28872 pid:260   tgid:258   ppid:257    task_flags:0x400640 flags:0x00080002
[  431.718779] Call Trace:
[  431.720034]  <TASK>
[  431.721181]  __schedule+0x11ac/0x3f90
[  431.723108]  ? __pfx___schedule+0x10/0x10
[  431.725116]  ? find_held_lock+0x2b/0x80
[  431.727084]  ? schedule+0x1da/0x260
[  431.728888]  ? lock_release+0xc8/0x270
[  431.730785]  schedule+0xd1/0x260
[  431.732456]  schedule_timeout+0x244/0x280
[  431.734467]  ? __pfx_schedule_timeout+0x10/0x10
[  431.736716]  ? find_held_lock+0x2b/0x80
[  431.738691]  ? wait_for_completion_state+0x2cb/0x460
[  431.741160]  ? lock_release+0xc8/0x270
[  431.743110]  ? lockdep_hardirqs_on_prepare+0xdb/0x190
[  431.745421]  ? _raw_spin_unlock_irq+0x23/0x40
[  431.746999]  wait_for_completion_state+0x2d3/0x460
[  431.748771]  ? __pfx_wait_for_completion_state+0x10/0x10
[  431.750703]  ? vfs_coredump+0x76e/0x3f60
[  431.752169]  ? lock_release+0xc8/0x270
[  431.753640]  vfs_coredump+0x8b5/0x3f60
[  431.755116]  ? __pfx_vfs_coredump+0x10/0x10
[  431.756326]  ? lock_acquire+0x15d/0x2b0
[  431.757114]  ? find_held_lock+0x2b/0x80
[  431.757896]  ? stack_depot_save_flags+0x435/0xa00
[  431.758852]  ? lock_release+0xc8/0x270
[  431.759593]  ? do_raw_spin_unlock+0x53/0x250
[  431.760449]  ? _raw_spin_unlock_irqrestore+0x22/0x50
[  431.761422]  ? stack_depot_save_flags+0x435/0xa00
[  431.762375]  ? get_signal+0xca5/0x24a0
[  431.763140]  ? arch_do_signal_or_restart+0x80/0x890
[  431.764116]  ? exit_to_user_mode_loop+0xaf/0x520
[  431.765038]  ? do_syscall_64+0x390/0x430
[  431.765849]  ? lock_acquire+0x15d/0x2b0
[  431.766589]  ? lock_acquire+0x15d/0x2b0
[  431.767378]  ? __memcg_slab_free_hook+0x2a7/0x540
[  431.768333]  ? find_held_lock+0x2b/0x80
[  431.769232]  ? __memcg_slab_free_hook+0xf7/0x540
[  431.770220]  ? lock_release+0xc8/0x270
[  431.771020]  ? write_comp_data+0x29/0x80
[  431.771833]  ? __sanitizer_cov_trace_pc+0x20/0x50
[  431.772780]  ? proc_coredump_connector+0x499/0x8c0
[  431.773753]  ? __pfx_proc_coredump_connector+0x10/0x10
[  431.774776]  ? kmem_cache_free+0x2d1/0x670
[  431.775567]  ? find_held_lock+0x2b/0x80
[  431.776350]  ? get_signal+0x1b57/0x24a0
[  431.777126]  ? lock_release+0xc8/0x270
[  431.777907]  get_signal+0x1998/0x24a0
[  431.778676]  ? __pfx_get_signal+0x10/0x10
[  431.779466]  ? __pfx_complete_signal+0x10/0x10
[  431.780349]  ? kmem_cache_alloc_noprof+0x45f/0x730
[  431.781309]  arch_do_signal_or_restart+0x80/0x890
[  431.782240]  ? __pfx_arch_do_signal_or_restart+0x10/0x10
[  431.783298]  ? lock_release+0xc8/0x270
[  431.784053]  ? __send_signal_locked+0x17e/0x1250
[  431.784983]  ? force_sig_info_to_task+0x363/0x440
[  431.785926]  exit_to_user_mode_loop+0xaf/0x520
[  431.786832]  do_syscall_64+0x390/0x430
[  431.787564]  entry_SYSCALL_64_after_hwframe+0x77/0x7f
[  431.788545] RIP: 0033:0x7f2f926656fd
[  431.789255] RSP: 002b:00007f2f9261c208 EFLAGS: 00000246 ORIG_RAX: 00000000000000ca
[  431.790809] RAX: 00000000000000ca RBX: 00007f2f92719a70 RCX: 00007f2f926656fd
[  431.792337] RDX: 00000000000f4240 RSI: 0000000000000081 RDI: 00007f2f92719a7c
[  431.793834] RBP: 00007f2f926e7098 R08: 0000000000000000 R09: 0000000000000000
[  431.795362] R10: 0000000000000000 R11: 0000000000000246 R12: 00007f2f92719a78
[  431.796879] R13: 00007f2f92719a7c R14: 33921e5989711fe9 R15: 00007f2f926e7028
[  431.798403]  </TASK>
[  431.798944] 
[  431.798944] Showing all locks held in the system:
[  431.800355] 1 lock held by khungtaskd/40:
[  431.801234]  #0: ffffffff85c227a0 (rcu_read_lock){....}-{1:3}, at: debug_show_all_locks+0x36/0x1c0
[  431.803174] 1 lock held by in:imklog/171:
[  431.803989]  #0: ffff88810a1e8478 (&f->f_pos_lock){+.+.}-{4:4}, at: fdget_pos+0x2a4/0x370
[  431.805744] 
[  431.806100] =============================================
[  431.806100] 

VM DIAGNOSIS:
13:31:13  Registers:
info registers vcpu 0

CPU#0
RAX=0000000000000001 RBX=0000000000000001 RCX=ffffffff825e0bfa RDX=000000000001c060
RSI=ffff88810c2a9bc0 RDI=0000000000000002 RBP=ffff888103bf0180 RSP=ffff88810c34f0f0
R8 =000000e29396bb00 R9 =fffffbfff0c8590b R10=fffffbfff0c8590a R11=ffffffff8642c857
R12=000000000001c060 R13=ffff888103bf01a0 R14=ffff888103bf0008 R15=ffff888103bf2680
RIP=ffffffff825e0c0e RFL=00000046 [---Z-P-] CPL=0 II=0 A20=1 SMM=0 HLT=0
ES =0000 0000000000000000 00000000 00000000
CS =0010 0000000000000000 ffffffff 00a09b00 DPL=0 CS64 [-RA]
SS =0018 0000000000000000 ffffffff 00c09300 DPL=0 DS   [-WA]
DS =0000 0000000000000000 00000000 00000000
FS =0000 00007f7aef985900 00000000 00000000
GS =0000 ffff88819363f000 00000000 00000000
LDT=0000 fffffe0000000000 00000000 00000000
TR =0040 fffffe0000003000 00004087 00008b00 DPL=0 TSS64-busy
GDT=     fffffe0000001000 0000007f
IDT=     fffffe0000000000 00000fff
CR0=80050033 CR2=00007f7af0351010 CR3=0000000107460000 CR4=00350ef0
DR0=0000000000000000 DR1=0000000000000000 DR2=0000000000000000 DR3=0000000000000000 
DR6=00000000ffff0ff0 DR7=0000000000000400
EFER=0000000000000d01
FCW=037f FSW=0000 [ST=0] FTW=00 MXCSR=00001f80
FPR0=0000000000000000 0000 FPR1=0000000000000000 0000
FPR2=0000000000000000 0000 FPR3=0000000000000000 0000
FPR4=0000000000000000 0000 FPR5=0000000000000000 0000
FPR6=0000000000000000 0000 FPR7=0000000000000000 0000
YMM00=0000000000000000 0000000000000000 ffffffffffffffff ffffffffffffffff
YMM01=0000000000000000 0000000000000000 6462386634373839 3737656335326263
YMM02=0000000000000000 0000000000000000 3564623866343738 3937376563353262
YMM03=0000000000000000 0000000000000000 2f6c616e72756f6a 2f676f6c2f6e7572
YMM04=0000000000000000 0000000000000000 2ff2ab26ca6a7840 000000000012cfe8
YMM05=0000000000000000 0000000000000000 fc930a8ee17b27c3 00000000000aea18
YMM06=0000000000000000 0000000000000000 8ca0b852b1c7c8e1 00000000000ae7b8
YMM07=0000000000000000 0000000000000000 0000000000000000 0000000000000000
YMM08=0000000000000000 0000000000000000 44495f474f4c5359 530069253d595449
YMM09=0000000000000000 0000000000000000 0000000000000000 0000000000000000
YMM10=0000000000000000 0000000000000000 2020000000002020 2020202020200000
YMM11=0000000000000000 0000000000000000 0000000000000000 0000000000000000
YMM12=0000000000000000 0000000000000000 0000000000000000 0000000000000000
YMM13=0000000000000000 0000000000000000 0000000000000000 0000000000000000
YMM14=0000000000000000 0000000000000000 0000000000000000 0000000000000000
YMM15=0000000000000000 0000000000000000 0000000000000000 0000000000000000
info registers vcpu 1

CPU#1
RAX=dffffc0000000060 RBX=0000000000000005 RCX=0000000000000000 RDX=00000000000003fd
RSI=ffff888100a70000 RDI=ffffffff883385c0 RBP=ffffffff88338580 RSP=ffff888100a7f838
R8 =0000000000000000 R9 =ffffed10206cd047 R10=ffffed10206cd046 R11=ffff888103668237
R12=0000000000000823 R13=0000000000000020 R14=fffffbfff106710a R15=dffffc0000000000
RIP=ffffffff82970615 RFL=00000002 [-------] CPL=0 II=0 A20=1 SMM=0 HLT=0
ES =0000 0000000000000000 00000000 00000000
CS =0010 0000000000000000 ffffffff 00a09b00 DPL=0 CS64 [-RA]
SS =0018 0000000000000000 ffffffff 00c09300 DPL=0 DS   [-WA]
DS =0000 0000000000000000 00000000 00000000
FS =0000 0000000000000000 00000000 00000000
GS =0000 ffff8881936bf000 00000000 00000000
LDT=0000 fffffe0000000000 00000000 00000000
TR =0040 fffffe000004a000 00004087 00008b00 DPL=0 TSS64-busy
GDT=     fffffe0000048000 0000007f
IDT=     fffffe0000000000 00000fff
CR0=80050033 CR2=00007f7af0351010 CR3=000000010450f000 CR4=00350ef0
DR0=0000000000000000 DR1=0000000000000000 DR2=0000000000000000 DR3=0000000000000000 
DR6=00000000ffff0ff0 DR7=0000000000000400
EFER=0000000000000d01
FCW=037f FSW=0000 [ST=0] FTW=00 MXCSR=00001f80
FPR0=0000000000000000 0000 FPR1=0000000000000000 0000
FPR2=0000000000000000 0000 FPR3=0000000000000000 0000
FPR4=0000000000000000 0000 FPR5=0000000000000000 0000
FPR6=0000000000000000 0000 FPR7=0000000000000000 0000
YMM00=0000000000000000 0000000000000000 0000000000000000 0000000000000000
YMM01=0000000000000000 0000000000000000 0000000000ff0000 0000000000000000
YMM02=0000000000000000 0000000000000000 000000ff00000000 0000000000000000
YMM03=0000000000000000 0000000000000000 79732f6563696c73 2e6d65747379732f
YMM04=0000000000000000 0000000000000000 0000000000000000 0000000000000002
YMM05=0000000000000000 0000000000000000 0000000000000000 0000000000000000
YMM06=0000000000000000 0000000000000000 0000000000000000 0000000000000000
YMM07=0000000000000000 0000000000000000 0000000000000000 0000000000000000
YMM08=0000000000000000 0000000000000000 3e2d73004c414954 494e495f544e4556
YMM09=0000000000000000 0000000000000000 0000000000000000 0000000000000000
YMM10=0000000000000000 0000000000000000 0000000020000000 0000000020000000
YMM11=0000000000000000 0000000000000000 0000000000000000 0000000000000000
YMM12=0000000000000000 0000000000000000 0000000000000000 0000000000000000
YMM13=0000000000000000 0000000000000000 0000000000000000 0000000000000000
YMM14=0000000000000000 0000000000000000 0000000000000000 0000000000000000
YMM15=0000000000000000 0000000000000000 0000000000000000 0000000000000000
info registers vcpu 2

CPU#2
RAX=0000000000000000 RBX=0000000000000000 RCX=ffffffff8156b63d RDX=0000000000000000
RSI=0000000000000001 RDI=ffff88810019a000 RBP=ffff88810019a000 RSP=ffff88811af08f20
R8 =0000000000000000 R9 =fffffbfff0c8590b R10=fffffbfff0c8590a R11=ffffffff8642c857
R12=0000000000000001 R13=ffff88810019a038 R14=0000000000000000 R15=ffff88810019a038
RIP=ffffffff815773d4 RFL=00000046 [---Z-P-] CPL=0 II=0 A20=1 SMM=0 HLT=0
ES =0000 0000000000000000 00000000 00000000
CS =0010 0000000000000000 ffffffff 00a09b00 DPL=0 CS64 [-RA]
SS =0018 0000000000000000 ffffffff 00c09300 DPL=0 DS   [-WA]
DS =0000 0000000000000000 00000000 00000000
FS =0000 0000000000000000 00000000 00000000
GS =0000 ffff88819373f000 00000000 00000000
LDT=0000 fffffe0000000000 00000000 00000000
TR =0040 fffffe0000091000 00004087 00008b00 DPL=0 TSS64-busy
GDT=     fffffe000008f000 0000007f
IDT=     fffffe0000000000 00000fff
CR0=80050033 CR2=0000200000001000 CR3=000000010fae9000 CR4=00350ef0
DR0=0000000000000000 DR1=0000000000000000 DR2=0000000000000000 DR3=0000000000000000 
DR6=00000000ffff0ff0 DR7=0000000000000400
EFER=0000000000000d01
FCW=037f FSW=0000 [ST=0] FTW=00 MXCSR=00001f80
FPR0=0000000000000000 0000 FPR1=0000000000000000 0000
FPR2=0000000000000000 0000 FPR3=0000000000000000 0000
FPR4=0000000000000000 0000 FPR5=0000000000000000 0000
FPR6=0000000000000000 0000 FPR7=0000000000000000 0000
YMM00=0000000000000000 0000000000000000 09ecafe341a88f89 2f8f1f07d62b55b1
YMM01=0000000000000000 0000000000000000 85e406f3579d69c9 557e3db79be188fd
YMM02=0000000000000000 0000000000000000 3126e3521d1b1d55 c955aa68202fcede
YMM03=0000000000000000 0000000000000000 6cf6b43c6eb17f0e 8791f2839759db0d
YMM04=0000000000000000 0000000000000000 0000000000000000 00000000a78b1738
YMM05=0000000000000000 0000000000000000 0000000000000000 9beb4efbcfc29eea
YMM06=0000000000000000 0000000000000000 0000000000000000 000000009beb4efb
YMM07=0000000000000000 0000000000000000 9beb4efbcfc29eea a78b17385822f514
YMM08=0000000000000000 0000000000000000 c0000000d6000000 9e0000005e000000
YMM09=0000000000000000 0000000000000000 0000000000000000 0000000000000000
YMM10=0000000000000000 0000000000000000 83e64b57050e88a5 fff6f2178450eec9
YMM11=0000000000000000 0000000000000000 2879c70aef47b8b6 4d939a9d53a0017e
YMM12=0000000000000000 0000000000000000 0d0c0f0e09080b0a 0504070601000302
YMM13=0000000000000000 0000000000000000 0c0f0e0d080b0a09 0407060500030201
YMM14=0000000000000000 0000000000000000 0000000000000000 0000000000000280
YMM15=0000000000000000 0000000000000000 0000000000000000 0000000000000040
info registers vcpu 3

CPU#3
RAX=000000000001d5d7 RBX=0000000000000003 RCX=ffffffff84a98827 RDX=0000000000000000
RSI=0000000000000000 RDI=ffffffff814cfe5a RBP=dffffc0000000000 RSP=ffff8881003ffe60
R8 =0000000000000001 R9 =ffffed10235f63db R10=ffffed10235f63da R11=ffff88811afb1ed3
R12=ffffffff8642c850 R13=1ffff1102007ffd2 R14=0000000000000000 R15=0000000000000000
RIP=ffffffff84a9718e RFL=00000206 [-----P-] CPL=0 II=0 A20=1 SMM=0 HLT=1
ES =0000 0000000000000000 00000000 00000000
CS =0010 0000000000000000 ffffffff 00a09b00 DPL=0 CS64 [-RA]
SS =0018 0000000000000000 ffffffff 00c09300 DPL=0 DS   [-WA]
DS =0000 0000000000000000 00000000 00000000
FS =0000 0000000000000000 00000000 00000000
GS =0000 ffff8881937bf000 00000000 00000000
LDT=0000 fffffe0000000000 00000000 00000000
TR =0040 fffffe00000d8000 00004087 00008b00 DPL=0 TSS64-busy
GDT=     fffffe00000d6000 0000007f
IDT=     fffffe0000000000 00000fff
CR0=80050033 CR2=00007f2f9261bb30 CR3=000000010fae9000 CR4=00350ef0
DR0=0000000000000000 DR1=0000000000000000 DR2=0000000000000000 DR3=0000000000000000 
DR6=00000000ffff0ff0 DR7=0000000000000400
EFER=0000000000000d01
FCW=037f FSW=0000 [ST=0] FTW=00 MXCSR=00001f80
FPR0=0000000000000000 0000 FPR1=0000000000000000 0000
FPR2=0000000000000000 0000 FPR3=0000000000000000 0000
FPR4=0000000000000000 0000 FPR5=0000000000000000 0000
FPR6=0000000000000000 0000 FPR7=0000000000000000 0000
YMM00=0000000000000000 0000000000000000 00000000a60ce07b 00000000cec3662e
YMM01=0000000000000000 0000000000000000 0000000000000000 7251a4480fbfe762
YMM02=0000000000000000 0000000000000000 0000000000000000 0000000000000000
YMM03=0000000000000000 0000000000000000 6c656e72656b2f73 79732f636f72702f
YMM04=0000000000000000 0000000000000000 2039353a36323a35 3020382020626546
YMM05=0000000000000000 0000000000000000 65636f72703d7373 616c63742030733a
YMM06=0000000000000000 0000000000000000 733a755f6d657473 79733d747865746e
YMM07=0000000000000000 0000000000000000 725f6d6574737973 3a755f6d65747379
YMM08=0000000000000000 0000000000000000 6f7475636578652d 7a7973223d6d6d6f
YMM09=0000000000000000 0000000000000000 0000000000000000 0000000000000000
YMM10=0000000000000000 0000000000000000 0000000000000000 0000000000000000
YMM11=0000000000000000 0000000000000000 0000000000000000 0000000000000000
YMM12=0000000000000000 0000000000000000 0000000000000000 0000000000000000
YMM13=0000000000000000 0000000000000000 0000000000000000 0000000000000000
YMM14=0000000000000000 0000000000000000 0000000000000000 0000000000000000
YMM15=0000000000000000 0000000000000000 0000000000000000 0000000000000000
