Warning: Permanently added '[localhost]:7114' (ED25519) to the list of known hosts.
executing program
syzkaller login: [  113.381148] audit: type=1400 audit(1763153183.149:7): avc:  denied  { execmem } for  pid=255 comm="syz-executor830" scontext=system_u:system_r:kernel_t:s0 tcontext=system_u:system_r:kernel_t:s0 tclass=process permissive=1
[  113.383756] audit: type=1400 audit(1763153183.151:8): avc:  denied  { open } for  pid=255 comm="syz-executor830" scontext=system_u:system_r:kernel_t:s0 tcontext=system_u:system_r:kernel_t:s0 tclass=perf_event permissive=1
[  113.384498] ------------[ cut here ]------------
[  113.386291] audit: type=1400 audit(1763153183.151:9): avc:  denied  { kernel } for  pid=255 comm="syz-executor830" scontext=system_u:system_r:kernel_t:s0 tcontext=system_u:system_r:kernel_t:s0 tclass=perf_event permissive=1
[  113.387467] WARNING: CPU: 2 PID: 255 at mm/page_alloc.c:5159 __alloc_frozen_pages_noprof+0x514/0x680
[  113.392372] Modules linked in:
[  113.393413] CPU: 2 UID: 0 PID: 255 Comm: syz-executor830 Not tainted 6.18.0-rc2-00120-g6fab32bb6508 #1 PREEMPT(voluntary) 
[  113.398226] Hardware name: QEMU Ubuntu 24.04 PC (i440FX + PIIX, 1996), BIOS 1.16.3-debian-1.16.3-2 04/01/2014
[  113.401312] RIP: 0010:__alloc_frozen_pages_noprof+0x514/0x680
[  113.403013] Code: 22 62 ed ff e9 3f fd ff ff 83 fe 0a 0f 86 c1 fb ff ff 45 31 f6 80 3d e1 1f 95 04 00 0f 85 1a fe ff ff c6 05 d4 1f 95 04 01 90 <0f> 0b 90 e9 0a fe ff ff 45 31 f6 e9 02 fe ff ff a9 00 00 08 00 75
[  113.408008] RSP: 0018:ffff888110cf7a08 EFLAGS: 00010246
[  113.409523] RAX: 0000000000000000 RBX: 1ffff1102219ef45 RCX: 0000000000000000
[  113.411459] RDX: 0000000000000000 RSI: 000000000000000c RDI: 0000000000000000
[  113.413428] RBP: 0000000000040cc0 R08: 0000000000000000 R09: 0000000000000001
[  113.415346] R10: ffff888110cf7be8 R11: ffffffff8640de57 R12: 000000000000000c
[  113.417267] R13: 0000000000000000 R14: 0000000000000000 R15: 000000000000000c
[  113.419219] FS:  000055556e733380(0000) GS:ffff888193796000(0000) knlGS:0000000000000000
[  113.420967] CS:  0010 DS: 0000 ES: 0000 CR0: 0000000080050033
[  113.422199] CR2: 000020000001d000 CR3: 00000001035e0000 CR4: 0000000000350ef0
[  113.423702] Call Trace:
[  113.424297]  <TASK>
[  113.424803]  ? __lock_acquire+0x1047/0x1b40
[  113.425772]  ? __pfx___alloc_frozen_pages_noprof+0x10/0x10
[  113.427033]  ? lock_acquire+0x15d/0x2d0
[  113.427960]  ___kmalloc_large_node+0x51/0x140
[  113.428960]  __kmalloc_large_node_noprof+0x16/0xe0
[  113.430032]  __kmalloc_node_noprof+0x528/0x750
[  113.431032]  ? __kmalloc_noprof+0x386/0x720
[  113.431964]  ? __sanitizer_cov_trace_pc+0x20/0x50
[  113.432757]  ? get_callchain_buffers+0x218/0x460
[  113.433356]  ? get_callchain_buffers+0x218/0x460
[  113.433954]  get_callchain_buffers+0x218/0x460
[  113.434503]  perf_event_alloc+0x2a59/0x4800
[  113.435057]  ? perf_event_alloc+0x1acd/0x4800
[  113.435601]  ? __pfx_perf_event_alloc+0x10/0x10
[  113.436194]  ? find_held_lock+0x2b/0x80
[  113.436670]  ? __do_sys_perf_event_open+0xfec/0x29a0
[  113.437324]  __do_sys_perf_event_open+0x6ad/0x29a0
[  113.437970]  ? find_held_lock+0x2b/0x80
[  113.438491]  ? __pfx___do_sys_perf_event_open+0x10/0x10
[  113.439214]  ? lock_release+0xc8/0x290
[  113.439690]  ? write_comp_data+0x29/0x80
[  113.440213]  ? irqentry_exit_to_user_mode+0xab/0x1e0
[  113.440819]  ? trace_hardirqs_on_prepare+0xe3/0x120
[  113.441437]  ? lockdep_hardirqs_on_prepare+0xdb/0x1a0
[  113.442086]  ? __sanitizer_cov_trace_pc+0x20/0x50
[  113.442663]  do_syscall_64+0xc3/0x380
[  113.443157]  entry_SYSCALL_64_after_hwframe+0x77/0x7f
[  113.443766] RIP: 0033:0x7f5a89bfc54d
[  113.444230] Code: b3 66 2e 0f 1f 84 00 00 00 00 00 66 90 f3 0f 1e fa 48 89 f8 48 89 f7 48 89 d6 48 89 ca 4d 89 c2 4d 89 c8 4c 8b 4c 24 08 0f 05 <48> 3d 01 f0 ff ff 73 01 c3 48 c7 c1 c0 ff ff ff f7 d8 64 89 01 48
[  113.446343] RSP: 002b:00007ffdc9f56678 EFLAGS: 00000246 ORIG_RAX: 000000000000012a
[  113.447256] RAX: ffffffffffffffda RBX: 0000000000000001 RCX: 00007f5a89bfc54d
[  113.448109] RDX: 00000000ffffffff RSI: 0000000000000000 RDI: 000020000001d000
[  113.449030] RBP: 00007ffdc9f56730 R08: 0000000000000002 R09: 0000000000000000
[  113.450004] R10: 00000000ffffffff R11: 0000000000000246 R12: 00007ffdc9f567a8
[  113.450899] R13: 00007ffdc9f567b8 R14: 00007f5a89c90d10 R15: 0000000000000001
[  113.451864]  </TASK>
[  113.452175] irq event stamp: 7909
[  113.452620] hardirqs last  enabled at (7917): [<ffffffff81541a78>] __up_console_sem+0x78/0x80
[  113.453687] hardirqs last disabled at (7926): [<ffffffff81541a5d>] __up_console_sem+0x5d/0x80
[  113.454954] softirqs last  enabled at (7786): [<ffffffff813b4ab8>] handle_softirqs+0x4c8/0x740
[  113.456030] softirqs last disabled at (7781): [<ffffffff813b6546>] irq_exit_rcu+0xd6/0x110
[  113.457029] ---[ end trace 0000000000000000 ]---

VM DIAGNOSIS:
04:46:23  Registers:
info registers vcpu 0

CPU#0
RAX=0000000000034b11 RBX=0000000000000000 RCX=ffffffff84a230c7 RDX=0000000000000000
RSI=0000000000000000 RDI=ffffffff814c5f76 RBP=dffffc0000000000 RSP=ffffffff85a07e08
R8 =0000000000000001 R9 =ffffed10235c630b R10=ffffed10235c630a R11=ffff88811ae31853
R12=ffffffff8640de50 R13=1ffffffff0b40fc7 R14=0000000000000000 R15=0000000000000000
RIP=ffffffff84a21dae RFL=00000206 [-----P-] CPL=0 II=0 A20=1 SMM=0 HLT=1
ES =0000 0000000000000000 00000000 00000000
CS =0010 0000000000000000 ffffffff 00a09b00 DPL=0 CS64 [-RA]
SS =0018 0000000000000000 ffffffff 00c09300 DPL=0 DS   [-WA]
DS =0000 0000000000000000 00000000 00000000
FS =0000 0000000000000000 00000000 00000000
GS =0000 ffff888193696000 00000000 00000000
LDT=0000 fffffe0000000000 00000000 00000000
TR =0040 fffffe0000003000 00004087 00008b00 DPL=0 TSS64-busy
GDT=     fffffe0000001000 0000007f
IDT=     fffffe0000000000 00000fff
CR0=80050033 CR2=00007fce7d743a40 CR3=000000010cd2e000 CR4=00350ef0
DR0=0000000000000000 DR1=0000000000000000 DR2=0000000000000000 DR3=0000000000000000 
DR6=00000000ffff0ff0 DR7=0000000000000400
EFER=0000000000000d01
FCW=037f FSW=0000 [ST=0] FTW=00 MXCSR=00001f80
FPR0=0000000000000000 0000 FPR1=0000000000000000 0000
FPR2=0000000000000000 0000 FPR3=0000000000000000 0000
FPR4=0000000000000000 0000 FPR5=0000000000000000 0000
FPR6=0000000000000000 0000 FPR7=0000000000000000 0000
YMM00=0000000000000000 0000000000000000 0000000000000000 0000000000000000
YMM01=0000000000000000 0000000000000000 65fb995c53b42cb7 344eb2bb4a070f5e
YMM02=0000000000000000 0000000000000000 fc930a8ee17b27c3 00000000000aea30
YMM03=0000000000000000 0000000000000000 ac8bc31478ec8511 00000000000aef90
YMM04=0000000000000000 0000000000000000 580eb2c69c54849a 000000000012d2e8
YMM05=0000000000000000 0000000000000000 d3fdd5f48436fbd7 00000000000aead8
YMM06=0000000000000000 0000000000000000 30c6c085917a2afb 00000000000ae990
YMM07=0000000000000000 0000000000000000 a1fcdcf819d7e1e5 00000000000ae728
YMM08=0000000000000000 0000000000000000 44495f474f4c5359 530069253d595449
YMM09=0000000000000000 0000000000000000 0000000000000000 0000000000000000
YMM10=0000000000000000 0000000000000000 2020000000000000 0000000000000000
YMM11=0000000000000000 0000000000000000 0000000000000000 0000000000000000
YMM12=0000000000000000 0000000000000000 0000000000000000 0000000000000000
YMM13=0000000000000000 0000000000000000 0000000000000000 0000000000000000
YMM14=0000000000000000 0000000000000000 0000000000000000 0000000000000000
YMM15=0000000000000000 0000000000000000 0000000000000000 0000000000000000
info registers vcpu 1

CPU#1
RAX=0000000000013bb3 RBX=0000000000000001 RCX=ffffffff84a230c7 RDX=0000000000000000
RSI=0000000000000000 RDI=ffffffff814c5f76 RBP=dffffc0000000000 RSP=ffff8881003e7e60
R8 =0000000000000001 R9 =ffffed10235d630b R10=ffffed10235d630a R11=ffff88811aeb1853
R12=ffffffff8640de50 R13=1ffff1102007cfd2 R14=0000000000000000 R15=0000000000000000
RIP=ffffffff84a21dae RFL=00000202 [-------] CPL=0 II=0 A20=1 SMM=0 HLT=1
ES =0000 0000000000000000 00000000 00000000
CS =0010 0000000000000000 ffffffff 00a09b00 DPL=0 CS64 [-RA]
SS =0018 0000000000000000 ffffffff 00c09300 DPL=0 DS   [-WA]
DS =0000 0000000000000000 00000000 00000000
FS =0000 0000000000000000 00000000 00000000
GS =0000 ffff888193716000 00000000 00000000
LDT=0000 fffffe0000000000 00000000 00000000
TR =0040 fffffe000004a000 00004087 00008b00 DPL=0 TSS64-busy
GDT=     fffffe0000048000 0000007f
IDT=     fffffe0000000000 00000fff
CR0=80050033 CR2=00007f5a89c96a10 CR3=000000010c3c7000 CR4=00350ef0
DR0=0000000000000000 DR1=0000000000000000 DR2=0000000000000000 DR3=0000000000000000 
DR6=00000000ffff0ff0 DR7=0000000000000400
EFER=0000000000000d01
FCW=037f FSW=0000 [ST=0] FTW=00 MXCSR=00001f80
FPR0=0000000000000000 0000 FPR1=0000000000000000 0000
FPR2=0000000000000000 0000 FPR3=0000000000000000 0000
FPR4=0000000000000000 0000 FPR5=0000000000000000 0000
FPR6=0000000000000000 0000 FPR7=0000000000000000 0000
YMM00=0000000000000000 0000000000000000 2033323a36343a30 3220343120766f4e
YMM01=0000000000000000 0000000000000000 5d3331343339332e 33313120205b203a
YMM02=0000000000000000 0000000000000000 7973203a6d6d6f43 20353532203a4449
YMM03=0000000000000000 0000000000000000 302e38312e362064 65746e6961742074
YMM04=0000000000000000 0000000000000000 4545525020312320 3830353662623233
YMM05=0000000000000000 0000000000000000 302e38312e362064 65746e6961742074
YMM06=0000000000000000 0000000000000000 7973203a6d6d6f43 20353532203a4449
YMM07=0000000000000000 0000000000000000 5d3331343339332e 33313120205b203a
YMM08=0000000000000000 0000000000000000 3338726f74756365 78652d7a7973223d
YMM09=0000000000000000 0000000000000000 0000000000000000 0000000000000000
YMM10=0000000000000000 0000000000000000 0000000000000000 0000000000000000
YMM11=0000000000000000 0000000000000000 0000000000000000 0000000000000000
YMM12=0000000000000000 0000000000000000 0000000000000000 0000000000000000
YMM13=0000000000000000 0000000000000000 0000000000000000 0000000000000000
YMM14=0000000000000000 0000000000000000 0000000000000000 0000000000000000
YMM15=0000000000000000 0000000000000000 0000000000000000 0000000000000000
info registers vcpu 2

CPU#2
RAX=000000000000006f RBX=0000000000000000 RCX=0000000000000000 RDX=00000000000003f8
RSI=ffff88810b7c3700 RDI=ffffffff882dff60 RBP=ffffffff882dff20 RSP=ffff888110cf7330
R8 =0000000000000000 R9 =ffffed1020757047 R10=ffffed1020757046 R11=ffff888103ab8237
R12=000000000000006f R13=0000000000000010 R14=000000000000006f R15=0000000000000000
RIP=ffffffff8292e7ad RFL=00000002 [-------] CPL=0 II=0 A20=1 SMM=0 HLT=0
ES =0000 0000000000000000 00000000 00000000
CS =0010 0000000000000000 ffffffff 00a09b00 DPL=0 CS64 [-RA]
SS =0018 0000000000000000 ffffffff 00c09300 DPL=0 DS   [-WA]
DS =0000 0000000000000000 00000000 00000000
FS =0000 000055556e733380 00000000 00000000
GS =0000 ffff888193796000 00000000 00000000
LDT=0000 fffffe0000000000 00000000 00000000
TR =0040 fffffe0000091000 00004087 00008b00 DPL=0 TSS64-busy
GDT=     fffffe000008f000 0000007f
IDT=     fffffe0000000000 00000fff
CR0=80050033 CR2=000020000001d000 CR3=00000001035e0000 CR4=00350ef0
DR0=0000000000000000 DR1=0000000000000000 DR2=0000000000000000 DR3=0000000000000000 
DR6=00000000ffff0ff0 DR7=0000000000000400
EFER=0000000000000d01
FCW=037f FSW=0000 [ST=0] FTW=00 MXCSR=00001f80
FPR0=0000000000000000 0000 FPR1=0000000000000000 0000
FPR2=0000000000000000 0000 FPR3=0000000000000000 0000
FPR4=0000000000000000 0000 FPR5=0000000000000000 0000
FPR6=0000000000000000 0000 FPR7=0000000000000000 0000
YMM00=0000000000000000 0000000000000000 2525252525252525 2525252525252525
YMM01=0000000000000000 0000000000000000 0000000000000000 0000000000000000
YMM02=0000000000000000 0000000000000000 0000000000000000 00000000000000ff
YMM03=0000000000000000 0000000000000000 0000000000000000 00000000000000ff
YMM04=0000000000000000 0000000000000000 00007f5a89c84640 00007f5a89c95b60
YMM05=0000000000000000 0000000000000000 0000000000000001 0000000000000001
YMM06=0000000000000000 0000000000000000 0000000000000000 0000000000000000
YMM07=0000000000000000 0000000000000000 2f2f2f2f2f2f2f2f 2f2f2f2f2f2f2f2f
YMM08=0000000000000000 0000000000000000 0000000000000000 0000000000000000
YMM09=0000000000000000 0000000000000000 0000000000000000 0000000000000000
YMM10=0000000000000000 0000000000000000 0000000000000000 0000000000000000
YMM11=0000000000000000 0000000000000000 0000000000000000 0000000000000000
YMM12=0000000000000000 0000000000000000 0000000000000000 0000000000000000
YMM13=0000000000000000 0000000000000000 0000000000000000 0000000000000000
YMM14=0000000000000000 0000000000000000 0000000000000000 0000000000000000
YMM15=0000000000000000 0000000000000000 0000000000000000 0000000000000000
info registers vcpu 3

CPU#3
RAX=000000000000d48b RBX=0000000000000003 RCX=ffffffff84a230c7 RDX=0000000000000000
RSI=0000000000000000 RDI=ffffffff814c5f76 RBP=dffffc0000000000 RSP=ffff8881003ffe60
R8 =0000000000000001 R9 =ffffed10235f630b R10=ffffed10235f630a R11=ffff88811afb1853
R12=ffffffff8640de50 R13=1ffff1102007ffd2 R14=0000000000000000 R15=0000000000000000
RIP=ffffffff84a21dae RFL=00000206 [-----P-] CPL=0 II=0 A20=1 SMM=0 HLT=1
ES =0000 0000000000000000 00000000 00000000
CS =0010 0000000000000000 ffffffff 00a09b00 DPL=0 CS64 [-RA]
SS =0018 0000000000000000 ffffffff 00c09300 DPL=0 DS   [-WA]
DS =0000 0000000000000000 00000000 00000000
FS =0000 0000000000000000 00000000 00000000
GS =0000 ffff888193816000 00000000 00000000
LDT=0000 fffffe0000000000 00000000 00000000
TR =0040 fffffe00000d8000 00004087 00008b00 DPL=0 TSS64-busy
GDT=     fffffe00000d6000 0000007f
IDT=     fffffe0000000000 00000fff
CR0=80050033 CR2=00007fce7d722860 CR3=000000010c3c7000 CR4=00350ef0
DR0=0000000000000000 DR1=0000000000000000 DR2=0000000000000000 DR3=0000000000000000 
DR6=00000000ffff0ff0 DR7=0000000000000400
EFER=0000000000000d01
FCW=037f FSW=0000 [ST=0] FTW=00 MXCSR=00001f80
FPR0=0000000000000000 0000 FPR1=0000000000000000 0000
FPR2=0000000000000000 0000 FPR3=0000000000000000 0000
FPR4=0000000000000000 0000 FPR5=0000000000000000 0000
FPR6=0000000000000000 0000 FPR7=0000000000000000 0000
YMM00=0000000000000000 0000000000000000 0000000000000000 0000000000000000
YMM01=0000000000000000 0000000000000000 0000000000000000 00000000000000ff
YMM02=0000000000000000 0000000000000000 0000000000000000 00000000000000ff
YMM03=0000000000000000 0000000000000000 2e38312e36206465 746e69617420746f
YMM04=0000000000000000 0000000000000000 76655f667265703d 7373616c63742030
YMM05=0000000000000000 0000000000000000 7379733a755f6d65 747379733d747865
YMM06=0000000000000000 0000000000000000 6b3a725f6d657473 79733a755f6d6574
YMM07=0000000000000000 0000000000000000 0000000000000000 0000000000000000
YMM08=0000000000000000 0000000000000000 6d65747379733a75 5f6d657473797300
YMM09=0000000000000000 0000000000000000 0000000000000000 0000000000000000
YMM10=0000000000000000 0000000000000000 0000000000000000 0000000000000000
YMM11=0000000000000000 0000000000000000 0000000000000000 0000000000000000
YMM12=0000000000000000 0000000000000000 0000000000000000 0000000000000000
YMM13=0000000000000000 0000000000000000 0000000000000000 0000000000000000
YMM14=0000000000000000 0000000000000000 0000000000000000 0000000000000000
YMM15=0000000000000000 0000000000000000 0000000000000000 0000000000000000
