Warning: Permanently added '[localhost]:53130' (ED25519) to the list of known hosts.
executing program
syzkaller login: [   29.886169] audit: type=1400 audit(1763837859.520:7): avc:  denied  { execmem } for  pid=255 comm="syz-executor286" scontext=system_u:system_r:kernel_t:s0 tcontext=system_u:system_r:kernel_t:s0 tclass=process permissive=1
[   29.889849] loop0: detected capacity change from 0 to 521
[   29.895061] ------------[ cut here ]------------
[   29.895680] strnlen: detected buffer overflow: 65 byte read of buffer size 64
[   29.896872] WARNING: CPU: 0 PID: 256 at lib/string_helpers.c:1035 __fortify_report+0x97/0xb0
[   29.898123] Modules linked in:
[   29.898556] CPU: 0 UID: 0 PID: 256 Comm: syz-executor286 Not tainted 6.18.0-rc2-00120-g6fab32bb6508 #1 PREEMPT(voluntary) 
[   29.899840] Hardware name: QEMU Ubuntu 24.04 PC (i440FX + PIIX, 1996), BIOS 1.16.3-debian-1.16.3-2 04/01/2014
[   29.901010] RIP: 0010:__fortify_report+0x97/0xb0
[   29.901832] Code: 84 49 c7 c5 c0 ce e2 84 4c 0f 45 e9 e8 d2 34 1e ff 49 89 e8 4c 89 e2 4c 89 f6 4c 89 e9 48 c7 c7 40 cf e2 84 e8 fa c5 e3 fe 90 <0f> 0b 90 90 5b 5d 41 5c 41 5d 41 5e e9 48 4e 4f 02 e8 d3 0e 5c ff
[   29.904841] RSP: 0018:ffff888102b179f0 EFLAGS: 00010286
[   29.905706] RAX: 0000000000000000 RBX: 0000000000000001 RCX: ffffffff81398ad0
[   29.906953] RDX: 0000000000000001 RSI: ffff88810a171b80 RDI: 0000000000000002
[   29.907794] RBP: 0000000000000040 R08: fffffbfff0b5df00 R09: ffffed1020562efa
[   29.909063] R10: ffffed1020562ef9 R11: ffff888102b177cf R12: 0000000000000041
[   29.909875] R13: ffffffff84e2cec0 R14: ffffffff84e2d880 R15: ffff8881151ce400
[   29.910719] FS:  00007ffb83c386c0(0000) GS:ffff888193696000(0000) knlGS:0000000000000000
[   29.911665] CS:  0010 DS: 0000 ES: 0000 CR0: 0000000080050033
[   29.912356] CR2: 00007ffb7b838000 CR3: 000000010fd39000 CR4: 0000000000350ef0
[   29.913189] Call Trace:
[   29.913486]  <TASK>
[   29.913746]  __fortify_panic+0x23/0x30
[   29.914225]  ext4_fill_super+0x34bc/0xa890
[   29.914720]  ? snprintf+0xbe/0x100
[   29.915200]  ? __pfx_snprintf+0x10/0x10
[   29.915670]  ? __pfx_ext4_fill_super+0x10/0x10
[   29.916276]  ? write_comp_data+0x29/0x80
[   29.916754]  ? __sanitizer_cov_trace_pc+0x20/0x50
[   29.917348]  ? set_blocksize+0x2ef/0x3a0
[   29.917861]  ? write_comp_data+0x29/0x80
[   29.918437]  ? __sanitizer_cov_trace_pc+0x20/0x50
[   29.918999]  ? sb_set_blocksize+0x175/0x1d0
[   29.919534]  ? __sanitizer_cov_trace_pc+0x20/0x50
[   29.920113]  ? setup_bdev_super+0x3dc/0x6e0
[   29.920632]  get_tree_bdev_flags+0x38a/0x620
[   29.921178]  ? __pfx_ext4_fill_super+0x10/0x10
[   29.921705]  ? __pfx_get_tree_bdev_flags+0x10/0x10
[   29.922343]  ? __sanitizer_cov_trace_pc+0x20/0x50
[   29.922902]  ? __sanitizer_cov_trace_pc+0x20/0x50
[   29.923550]  vfs_get_tree+0x93/0x340
[   29.923994]  fc_mount+0x18/0x110
[   29.924455]  path_mount+0x771/0x1e00
[   29.924962]  ? __pfx_path_mount+0x10/0x10
[   29.925539]  ? strncpy_from_user+0x1fd/0x2d0
[   29.926168]  ? putname.part.0+0x11b/0x160
[   29.926668]  ? do_mount+0xc5/0x120
[   29.927120]  do_mount+0xc5/0x120
[   29.927526]  ? __pfx_do_mount+0x10/0x10
[   29.928020]  ? __sanitizer_cov_trace_pc+0x20/0x50
[   29.928617]  ? __sanitizer_cov_trace_pc+0x20/0x50
[   29.929275]  __x64_sys_mount+0x193/0x230
[   29.929746]  do_syscall_64+0xc3/0x380
[   29.930231]  entry_SYSCALL_64_after_hwframe+0x77/0x7f
[   29.930815] RIP: 0033:0x7ffb83c63b0e
[   29.931316] Code: c7 05 f2 fe 0a 00 00 00 00 00 eb 98 e8 ab 05 00 00 66 2e 0f 1f 84 00 00 00 00 00 90 f3 0f 1e fa 49 89 ca b8 a5 00 00 00 0f 05 <48> 3d 01 f0 ff ff 73 01 c3 48 c7 c1 b8 ff ff ff f7 d8 64 89 01 48
[   29.933499] RSP: 002b:00007ffb83c38058 EFLAGS: 00000206 ORIG_RAX: 00000000000000a5
[   29.934442] RAX: ffffffffffffffda RBX: 0000000080808000 RCX: 00007ffb83c63b0e
[   29.935340] RDX: 0000200000000200 RSI: 0000200000000000 RDI: 00007ffb83c38080
[   29.936189] RBP: 00007ffb83c38678 R08: 00007ffb83c380c0 R09: 0000000000000567
[   29.937061] R10: 000000000021000a R11: 0000000000000206 R12: 00007ffb83c38080
[   29.937873] R13: 000000000021000a R14: 00007ffb83c380c0 R15: 0000200000000200
[   29.938783]  </TASK>
[   29.939086] irq event stamp: 1783
[   29.939493] hardirqs last  enabled at (1791): [<ffffffff81541a78>] __up_console_sem+0x78/0x80
[   29.940496] hardirqs last disabled at (1800): [<ffffffff81541a5d>] __up_console_sem+0x5d/0x80
[   29.941506] softirqs last  enabled at (1232): [<ffffffff813b4ab8>] handle_softirqs+0x4c8/0x740
[   29.942525] softirqs last disabled at (1177): [<ffffffff813b6546>] irq_exit_rcu+0xd6/0x110
[   29.943506] ---[ end trace 0000000000000000 ]---
[   29.944273] ------------[ cut here ]------------
[   29.944801] kernel BUG at lib/string_helpers.c:1043!
[   29.945428] Oops: invalid opcode: 0000 [#1] SMP KASAN NOPTI
[   29.946075] CPU: 0 UID: 0 PID: 256 Comm: syz-executor286 Tainted: G        W           6.18.0-rc2-00120-g6fab32bb6508 #1 PREEMPT(voluntary) 
[   29.947492] Tainted: [W]=WARN
[   29.947843] Hardware name: QEMU Ubuntu 24.04 PC (i440FX + PIIX, 1996), BIOS 1.16.3-debian-1.16.3-2 04/01/2014
[   29.948942] RIP: 0010:__fortify_panic+0x24/0x30
[   29.949483] Code: 90 90 90 90 90 90 f3 0f 1e fa 41 54 49 89 d4 55 48 89 f5 53 89 fb e8 7b 34 1e ff 0f b6 fb 4c 89 e2 48 89 ee e8 1d ff ff ff 90 <0f> 0b 90 66 0f 1f 84 00 00 00 00 00 90 90 90 90 90 90 90 90 90 90
[   29.951528] RSP: 0018:ffff888102b17a20 EFLAGS: 00010286
[   29.952124] RAX: 0000000000000000 RBX: 0000000000000002 RCX: ffffffff81398ad0
[   29.952931] RDX: 0000000000000001 RSI: ffff88810a171b80 RDI: 0000000000000002
[   29.953740] RBP: 0000000000000040 R08: fffffbfff0b5df00 R09: ffffed1020562efa
[   29.954546] R10: ffffed1020562ef9 R11: ffff888102b177cf R12: 0000000000000041
[   29.955355] R13: ffff888111046000 R14: ffff8881151ce44c R15: ffff8881151ce400
[   29.956171] FS:  00007ffb83c386c0(0000) GS:ffff888193696000(0000) knlGS:0000000000000000
[   29.957074] CS:  0010 DS: 0000 ES: 0000 CR0: 0000000080050033
[   29.957736] CR2: 00007ffb7b838000 CR3: 000000010fd39000 CR4: 0000000000350ef0
[   29.958550] Call Trace:
[   29.958843]  <TASK>
[   29.959105]  ext4_fill_super+0x34bc/0xa890
[   29.959603]  ? snprintf+0xbe/0x100
[   29.960010]  ? __pfx_snprintf+0x10/0x10
[   29.960475]  ? __pfx_ext4_fill_super+0x10/0x10
[   29.960994]  ? write_comp_data+0x29/0x80
[   29.961477]  ? __sanitizer_cov_trace_pc+0x20/0x50
[   29.962034]  ? set_blocksize+0x2ef/0x3a0
[   29.962516]  ? write_comp_data+0x29/0x80
[   29.962987]  ? __sanitizer_cov_trace_pc+0x20/0x50
[   29.963559]  ? sb_set_blocksize+0x175/0x1d0
[   29.964049]  ? __sanitizer_cov_trace_pc+0x20/0x50
[   29.964631]  ? setup_bdev_super+0x3dc/0x6e0
[   29.965133]  get_tree_bdev_flags+0x38a/0x620
[   29.965652]  ? __pfx_ext4_fill_super+0x10/0x10
[   29.966186]  ? __pfx_get_tree_bdev_flags+0x10/0x10
[   29.966741]  ? __sanitizer_cov_trace_pc+0x20/0x50
[   29.967313]  ? __sanitizer_cov_trace_pc+0x20/0x50
[   29.967869]  vfs_get_tree+0x93/0x340
[   29.968318]  fc_mount+0x18/0x110
[   29.968714]  path_mount+0x771/0x1e00
[   29.969153]  ? __pfx_path_mount+0x10/0x10
[   29.969634]  ? strncpy_from_user+0x1fd/0x2d0
[   29.970194]  ? putname.part.0+0x11b/0x160
[   29.970708]  ? do_mount+0xc5/0x120
[   29.971183]  do_mount+0xc5/0x120
[   29.971623]  ? __pfx_do_mount+0x10/0x10
[   29.972123]  ? __sanitizer_cov_trace_pc+0x20/0x50
[   29.972708]  ? __sanitizer_cov_trace_pc+0x20/0x50
[   29.973277]  __x64_sys_mount+0x193/0x230
[   29.973742]  do_syscall_64+0xc3/0x380
[   29.974192]  entry_SYSCALL_64_after_hwframe+0x77/0x7f
[   29.974781] RIP: 0033:0x7ffb83c63b0e
[   29.975218] Code: c7 05 f2 fe 0a 00 00 00 00 00 eb 98 e8 ab 05 00 00 66 2e 0f 1f 84 00 00 00 00 00 90 f3 0f 1e fa 49 89 ca b8 a5 00 00 00 0f 05 <48> 3d 01 f0 ff ff 73 01 c3 48 c7 c1 b8 ff ff ff f7 d8 64 89 01 48
[   29.977276] RSP: 002b:00007ffb83c38058 EFLAGS: 00000206 ORIG_RAX: 00000000000000a5
[   29.978133] RAX: ffffffffffffffda RBX: 0000000080808000 RCX: 00007ffb83c63b0e
[   29.978941] RDX: 0000200000000200 RSI: 0000200000000000 RDI: 00007ffb83c38080
[   29.979748] RBP: 00007ffb83c38678 R08: 00007ffb83c380c0 R09: 0000000000000567
[   29.980560] R10: 000000000021000a R11: 0000000000000206 R12: 00007ffb83c38080
[   29.981370] R13: 000000000021000a R14: 00007ffb83c380c0 R15: 0000200000000200
[   29.982182]  </TASK>
[   29.982448] Modules linked in:
[   29.982855] ---[ end trace 0000000000000000 ]---
[   29.983417] RIP: 0010:__fortify_panic+0x24/0x30
[   29.983948] Code: 90 90 90 90 90 90 f3 0f 1e fa 41 54 49 89 d4 55 48 89 f5 53 89 fb e8 7b 34 1e ff 0f b6 fb 4c 89 e2 48 89 ee e8 1d ff ff ff 90 <0f> 0b 90 66 0f 1f 84 00 00 00 00 00 90 90 90 90 90 90 90 90 90 90
[   29.986201] RSP: 0018:ffff888102b17a20 EFLAGS: 00010286
[   29.986962] RAX: 0000000000000000 RBX: 0000000000000002 RCX: ffffffff81398ad0
[   29.987928] RDX: 0000000000000001 RSI: ffff88810a171b80 RDI: 0000000000000002
[   29.988898] RBP: 0000000000000040 R08: fffffbfff0b5df00 R09: ffffed1020562efa
[   29.989846] R10: ffffed1020562ef9 R11: ffff888102b177cf R12: 0000000000000041
[   29.990820] R13: ffff888111046000 R14: ffff8881151ce44c R15: ffff8881151ce400
[   29.991759] FS:  00007ffb83c386c0(0000) GS:ffff888193696000(0000) knlGS:0000000000000000
[   29.992913] CS:  0010 DS: 0000 ES: 0000 CR0: 0000000080050033
[   29.993811] CR2: 00007ffb7b838000 CR3: 000000010fd39000 CR4: 0000000000350ef0

VM DIAGNOSIS:
02:57:39  Registers:
info registers vcpu 0

CPU#0
RAX=0000000000000038 RBX=0000000000000000 RCX=0000000000000000 RDX=00000000000003f8
RSI=ffff88810a171b80 RDI=ffffffff882dff60 RBP=ffffffff882dff20 RSP=ffff888102b172b0
R8 =0000000000000000 R9 =ffffed10207ad047 R10=ffffed10207ad046 R11=ffff888103d68237
R12=0000000000000038 R13=0000000000000010 R14=0000000000000038 R15=0000000000000000
RIP=ffffffff8292e7ad RFL=00000002 [-------] CPL=0 II=0 A20=1 SMM=0 HLT=0
ES =0000 0000000000000000 00000000 00000000
CS =0010 0000000000000000 ffffffff 00a09b00 DPL=0 CS64 [-RA]
SS =0018 0000000000000000 ffffffff 00c09300 DPL=0 DS   [-WA]
DS =0000 0000000000000000 00000000 00000000
FS =0000 00007ffb83c386c0 00000000 00000000
GS =0000 ffff888193696000 00000000 00000000
LDT=0000 fffffe0000000000 00000000 00000000
TR =0040 fffffe0000003000 00004087 00008b00 DPL=0 TSS64-busy
GDT=     fffffe0000001000 0000007f
IDT=     fffffe0000000000 00000fff
CR0=80050033 CR2=00007ffb7b838000 CR3=000000010fd39000 CR4=00350ef0
DR0=0000000000000000 DR1=0000000000000000 DR2=0000000000000000 DR3=0000000000000000 
DR6=00000000ffff0ff0 DR7=0000000000000400
EFER=0000000000000d01
FCW=037f FSW=0000 [ST=0] FTW=00 MXCSR=00001f80
FPR0=0000000000000000 0000 FPR1=0000000000000000 0000
FPR2=0000000000000000 0000 FPR3=0000000000000000 0000
FPR4=0000000000000000 0000 FPR5=0000000000000000 0000
FPR6=0000000000000000 0000 FPR7=0000000000000000 0000
YMM00=0000000000000000 0000000000000000 65756e69746e6f63 3d73726f7272652c
YMM01=0000000000000000 0000000000000000 0000000000000000 0000000000000000
YMM02=0000000000000000 0000000000000000 ffffffffffffffff ffffffffffffffff
YMM03=0000000000000000 0000000000000000 ffffffffffffffff ffffffffffffffff
YMM04=0000000000000000 0000000000000000 0000000068308f53 00007ffb83ce2a61
YMM05=0000000000000000 0000000000000000 00007ffed08b1270 00007ffed08b12a8
YMM06=0000000000000000 0000000000000000 ffffffffffffffff ffffffffffffffff
YMM07=0000000000000000 0000000000000000 0000000000000000 0000000000000000
YMM08=0000000000000000 0000000000000000 0000000000000000 0000000000000000
YMM09=0000000000000000 0000000000000000 0000000000000000 0000000000000000
YMM10=0000000000000000 0000000000000000 0000000000000000 0000000000000000
YMM11=0000000000000000 0000000000000000 0000000000000000 0000000000000000
YMM12=0000000000000000 0000000000000000 0000000000000000 0000000000000000
YMM13=0000000000000000 0000000000000000 0000000000000000 0000000000000000
YMM14=0000000000000000 0000000000000000 0000000000000000 0000000000000000
YMM15=0000000000000000 0000000000000000 0000000000000000 0000000000000000
info registers vcpu 1

CPU#1
RAX=0000000000011979 RBX=0000000000000001 RCX=ffffffff84a230c7 RDX=0000000000000000
RSI=0000000000000000 RDI=ffffffff814c5f76 RBP=dffffc0000000000 RSP=ffff8881003e7e60
R8 =0000000000000001 R9 =ffffed10235d630b R10=ffffed10235d630a R11=ffff88811aeb1853
R12=ffffffff8640de50 R13=1ffff1102007cfd2 R14=0000000000000000 R15=0000000000000000
RIP=ffffffff84a21dae RFL=00000202 [-------] CPL=0 II=0 A20=1 SMM=0 HLT=1
ES =0000 0000000000000000 00000000 00000000
CS =0010 0000000000000000 ffffffff 00a09b00 DPL=0 CS64 [-RA]
SS =0018 0000000000000000 ffffffff 00c09300 DPL=0 DS   [-WA]
DS =0000 0000000000000000 00000000 00000000
FS =0000 0000000000000000 00000000 00000000
GS =0000 ffff888193716000 00000000 00000000
LDT=0000 fffffe0000000000 00000000 00000000
TR =0040 fffffe000004a000 00004087 00008b00 DPL=0 TSS64-busy
GDT=     fffffe0000048000 0000007f
IDT=     fffffe0000000000 00000fff
CR0=80050033 CR2=000055b68c5ea3c8 CR3=0000000105014000 CR4=00350ef0
DR0=0000000000000000 DR1=0000000000000000 DR2=0000000000000000 DR3=0000000000000000 
DR6=00000000ffff0ff0 DR7=0000000000000400
EFER=0000000000000d01
FCW=037f FSW=0000 [ST=0] FTW=00 MXCSR=00001f80
FPR0=0000000000000000 0000 FPR1=0000000000000000 0000
FPR2=0000000000000000 0000 FPR3=0000000000000000 0000
FPR4=0000000000000000 0000 FPR5=0000000000000000 0000
FPR6=0000000000000000 0000 FPR7=0000000000000000 0000
YMM00=0000000000000000 0000000000000000 2039333a37353a38 3120323220766f4e
YMM01=0000000000000000 0000000000000000 5d3031303130392e 39322020205b203a
YMM02=0000000000000000 0000000000000000 725f79666974726f 665f5f3a30313030
YMM03=0000000000000000 0000000000000000 2020205b203a6c65 6e72656b2072656c
YMM04=0000000000000000 0000000000000000 36312e312d6e6169 6265642d332e3631
YMM05=0000000000000000 0000000000000000 58494950202b2058 4630343469282043
YMM06=0000000000000000 0000000000000000 4d4551203a656d61 6e20657261776472
YMM07=0000000000000000 0000000000000000 5b203a6c656e7265 6b2072656c6c616b
YMM08=0000000000000000 0000000000000000 6f7475636578652d 7a7973223d6d6d6f
YMM09=0000000000000000 0000000000000000 0000000000000000 0000000000000000
YMM10=0000000000000000 0000000000000000 0000000000000000 0000000000000000
YMM11=0000000000000000 0000000000000000 0000000000000000 0000000000000000
YMM12=0000000000000000 0000000000000000 0000000000000000 0000000000000000
YMM13=0000000000000000 0000000000000000 0000000000000000 0000000000000000
YMM14=0000000000000000 0000000000000000 0000000000000000 0000000000000000
YMM15=0000000000000000 0000000000000000 0000000000000000 0000000000000000
info registers vcpu 2

CPU#2
RAX=0000000000000001 RBX=00007fa816fe2638 RCX=000000000000006d RDX=0000000000000000
RSI=0000000000000000 RDI=000055a1fd5174d0 RBP=00000000000001eb RSP=00007ffe89524de0
R8 =0000000000000000 R9 =0000000000000000 R10=000055a1fdcf67ec R11=000055a1fdcf67d0
R12=00007fa816fe2670 R13=0000000000000000 R14=000000000000a000 R15=000055a1fdcf67d0
RIP=00007fa817ed7c79 RFL=00000246 [---Z-P-] CPL=3 II=0 A20=1 SMM=0 HLT=0
ES =0000 0000000000000000 00000000 00000000
CS =0033 0000000000000000 ffffffff 00a0fb00 DPL=3 CS64 [-RA]
SS =002b 0000000000000000 ffffffff 00c0f300 DPL=3 DS   [-WA]
DS =0000 0000000000000000 00000000 00000000
FS =0000 00007fa8179108c0 00000000 00000000
GS =0000 0000000000000000 00000000 00000000
LDT=0000 fffffe0000000000 00000000 00000000
TR =0040 fffffe0000091000 00004087 00008b00 DPL=0 TSS64-busy
GDT=     fffffe000008f000 0000007f
IDT=     fffffe0000000000 00000fff
CR0=80050033 CR2=0000200000000340 CR3=0000000104e24000 CR4=00350ef0
DR0=0000000000000000 DR1=0000000000000000 DR2=0000000000000000 DR3=0000000000000000 
DR6=00000000ffff0ff0 DR7=0000000000000400
EFER=0000000000000d01
FCW=037f FSW=0000 [ST=0] FTW=00 MXCSR=00001f80
FPR0=0000000000000000 0000 FPR1=0000000000000000 0000
FPR2=0000000000000000 0000 FPR3=0000000000000000 0000
FPR4=0000000000000000 0000 FPR5=0000000000000000 0000
FPR6=0000000000000000 0000 FPR7=0000000000000000 0000
YMM00=0000000000000000 0000000000000000 000055a1fdcf67d0 000055a1fdcf67d0
YMM01=0000000000000000 0000000000000000 0000000000000000 ffffffffffffffff
YMM02=0000000000000000 0000000000000000 0000000000000000 0000000000000000
YMM03=0000000000000000 0000000000000000 0000000072656c6c 616b7a79732f6c65
YMM04=0000000000000000 0000000000000000 2f2f2f2f2f2f2f2f 2f2f2f2f2f2f2f2f
YMM05=0000000000000000 0000000000000000 ffffffffffff0000 0000000000000000
YMM06=0000000000000000 0000000000000000 000055a1fdd17e80 00000001ffffffff
YMM07=0000000000000000 0000000000000000 0000000000000000 0000000000000000
YMM08=0000000000000000 0000000000000000 6562616c2d79622f 6b7369642f766564
YMM09=0000000000000000 0000000000000000 0000000000000000 0000000000000000
YMM10=0000000000000000 0000000000000000 0000000000000000 0000000000000000
YMM11=0000000000000000 0000000000000000 0000000000000000 0000000000000000
YMM12=0000000000000000 0000000000000000 0000000000000000 0000000000000000
YMM13=0000000000000000 0000000000000000 0000000000000000 0000000000000000
YMM14=0000000000000000 0000000000000000 0000000000000000 0000000000000000
YMM15=0000000000000000 0000000000000000 0000000000000000 0000000000000000
info registers vcpu 3

CPU#3
RAX=0000000000000001 RBX=ffffffff8160e280 RCX=ffff8881114f74e4 RDX=1ffff1102229eeef
RSI=ffffffff81b77dc5 RDI=ffff8881114f76ec RBP=ffff8881114f76b0 RSP=ffff8881114f7618
R8 =0000000000000001 R9 =0000000000000001 R10=000000000003a558 R11=000000000003e552
R12=ffff8881114f76e0 R13=0000000000000000 R14=ffff888103883700 R15=0000000000000010
RIP=ffffffff812d71a6 RFL=00000296 [--S-AP-] CPL=0 II=0 A20=1 SMM=0 HLT=0
ES =0000 0000000000000000 00000000 00000000
CS =0010 0000000000000000 ffffffff 00a09b00 DPL=0 CS64 [-RA]
SS =0018 0000000000000000 ffffffff 00c09300 DPL=0 DS   [-WA]
DS =0000 0000000000000000 00000000 00000000
FS =0000 00007fa8179108c0 00000000 00000000
GS =0000 ffff888193816000 00000000 00000000
LDT=0000 fffffe0000000000 00000000 00000000
TR =0040 fffffe00000d8000 00004087 00008b00 DPL=0 TSS64-busy
GDT=     fffffe00000d6000 0000007f
IDT=     fffffe0000000000 00000fff
CR0=80050033 CR2=000055a1fdd9bfd8 CR3=000000010366c000 CR4=00350ef0
DR0=0000000000000000 DR1=0000000000000000 DR2=0000000000000000 DR3=0000000000000000 
DR6=00000000ffff0ff0 DR7=0000000000000400
EFER=0000000000000d01
FCW=037f FSW=0000 [ST=0] FTW=00 MXCSR=00001f80
FPR0=0000000000000000 0000 FPR1=0000000000000000 0000
FPR2=0000000000000000 0000 FPR3=0000000000000000 0000
FPR4=0000000000000000 0000 FPR5=0000000000000000 0000
FPR6=0000000000000000 0000 FPR7=0000000000000000 0000
YMM00=0000000000000000 0000000000000000 0000000000000000 002f2e2e2f002e2e
YMM01=0000000000000000 0000000000000000 0000000000000000 00006c696146002f
YMM02=0000000000000000 0000000000000000 ffffffffffffffff ff0f0e0d0c0b0a09
YMM03=0000000000000000 0000000000000000 0000000000000000 000030706f6f6c2f
YMM04=0000000000000000 0000000000000000 2f2f2f2f2f2f2f2f 2f2f2f2f2f2f2f2f
YMM05=0000000000000000 0000000000000000 0100ffff01000000 00000000ffffffff
YMM06=0000000000000000 0000000000000000 0000000600000001 000055a1fdd49420
YMM07=0000000000000000 0000000000000000 0000000000000000 0000000000000000
YMM08=0000000000000000 0000000000000000 3a212d2b007b3d0d 0a0920002c0d0a09
YMM09=0000000000000000 0000000000000000 0000000000000000 0000000000000000
YMM10=0000000000000000 0000000000000000 0000000000000000 0000000000000000
YMM11=0000000000000000 0000000000000000 0000000000000000 0000000000000000
YMM12=0000000000000000 0000000000000000 0000000000000000 0000000000000000
YMM13=0000000000000000 0000000000000000 0000000000000000 0000000000000000
YMM14=0000000000000000 0000000000000000 0000000000000000 0000000000000000
YMM15=0000000000000000 0000000000000000 0000000000000000 0000000000000000
