Warning: Permanently added '[localhost]:18694' (ED25519) to the list of known hosts.
executing program
syzkaller login: [   27.447281] audit: type=1400 audit(1770394604.114:8): avc:  denied  { execmem } for  pid=256 comm="syz-executor327" scontext=system_u:system_r:kernel_t:s0 tcontext=system_u:system_r:kernel_t:s0 tclass=process permissive=1
executing program
executing program
executing program
executing program
executing program
executing program
executing program
executing program
executing program
executing program
executing program
[   28.529124] ------------[ cut here ]------------
[   28.530059] Negative interval (-1000) or burst (10): Uninitialized ratelimit_state structure?
[   28.531723] WARNING: lib/ratelimit.c:43 at ___ratelimit+0x340/0x910, CPU#0: kauditd/39
[   28.533264] Modules linked in:
[   28.533913] CPU: 0 UID: 0 PID: 39 Comm: kauditd Not tainted 6.19.0-rc8 #2 PREEMPT(voluntary) 
[   28.535821] Hardware name: QEMU Ubuntu 24.10 PC (i440FX + PIIX, 1996), BIOS 1.16.3-debian-1.16.3-2 04/01/2014
[   28.538763] RIP: 0010:___ratelimit+0x345/0x910
[   28.539947] Code: 00 00 00 e8 8d f0 cf fc 31 ff 89 de e8 94 f2 cf fc 85 db 0f 84 a2 00 00 00 e8 77 f0 cf fc 48 8d 3d e0 14 a3 01 44 89 f2 89 de <67> 48 0f b9 3a e8 61 f0 cf fc 31 ff 89 de e8 68 f2 cf fc 85 db 0f
[   28.545118] RSP: 0018:ffff888100a1fc30 EFLAGS: 00010246
[   28.546305] RAX: 0000000000000000 RBX: fffffffffffffc18 RCX: ffffffff84a548fc
[   28.548149] RDX: 000000000000000a RSI: 00000000fffffc18 RDI: ffffffff86485df0
[   28.549840] RBP: ffffffff85b34740 R08: 0000000000000000 R09: 0000000000000001
[   28.551713] R10: fffffbfff0c8590a R11: ffffffff8642c857 R12: ffffffff85b34784
[   28.553226] R13: ffffffff84cc0060 R14: 000000000000000a R15: 0000000000000001
[   28.554721] FS:  0000000000000000(0000) GS:ffff88819363f000(0000) knlGS:0000000000000000
[   28.556345] CS:  0010 DS: 0000 ES: 0000 CR0: 0000000080050033
[   28.557468] CR2: 00007f62ec8e9000 CR3: 0000000102978000 CR4: 0000000000350ef0
[   28.558845] Call Trace:
[   28.559388]  <TASK>
[   28.559828]  ? skb_copy_header+0x20/0x2a0
[   28.560664]  kauditd_printk_skb+0x9b/0x120
[   28.561562]  ? __pfx_kauditd_send_multicast_skb+0x10/0x10
[   28.562637]  kauditd_hold_skb+0x1a/0x130
[   28.563441]  ? __pfx_kauditd_send_multicast_skb+0x10/0x10
[   28.564502]  kauditd_send_queue+0x233/0x290
[   28.565356]  ? __pfx_kauditd_send_multicast_skb+0x10/0x10
[   28.566422]  ? __pfx_kauditd_hold_skb+0x10/0x10
[   28.567365]  kauditd_thread+0x6b1/0xad0
[   28.568185]  ? __pfx_kauditd_thread+0x10/0x10
[   28.569143]  ? lock_release+0xc8/0x270
[   28.569960]  ? __pfx_autoremove_wake_function+0x10/0x10
[   28.571046]  ? __sanitizer_cov_trace_pc+0x20/0x50
[   28.572064]  ? __kthread_parkme+0x190/0x250
[   28.572991]  ? __kthread_parkme+0x1a8/0x250
[   28.573843]  ? __pfx_kauditd_thread+0x10/0x10
[   28.574812]  kthread+0x43f/0x860
[   28.575584]  ? __pfx_kthread+0x10/0x10
[   28.576454]  ? ret_from_fork+0x79/0x7b0
[   28.577310]  ? lock_release+0xc8/0x270
[   28.578134]  ? __pfx_kthread+0x10/0x10
[   28.579131]  ret_from_fork+0x66d/0x7b0
[   28.579910]  ? __pfx_ret_from_fork+0x10/0x10
[   28.580840]  ? write_comp_data+0x29/0x80
[   28.581698]  ? __sanitizer_cov_trace_pc+0x20/0x50
[   28.582722]  ? __switch_to+0x859/0x1210
[   28.583580]  ? __pfx_kthread+0x10/0x10
[   28.584421]  ret_from_fork_asm+0x1a/0x30
[   28.585494]  </TASK>
[   28.586020] irq event stamp: 1225
[   28.586916] hardirqs last  enabled at (1233): [<ffffffff8154eb28>] __up_console_sem+0x78/0x80
[   28.588699] hardirqs last disabled at (1244): [<ffffffff8154eb0d>] __up_console_sem+0x5d/0x80
[   28.590471] softirqs last  enabled at (1144): [<ffffffff813b9880>] handle_softirqs+0x490/0x700
[   28.592237] softirqs last disabled at (1135): [<ffffffff813bb2e6>] irq_exit_rcu+0xd6/0x110
[   28.593899] ---[ end trace 0000000000000000 ]---
[   28.594864] audit: type=1107 audit(1773605869.195:9): pid=1 uid=0 auid=4294967295 ses=4294967295 subj=system_u:system_r:kernel_t:s0 msg='avc:  denied  { stop } for auid=n/a uid=0 gid=0 path="/lib/systemd/system/rsyslog.service" cmdline="" scontext=system_u:system_r:kernel_t:s0 tcontext=system_u:object_r:unlabeled_t:s0 tclass=service permissive=1
[   28.594864]  exe="/usr/lib/systemd/systemd" sauid=0 hostname=? addr=? terminal=?'
executing program
executing program
executing program
executing program
executing program
executing program
executing program
executing program
executing program
executing program
executing program
executing program
executing program
executing program
executing program
executing program
executing program
executing program
executing program
executing program
executing program
executing program
executing program
executing program
executing program
executing program
executing program
executing program
executing program
executing program
executing program
executing program
executing program
executing program
executing program
executing program
executing program
executing program
executing program
executing program
executing program
executing program
executing program
executing program
executing program
executing program
executing program
executing program
executing program
executing program
executing program
executing program
executing program
executing program
executing program
executing program
executing program
executing program
executing program
executing program
executing program
executing program
executing program
executing program
executing program
executing program
executing program
executing program
executing program
executing program
executing program
executing program
executing program
executing program
executing program
executing program
executing program
executing program
executing program
executing program
executing program
executing program
executing program
executing program
executing program
executing program
executing program
executing program
executing program
executing program
executing program
executing program
executing program
executing program
executing program
executing program
executing program
executing program
executing program
executing program
executing program
executing program
executing program
executing program
executing program
executing program
executing program
executing program
executing program
executing program
executing program
executing program
executing program
executing program
executing program
executing program
executing program
executing program
executing program
executing program
executing program
executing program
executing program
executing program
executing program
executing program
executing program
executing program
executing program
executing program
executing program
executing program
executing program
executing program
executing program
executing program
executing program
executing program
executing program
executing program
executing program
executing program
executing program
executing program
executing program
executing program
executing program
executing program
executing program
executing program
executing program
executing program
executing program
executing program
executing program
executing program
executing program
executing program
executing program
executing program
executing program
executing program
executing program
executing program
executing program
executing program
executing program
executing program
executing program
executing program
executing program
executing program
executing program
executing program
executing program
executing program
executing program
executing program
executing program
executing program
executing program
executing program
executing program
executing program
executing program
executing program
executing program
executing program
executing program
executing program
executing program
executing program
executing program
executing program
executing program
executing program
executing program
executing program
executing program
executing program
executing program
executing program
executing program
executing program
executing program
executing program
executing program
executing program
executing program
executing program
executing program
executing program
executing program
executing program
executing program
executing program
executing program
executing program
executing program
executing program
executing program
executing program
executing program
executing program
executing program
executing program
executing program
executing program
executing program
executing program
executing program
executing program
executing program
executing program
executing program
executing program
executing program
executing program
executing program
executing program
executing program
executing program
executing program
executing program
executing program
executing program
executing program
executing program
executing program
executing program
executing program
executing program
executing program
executing program
executing program
executing program
executing program
executing program
executing program
executing program
executing program
executing program
executing program
executing program
executing program
executing program
executing program
executing program
executing program
executing program
executing program
executing program
executing program
executing program
executing program
executing program
executing program
executing program
executing program
executing program
executing program
executing program
executing program
executing program
executing program
executing program
executing program
executing program
executing program
executing program
executing program
executing program
executing program
executing program
executing program
executing program
executing program
executing program
executing program
executing program
executing program
executing program
executing program
executing program
executing program
executing program
executing program
executing program
executing program
executing program
executing program
executing program
executing program
executing program
executing program
executing program
executing program
executing program
executing program
executing program
executing program
executing program
executing program
executing program
executing program
executing program
executing program
executing program
executing program
executing program
executing program
executing program
executing program
executing program
executing program
executing program
executing program
executing program
executing program
executing program
executing program
executing program
executing program
executing program
executing program
executing program
executing program
executing program
executing program
executing program
executing program
executing program
executing program
executing program
executing program
executing program
executing program
executing program
executing program
executing program
executing program
executing program
executing program
executing program
executing program
executing program
executing program
executing program
executing program
executing program
executing program
executing program
executing program
executing program
executing program
executing program
executing program
executing program
executing program
executing program
executing program
executing program
executing program
executing program
executing program
executing program
executing program
executing program
executing program
executing program
executing program
executing program
executing program
executing program
executing program
executing program
executing program
executing program
executing program
executing program
executing program
executing program
executing program
executing program
executing program
executing program
executing program
executing program
executing program
executing program
executing program
executing program
executing program
executing program
executing program
executing program
executing program
executing program
executing program
executing program
executing program
executing program
executing program
executing program
executing program
executing program
executing program
executing program
executing program
executing program
executing program
executing program
executing program
executing program
executing program
executing program
executing program
executing program
executing program
executing program
executing program
executing program
executing program
executing program
executing program
executing program
executing program
executing program
executing program
executing program
executing program
executing program
executing program
executing program
executing program
executing program
executing program
executing program
executing program
executing program
executing program
executing program
executing program
executing program
executing program
executing program
executing program
executing program
executing program
executing program
executing program
executing program
executing program
executing program
executing program
executing program
executing program
executing program
executing program
executing program
executing program
executing program
executing program
executing program
executing program
executing program
executing program
executing program
executing program
executing program
executing program
executing program
executing program
executing program
executing program
executing program
executing program
executing program
executing program
executing program
executing program
executing program
executing program
executing program
executing program
executing program
executing program
executing program
executing program
executing program
executing program
executing program
executing program
executing program
executing program
executing program
executing program
executing program
executing program
executing program
executing program
executing program
executing program
executing program
executing program
executing program
executing program
executing program
executing program
executing program
executing program
executing program
executing program
executing program
executing program
executing program
executing program
executing program
executing program
executing program
executing program
executing program
executing program
executing program
executing program
executing program
executing program
executing program
executing program
executing program
executing program
executing program
executing program
executing program
executing program
executing program
executing program
executing program
executing program
executing program
executing program
executing program
executing program
executing program
executing program
executing program
executing program
executing program
executing program
executing program
executing program
executing program
executing program
executing program
executing program
executing program
executing program
executing program
executing program
executing program
executing program
executing program
executing program
executing program
executing program
executing program
executing program
executing program
executing program
executing program
executing program
executing program
executing program
executing program
executing program
executing program
executing program
executing program
executing program
executing program
executing program
executing program
executing program
executing program
executing program
executing program
executing program
executing program
executing program
executing program
executing program
executing program
executing program
executing program
executing program
executing program
executing program
executing program
executing program
executing program
executing program
executing program
executing program
executing program
executing program
executing program
executing program
executing program
executing program
executing program
executing program
executing program
executing program
executing program
executing program
executing program
executing program
executing program
executing program
executing program
executing program
executing program
executing program
executing program
executing program
executing program
executing program
executing program
executing program
executing program
executing program
executing program
executing program
executing program
executing program
executing program
executing program
executing program
executing program
executing program
executing program
executing program
executing program
executing program
executing program
executing program
executing program
executing program
executing program
executing program
executing program
executing program
executing program
executing program
executing program
executing program
executing program
executing program
executing program
executing program
executing program
executing program
executing program
executing program
executing program
executing program
executing program
executing program
executing program
executing program
executing program
executing program
executing program
executing program
executing program
executing program
executing program
executing program
executing program
executing program
executing program
executing program
executing program
executing program
executing program
executing program
executing program
executing program
executing program
executing program
executing program
executing program
executing program
executing program
executing program
executing program
executing program
executing program
executing program
executing program
executing program
executing program
executing program
executing program
executing program
executing program
executing program
executing program
executing program
executing program
executing program
executing program
executing program
executing program
executing program
executing program
executing program
executing program
executing program
executing program
executing program
executing program
executing program
executing program
executing program
executing program
executing program
executing program
executing program
executing program
executing program
executing program
executing program
executing program
executing program
executing program
executing program
executing program
executing program
executing program
executing program
executing program
executing program
executing program
executing program
executing program
executing program
executing program
executing program
executing program
executing program
executing program
executing program
executing program
executing program
executing program
executing program
executing program
executing program
executing program
executing program
executing program
executing program
executing program
executing program
executing program
executing program
executing program
executing program
executing program
executing program
executing program
executing program
executing program
executing program
executing program
executing program
executing program
executing program
executing program
executing program
executing program
executing program
executing program
executing program
executing program
executing program
executing program
executing program
executing program
executing program
executing program
executing program
executing program
executing program
executing program
executing program
executing program
executing program
executing program
executing program
executing program
executing program
executing program
executing program
executing program
executing program
executing program
executing program
executing program
executing program
executing program
executing program
executing program
executing program
executing program
executing program
executing program
executing program
executing program
executing program
executing program
executing program
executing program
executing program
executing program
executing program
executing program
executing program
executing program
executing program
executing program
executing program
executing program
executing program
executing program
executing program
executing program
executing program
executing program
executing program
executing program
executing program
executing program
executing program
executing program
executing program
executing program
executing program
executing program
executing program
executing program
executing program
executing program
executing program
executing program
executing program
executing program
executing program
executing program
executing program
executing program
executing program
executing program
executing program
executing program
executing program
executing program
executing program
executing program
executing program
executing program
executing program
executing program
executing program
executing program
executing program
executing program
executing program
executing program
executing program
executing program
executing program
executing program
executing program
executing program
executing program
executing program
executing program
executing program
executing program
executing program
executing program
executing program
executing program
executing program
executing program
executing program
executing program
executing program
executing program
executing program
executing program
executing program
executing program
executing program
executing program
executing program
executing program
executing program
executing program
executing program
executing program
executing program
executing program
executing program
executing program
executing program
executing program
executing program
executing program

VM DIAGNOSIS:
00:16:45  Registers:
info registers vcpu 0

CPU#0
RAX=0000000000000074 RBX=0000000000000000 RCX=0000000000000000 RDX=00000000000003f8
RSI=ffff888100985340 RDI=ffffffff883385c0 RBP=ffffffff88338580 RSP=ffff888100a1f478
R8 =0000000000000000 R9 =ffffed1020706047 R10=ffffed1020706046 R11=ffff888103830237
R12=0000000000000074 R13=0000000000000010 R14=0000000000000074 R15=0000000000000000
RIP=ffffffff829706ad RFL=00000002 [-------] CPL=0 II=0 A20=1 SMM=0 HLT=0
ES =0000 0000000000000000 00000000 00000000
CS =0010 0000000000000000 ffffffff 00a09b00 DPL=0 CS64 [-RA]
SS =0018 0000000000000000 ffffffff 00c09300 DPL=0 DS   [-WA]
DS =0000 0000000000000000 00000000 00000000
FS =0000 0000000000000000 00000000 00000000
GS =0000 ffff88819363f000 00000000 00000000
LDT=0000 fffffe0000000000 00000000 00000000
TR =0040 fffffe0000003000 00004087 00008b00 DPL=0 TSS64-busy
GDT=     fffffe0000001000 0000007f
IDT=     fffffe0000000000 00000fff
CR0=80050033 CR2=00007f62ec8e9000 CR3=0000000102978000 CR4=00350ef0
DR0=0000000000000000 DR1=0000000000000000 DR2=0000000000000000 DR3=0000000000000000 
DR6=00000000ffff0ff0 DR7=0000000000000400
EFER=0000000000000d01
FCW=037f FSW=0000 [ST=0] FTW=00 MXCSR=00001f80
FPR0=0000000000000000 0000 FPR1=0000000000000000 0000
FPR2=0000000000000000 0000 FPR3=0000000000000000 0000
FPR4=0000000000000000 0000 FPR5=0000000000000000 0000
FPR6=0000000000000000 0000 FPR7=0000000000000000 0000
YMM00=0000000000000000 0000000000000000 2039343a37313a30 322035312072614d
YMM01=0000000000000000 0000000000000000 4f20676e69747261 7453203a5d315b64
YMM02=0000000000000000 0000000000000000 6c6c4120726f6620 6b63656843206174
YMM03=0000000000000000 0000000000000000 6e4f20676e697472 617453203a5d315b
YMM04=0000000000000000 0000000000000000 2032353a32323a31 3020372020626546
YMM05=0000000000000000 0000000000000000 5d3138323734342e 37322020205b203a
YMM06=0000000000000000 0000000000000000 3634393330373731 2874696475612030
YMM07=0000000000000000 0000000000000000 6d63657865207b20 206465696e656420
YMM08=0000000000000000 0000000000000000 65636f72703d7373 616c63742030733a
YMM09=0000000000000000 0000000000000000 0000000000000000 0000000000000000
YMM10=0000000000000000 0000000000000000 0000000000000000 0000000000000000
YMM11=0000000000000000 0000000000000000 0000000000000000 0000000000000000
YMM12=0000000000000000 0000000000000000 0000000000000000 0000000000000000
YMM13=0000000000000000 0000000000000000 0000000000000000 0000000000000000
YMM14=0000000000000000 0000000000000000 0000000000000000 0000000000000000
YMM15=0000000000000000 0000000000000000 0000000000000000 0000000000000000
info registers vcpu 1

CPU#1
RAX=0000000000000000 RBX=0000000105456007 RCX=ffffffff819f5472 RDX=00007fff7718cfff
RSI=ffff888103123780 RDI=0000000000000003 RBP=0000000105456067 RSP=ffff888113a5f9c0
R8 =0000000000000000 R9 =0000000000000001 R10=ffff888113a5fa48 R11=ffffffff8642c857
R12=00007fff771fffff R13=00007fff77200000 R14=dffffc0000000000 R15=ffff888113a5fcc8
RIP=ffffffff819f5477 RFL=00000206 [-----P-] CPL=0 II=0 A20=1 SMM=0 HLT=0
ES =0000 0000000000000000 00000000 00000000
CS =0010 0000000000000000 ffffffff 00a09b00 DPL=0 CS64 [-RA]
SS =0018 0000000000000000 ffffffff 00c09300 DPL=0 DS   [-WA]
DS =0000 0000000000000000 00000000 00000000
FS =0000 0000000000000000 00000000 00000000
GS =0000 ffff8881936bf000 00000000 00000000
LDT=0000 fffffe0000000000 00000000 00000000
TR =0040 fffffe000004a000 00004087 00008b00 DPL=0 TSS64-busy
GDT=     fffffe0000048000 0000007f
IDT=     fffffe0000000000 00000fff
CR0=80050033 CR2=00007fdee00be430 CR3=0000000102ed5000 CR4=00350ef0
DR0=0000000000000000 DR1=0000000000000000 DR2=0000000000000000 DR3=0000000000000000 
DR6=00000000ffff0ff0 DR7=0000000000000400
EFER=0000000000000d01
FCW=037f FSW=0000 [ST=0] FTW=00 MXCSR=00001f80
FPR0=0000000000000000 0000 FPR1=0000000000000000 0000
FPR2=0000000000000000 0000 FPR3=0000000000000000 0000
FPR4=0000000000000000 0000 FPR5=0000000000000000 0000
FPR6=0000000000000000 0000 FPR7=0000000000000000 0000
YMM00=0000000000000000 0000000000000000 ffffffffffffffff ffffffffffffffff
YMM01=0000000000000000 0000000000000000 ffffffffffffffff ffff000000000000
YMM02=0000000000000000 0000000000000000 ffffffffffffffff ffff000000000000
YMM03=0000000000000000 0000000000000000 0000000a73250088 3d40018288008881
YMM04=0000000000000000 0000000000000000 ffffffffffffffff ffffffffffffffff
YMM05=0000000000000000 0000000000000000 ffffffffffffffff ffffffffffffffff
YMM06=0000000000000000 0000000000000000 ffffffffffffffff ffffffffffffffff
YMM07=0000000000000000 0000000000000000 0000000000000000 0000000000000000
YMM08=0000000000000000 0000000000000000 0000000000000000 000055d0ceebd830
YMM09=0000000000000000 0000000000000000 0000000000000000 0000000000000000
YMM10=0000000000000000 0000000000000000 0000000000000000 0000000000000000
YMM11=0000000000000000 0000000000000000 0000000000000000 0000000000000000
YMM12=0000000000000000 0000000000000000 0000000000000000 0000000000000000
YMM13=0000000000000000 0000000000000000 0000000000000000 0000000000000000
YMM14=0000000000000000 0000000000000000 0000000000000000 0000000000000000
YMM15=0000000000000000 0000000000000000 0000000000000000 0000000000000000
info registers vcpu 2

CPU#2
RAX=000000000000000f RBX=0000000000000001 RCX=ffffffff84a185e0 RDX=0000000000000001
RSI=ffff88810f5e0000 RDI=0000000000000001 RBP=0000000000000002 RSP=ffff888113d8eef8
R8 =0000000000000000 R9 =0000000000000000 R10=ffff888113d8f010 R11=ffff888113d8f26f
R12=0000000000000003 R13=00007efece340fff R14=ffff888113d8f010 R15=0000000000000001
RIP=ffffffff84a18469 RFL=00000206 [-----P-] CPL=0 II=0 A20=1 SMM=0 HLT=0
ES =0000 0000000000000000 00000000 00000000
CS =0010 0000000000000000 ffffffff 00a09b00 DPL=0 CS64 [-RA]
SS =0018 0000000000000000 ffffffff 00c09300 DPL=0 DS   [-WA]
DS =0000 0000000000000000 00000000 00000000
FS =0000 00007efece52d740 00000000 00000000
GS =0000 ffff88819373f000 00000000 00000000
LDT=0000 fffffe0000000000 00000000 00000000
TR =0040 fffffe0000091000 00004087 00008b00 DPL=0 TSS64-busy
GDT=     fffffe000008f000 0000007f
IDT=     fffffe0000000000 00000fff
CR0=80050033 CR2=00007efece355008 CR3=000000010a2fa000 CR4=00350ef0
DR0=0000000000000000 DR1=0000000000000000 DR2=0000000000000000 DR3=0000000000000000 
DR6=00000000ffff0ff0 DR7=0000000000000400
EFER=0000000000000d01
FCW=037f FSW=0000 [ST=0] FTW=00 MXCSR=00001f80
FPR0=0000000000000000 0000 FPR1=0000000000000000 0000
FPR2=0000000000000000 0000 FPR3=0000000000000000 0000
FPR4=0000000000000000 0000 FPR5=0000000000000000 0000
FPR6=0000000000000000 0000 FPR7=0000000000000000 0000
YMM00=0000000000000000 0000000000000000 756e696c2d34365f 3638782f62696c2f
YMM01=0000000000000000 0000000000000000 6c69665f73736e62 696c2f756e672d78
YMM02=0000000000000000 0000000000000000 00322e6f732e7365 6c69665f73736e62
YMM03=0000000000000000 0000000000000000 696c2f756e672d78 756e696c2d34365f
YMM04=0000000000000000 0000000000000000 0000000000000000 0000000000000000
YMM05=0000000000000000 0000000000000000 0000000000000013 15186070e9410b00
YMM06=0000000000000000 0000000000000000 0000000000000000 000055e4ac589a94
YMM07=0000000000000000 0000000000000000 0000000000000000 0000000000000000
YMM08=0000000000000000 0000000000000000 202020202020203a 70756f726774656e
YMM09=0000000000000000 0000000000000000 0000000000000000 0000000000000000
YMM10=0000000000000000 0000000000000000 0000000000000000 0000000000000000
YMM11=0000000000000000 0000000000000000 0000000000000000 0000000000000000
YMM12=0000000000000000 0000000000000000 0000000000000000 0000000000000000
YMM13=0000000000000000 0000000000000000 0000000000000000 0000000000000000
YMM14=0000000000000000 0000000000000000 0000000000000000 0000000000000000
YMM15=0000000000000000 0000000000000000 0000000000000000 0000000000000000
info registers vcpu 3

CPU#3
RAX=0000000000012fa9 RBX=0000000000000003 RCX=ffffffff84a98827 RDX=0000000000000000
RSI=0000000000000000 RDI=ffffffff814cfe5a RBP=dffffc0000000000 RSP=ffff8881003ffe60
R8 =0000000000000001 R9 =ffffed10235f63db R10=ffffed10235f63da R11=ffff88811afb1ed3
R12=ffffffff8642c850 R13=1ffff1102007ffd2 R14=0000000000000000 R15=0000000000000000
RIP=ffffffff84a9718e RFL=00000206 [-----P-] CPL=0 II=0 A20=1 SMM=0 HLT=1
ES =0000 0000000000000000 00000000 00000000
CS =0010 0000000000000000 ffffffff 00a09b00 DPL=0 CS64 [-RA]
SS =0018 0000000000000000 ffffffff 00c09300 DPL=0 DS   [-WA]
DS =0000 0000000000000000 00000000 00000000
FS =0000 0000000000000000 00000000 00000000
GS =0000 ffff8881937bf000 00000000 00000000
LDT=0000 fffffe0000000000 00000000 00000000
TR =0040 fffffe00000d8000 00004087 00008b00 DPL=0 TSS64-busy
GDT=     fffffe00000d6000 0000007f
IDT=     fffffe0000000000 00000fff
CR0=80050033 CR2=00007f62ec8ec018 CR3=0000000102978000 CR4=00350ef0
DR0=0000000000000000 DR1=0000000000000000 DR2=0000000000000000 DR3=0000000000000000 
DR6=00000000ffff0ff0 DR7=0000000000000400
EFER=0000000000000d01
FCW=037f FSW=0000 [ST=0] FTW=00 MXCSR=00001f80
FPR0=0000000000000000 0000 FPR1=0000000000000000 0000
FPR2=0000000000000000 0000 FPR3=0000000000000000 0000
FPR4=0000000000000000 0000 FPR5=0000000000000000 0000
FPR6=0000000000000000 0000 FPR7=0000000000000000 0000
YMM00=0000000000000000 0000000000000000 37313a3032203531 2072614d3e30333c
YMM01=0000000000000000 0000000000000000 3a65636976726573 2e676f6c73797372
YMM02=0000000000000000 0000000000000000 6e6f202964676f6c 7379737228203836
YMM03=0000000000000000 0000000000000000 7420505548474953 206c616e67697320
YMM04=0000000000000000 0000000000000000 3467637847553075 7167306f7447467a
YMM05=0000000000000000 0000000000000000 485320415352203a 3268737320323636
YMM06=0000000000000000 0000000000000000 206d6f726620746f 6f7220726f662079
YMM07=0000000000000000 0000000000000000 0000000000000000 0000000000000000
YMM08=0000000000000000 0000000000000000 3a67756265642067 6f6c737973720000
YMM09=0000000000000000 0000000000000000 0000000000000000 0000000000000000
YMM10=0000000000000000 0000000000000000 0000000000000000 0000000000000000
YMM11=0000000000000000 0000000000000000 0000000000000000 0000000000000000
YMM12=0000000000000000 0000000000000000 0000000000000000 0000000000000000
YMM13=0000000000000000 0000000000000000 0000000000000000 0000000000000000
YMM14=0000000000000000 0000000000000000 0000000000000000 0000000000000000
YMM15=0000000000000000 0000000000000000 0000000000000000 0000000000000000
