Warning: Permanently added '[localhost]:57176' (ED25519) to the list of known hosts.
2026/02/25 05:31:08 ignoring optional flag "sandboxArg"="0"
2026/02/25 05:31:09 parsed 1 programs
syzkaller login: [   30.034188] cgroup: Unknown subsys name 'net'
[   30.092007] cgroup: Unknown subsys name 'cpuset'
[   30.101085] cgroup: Unknown subsys name 'rlimit'
[   30.103787] cgroup: Unknown subsys name 'memory'
[   30.241455] Adding 124996k swap on ./swap-file.  Priority:0 extents:1 across:124996k 
[   30.836723] audit: type=1400 audit(1771997471.979:7): avc:  denied  { execmem } for  pid=271 comm="syz-executor" scontext=system_u:system_r:kernel_t:s0 tcontext=system_u:system_r:kernel_t:s0 tclass=process permissive=1
[   31.083006] audit: type=1401 audit(1771997472.226:8): op=setxattr invalid_context="u:object_r:app_data_file:s0:c512,c768"
2026/02/25 05:31:19 executed programs: 0
2026/02/25 05:31:29 executed programs: 16
[   48.539291] audit: type=1400 audit(1771997489.682:9): avc:  denied  { open } for  pid=4307 comm="syz.9.16" scontext=system_u:system_r:kernel_t:s0 tcontext=system_u:system_r:kernel_t:s0 tclass=perf_event permissive=1
[   48.546786] audit: type=1400 audit(1771997489.682:10): avc:  denied  { kernel } for  pid=4307 comm="syz.9.16" scontext=system_u:system_r:kernel_t:s0 tcontext=system_u:system_r:kernel_t:s0 tclass=perf_event permissive=1
[   48.556585] audit: type=1400 audit(1771997489.682:11): avc:  denied  { tracepoint } for  pid=4307 comm="syz.9.16" scontext=system_u:system_r:kernel_t:s0 tcontext=system_u:system_r:kernel_t:s0 tclass=perf_event permissive=1
[   49.098805] hrtimer: interrupt took 35600 ns
2026/02/25 05:31:34 executed programs: 79
2026/02/25 05:31:39 executed programs: 147
2026/02/25 05:31:45 executed programs: 218
2026/02/25 05:31:50 executed programs: 267
2026/02/25 05:31:55 executed programs: 350
2026/02/25 05:32:00 executed programs: 413
2026/02/25 05:32:05 executed programs: 475
2026/02/25 05:32:11 executed programs: 553
2026/02/25 05:32:16 executed programs: 611
2026/02/25 05:32:21 executed programs: 671
2026/02/25 05:32:27 executed programs: 724
2026/02/25 05:32:32 executed programs: 802
2026/02/25 05:32:37 executed programs: 863
2026/02/25 05:32:42 executed programs: 913
2026/02/25 05:32:47 executed programs: 976
2026/02/25 05:32:52 executed programs: 1043
2026/02/25 05:32:57 executed programs: 1121
2026/02/25 05:33:02 executed programs: 1179
2026/02/25 05:33:07 executed programs: 1234
2026/02/25 05:33:12 executed programs: 1301
2026/02/25 05:33:17 executed programs: 1369
2026/02/25 05:33:22 executed programs: 1428
2026/02/25 05:33:27 executed programs: 1502
2026/02/25 05:33:33 executed programs: 1576
2026/02/25 05:33:38 executed programs: 1648
2026/02/25 05:33:44 executed programs: 1711
2026/02/25 05:33:49 executed programs: 1778
2026/02/25 05:33:54 executed programs: 1837
2026/02/25 05:33:59 executed programs: 1895
2026/02/25 05:34:04 executed programs: 1959
2026/02/25 05:34:10 executed programs: 2016
2026/02/25 05:34:15 executed programs: 2083
2026/02/25 05:34:20 executed programs: 2144
2026/02/25 05:34:25 executed programs: 2205
2026/02/25 05:34:31 executed programs: 2265
2026/02/25 05:34:36 executed programs: 2345
2026/02/25 05:34:42 executed programs: 2406
2026/02/25 05:34:47 executed programs: 2467
2026/02/25 05:34:52 executed programs: 2544
2026/02/25 05:34:57 executed programs: 2608
2026/02/25 05:35:02 executed programs: 2678
2026/02/25 05:35:07 executed programs: 2741
2026/02/25 05:35:12 executed programs: 2813
2026/02/25 05:35:18 executed programs: 2865
2026/02/25 05:35:23 executed programs: 2941
2026/02/25 05:35:28 executed programs: 2999
[  316.840979] watchdog: BUG: soft lockup - CPU#1 stuck for 26s! [syz.1.3042:22957]
[  316.841141] Modules linked in:
[  316.841151] irq event stamp: 52486
[  316.841162] hardirqs last  enabled at (52485): [<ffffffff84a97fc4>] irqentry_exit+0x184/0x6d0
[  316.841207] hardirqs last disabled at (52486): [<ffffffff84a96c9f>] sysvec_apic_timer_interrupt+0xf/0x80
[  316.841236] softirqs last  enabled at (52468): [<ffffffff813b9880>] handle_softirqs+0x490/0x700
[  316.841263] softirqs last disabled at (52463): [<ffffffff813bb2e6>] irq_exit_rcu+0xd6/0x110
[  316.841318] CPU: 1 UID: 0 PID: 22957 Comm: syz.1.3042 Not tainted 6.19.0-rc8 #2 PREEMPT(voluntary) 
[  316.841339] Hardware name: QEMU Ubuntu 24.10 PC (i440FX + PIIX, 1996), BIOS 1.16.3-debian-1.16.3-2 04/01/2014
[  316.841351] RIP: 0010:smp_call_function_many_cond+0x6b3/0x15f0
[  316.841376] Code: 85 e4 74 4f 48 b8 00 00 00 00 00 fc ff df 4d 89 f5 4d 89 f4 49 c1 ed 03 41 83 e4 07 49 01 c5 41 83 c4 03 e8 ff 3d 0b 00 f3 90 <41> 0f b6 45 00 41 38 c4 7c 08 84 c0 0f 85 2d 0d 00 00 8b 43 08 31
[  316.841393] RSP: 0018:ffff88810acd7570 EFLAGS: 00000246
[  316.841406] RAX: 0000000000000000 RBX: ffff88811af3eee0 RCX: ffffffff8169fba7
[  316.841417] RDX: 0000000000000001 RSI: ffff88810ba78000 RDI: 0000000000000002
[  316.841428] RBP: 0000000000000002 R08: 0000000000000000 R09: 0000000000000001
[  316.841438] R10: fffffbfff0c8590a R11: ffffffff8642c857 R12: 0000000000000003
[  316.841449] R13: ffffed10235e7ddd R14: ffff88811af3eee8 R15: 0000000000000001
[  316.841463] FS:  00007f1c0e1776c0(0000) GS:ffff8881936bf000(0000) knlGS:0000000000000000
[  316.841479] CS:  0010 DS: 0000 ES: 0000 CR0: 0000000080050033
[  316.841491] CR2: 00007facac616fb8 CR3: 000000010ae14000 CR4: 0000000000350ef0
[  316.841502] Call Trace:
[  316.841524]  <TASK>
[  316.841539]  ? __pfx_do_sync_core+0x10/0x10
[  316.841566]  ? __pfx_smp_call_function_many_cond+0x10/0x10
[  316.841589]  ? __pfx___text_poke+0x10/0x10
[  316.841612]  ? __pfx_do_sync_core+0x10/0x10
[  316.841633]  on_each_cpu_cond_mask+0x57/0xa0
[  316.841654]  smp_text_poke_batch_finish+0x340/0xae0
[  316.841689]  ? __pfx_smp_text_poke_batch_finish+0x10/0x10
[  316.841716]  ? trace_event_reg+0x2a8/0x370
[  316.841734]  ? perf_trace_event_init+0x538/0xa30
[  316.841761]  ? write_comp_data+0x29/0x80
[  316.841784]  ? __SCT__tp_func_cgroup_rstat_unlock+0x8/0x8
[  316.841804]  ? __sanitizer_cov_trace_pc+0x20/0x50
[  316.841827]  ? __SCT__tp_func_cgroup_rstat_unlock+0x8/0x8
[  316.841848]  ? __SCT__tp_func_cgroup_rstat_unlock+0x8/0x8
[  316.841868]  __static_call_transform+0x359/0x760
[  316.841889]  ? __pfx___static_call_transform+0x10/0x10
[  316.841909]  ? __pfx_perf_trace_preemptirq_template+0x10/0x10
[  316.841932]  ? write_comp_data+0x29/0x80
[  316.841954]  ? __SCT__tp_func_cgroup_rstat_unlock+0x8/0x8
[  316.841974]  ? __pfx_perf_trace_preemptirq_template+0x10/0x10
[  316.841996]  ? __SCT__tp_func_cgroup_rstat_unlock+0x8/0x8
[  316.842016]  arch_static_call_transform+0xcb/0xd0
[  316.842034]  ? __pfx_perf_trace_preemptirq_template+0x10/0x10
[  316.842057]  ? __pfx_perf_trace_preemptirq_template+0x10/0x10
[  316.842081]  __static_call_update+0xd8/0x5e0
[  316.842112]  ? lock_is_held_type+0x9e/0x120
[  316.842136]  ? __pfx_perf_trace_preemptirq_template+0x10/0x10
[  316.842158]  ? __SCT__tp_func_cgroup_rstat_unlock+0x8/0x8
[  316.842179]  ? __pfx___static_call_update+0x10/0x10
[  316.842206]  ? kasan_save_track+0x14/0x30
[  316.842230]  ? __kasan_kmalloc+0x7f/0x90
[  316.842253]  ? __kmalloc_noprof+0x3ad/0x820
[  316.842285]  ? __pfx_perf_trace_preemptirq_template+0x10/0x10
[  316.842323]  tracepoint_update_call+0xc0/0x120
[  316.842346]  tracepoint_add_func+0x94a/0xc90
[  316.842372]  ? __pfx_perf_trace_preemptirq_template+0x10/0x10
[  316.842395]  tracepoint_probe_register_prio+0xa4/0xf0
[  316.842417]  ? __pfx_tracepoint_probe_register_prio+0x10/0x10
[  316.842439]  ? __pfx_perf_trace_preemptirq_template+0x10/0x10
[  316.842462]  ? pcpu_alloc_noprof+0x12d/0x1080
[  316.842487]  ? write_comp_data+0x29/0x80
[  316.842510]  ? __sanitizer_cov_trace_pc+0x20/0x50
[  316.842532]  ? __pfx_perf_trace_preemptirq_template+0x10/0x10
[  316.842556]  trace_event_reg+0x2a8/0x370
[  316.842576]  perf_trace_event_init+0x538/0xa30
[  316.842608]  perf_trace_init+0x1a4/0x2f0
[  316.842637]  perf_tp_event_init+0xa6/0x120
[  316.842658]  perf_try_init_event+0x140/0x9f0
[  316.842681]  perf_event_alloc+0x1da2/0x4870
[  316.842705]  ? perf_event_alloc+0x1c88/0x4870
[  316.842733]  ? __pfx_perf_event_alloc+0x10/0x10
[  316.842753]  ? find_held_lock+0x2b/0x80
[  316.842777]  ? __do_sys_perf_event_open+0xfde/0x29a0
[  316.842809]  __do_sys_perf_event_open+0x69f/0x29a0
[  316.842841]  ? __pfx_do_futex+0x10/0x10
[  316.842867]  ? __pfx___do_sys_perf_event_open+0x10/0x10
[  316.842906]  ? entry_SYSCALL_64_after_hwframe+0x77/0x7f
[  316.842925]  ? trace_hardirqs_off_finish+0x28/0x110
[  316.842948]  ? write_comp_data+0x29/0x80
[  316.842968]  ? __sanitizer_cov_trace_pc+0x20/0x50
[  316.842994]  do_syscall_64+0xc3/0x430
[  316.843013]  entry_SYSCALL_64_after_hwframe+0x77/0x7f
[  316.843031] RIP: 0033:0x7f1c0e74fba9
[  316.843058] Code: ff ff c3 66 2e 0f 1f 84 00 00 00 00 00 0f 1f 40 00 48 89 f8 48 89 f7 48 89 d6 48 89 ca 4d 89 c2 4d 89 c8 4c 8b 4c 24 08 0f 05 <48> 3d 01 f0 ff ff 73 01 c3 48 c7 c1 a8 ff ff ff f7 d8 64 89 01 48
[  316.843074] RSP: 002b:00007f1c0e177058 EFLAGS: 00000246 ORIG_RAX: 000000000000012a
[  316.843090] RAX: ffffffffffffffda RBX: 00007f1c0e9d5fa0 RCX: 00007f1c0e74fba9
[  316.843101] RDX: ffffffffffffffff RSI: 0000000000000000 RDI: 0000200000001640
[  316.843112] RBP: 00007f1c0e7fb44c R08: 0000000000000000 R09: 0000000000000000
[  316.843122] R10: ffffffffffffffff R11: 0000000000000246 R12: 0000000000000000
[  316.843133] R13: 0000000000000000 R14: 00007f1c0e9d5fa0 R15: 00007ffd3756e578
[  316.843154]  </TASK>
[  316.843162] Sending NMI from CPU 1 to CPUs 0,2-3:
[  316.947817] NMI backtrace for cpu 2
[  316.947842] CPU: 2 UID: 0 PID: 0 Comm: swapper/2 Not tainted 6.19.0-rc8 #2 PREEMPT(voluntary) 
[  316.947864] Hardware name: QEMU Ubuntu 24.10 PC (i440FX + PIIX, 1996), BIOS 1.16.3-debian-1.16.3-2 04/01/2014
[  316.947876] RIP: 0010:__schedule+0x331d/0x3f90
[  316.947914] Code: 48 c1 ee 03 83 c0 03 4c 89 85 38 ff ff ff 48 01 ce 88 85 60 ff ff ff 48 89 b5 68 ff ff ff 48 89 9d 28 ff ff ff 48 89 d3 f3 90 <48> 8b 85 68 ff ff ff 0f b6 00 38 85 60 ff ff ff 7c 08 84 c0 0f 85
[  316.947931] RSP: 0018:ffff8881003efd68 EFLAGS: 00000046
[  316.947946] RAX: 0000000000000004 RBX: ffff88810a022290 RCX: dffffc0000000000
[  316.947958] RDX: 0000000000000004 RSI: 0000000000000004 RDI: ffff88810a022290
[  316.947969] RBP: ffff8881003efe50 R08: ffff88810439146c R09: 0000000000000002
[  316.947980] R10: ffff88810a021880 R11: 0000607e6c5e3880 R12: 0000000000000004
[  316.947992] R13: 0000000000000004 R14: ffff888104390000 R15: ffff88810a021880
[  316.948006] FS:  0000000000000000(0000) GS:ffff88819373f000(0000) knlGS:0000000000000000
[  316.948023] CS:  0010 DS: 0000 ES: 0000 CR0: 0000000080050033
[  316.948035] CR2: 00007fd1e9beafb8 CR3: 0000000107bb5000 CR4: 0000000000350ef0
[  316.948047] Call Trace:
[  316.948055]  <TASK>
[  316.948061]  ? irqentry_enter+0x42/0xe0
[  316.948096]  ? __pfx___schedule+0x10/0x10
[  316.948135]  ? write_comp_data+0x29/0x80
[  316.948162]  ? lockdep_hardirqs_on_prepare+0xdb/0x190
[  316.948185]  schedule_idle+0x5c/0x90
[  316.948207]  do_idle+0x24e/0x3c0
[  316.948225]  ? __pfx_do_idle+0x10/0x10
[  316.948241]  ? __schedule+0x11db/0x3f90
[  316.948262]  ? do_idle+0x27c/0x3c0
[  316.948279]  cpu_startup_entry+0x4f/0x60
[  316.948306]  start_secondary+0x1bd/0x210
[  316.948333]  common_startup_64+0x13e/0x148
[  316.948365]  </TASK>
[  316.948377] NMI backtrace for cpu 0
[  316.948408] CPU: 0 UID: 0 PID: 18 Comm: migration/0 Not tainted 6.19.0-rc8 #2 PREEMPT(voluntary) 
[  316.948431] Hardware name: QEMU Ubuntu 24.10 PC (i440FX + PIIX, 1996), BIOS 1.16.3-debian-1.16.3-2 04/01/2014
[  316.948443] Stopper: 0x0 <- 0x0
[  316.948462] RIP: 0010:queued_spin_lock_slowpath+0x240/0xb30
[  316.948496] Code: 02 48 89 e8 83 e0 07 83 c0 01 38 d0 7c 08 84 d2 0f 85 51 08 00 00 b8 01 00 00 00 66 89 45 00 e9 c0 fe ff ff 89 44 24 38 f3 90 <e9> 5c fe ff ff 48 b8 00 00 00 00 00 fc ff df 48 89 fa 48 c1 ea 03
[  316.948513] RSP: 0018:ffff88811ae08bf8 EFLAGS: 00000002
[  316.948527] RAX: 0000000000000001 RBX: 0000000000000001 RCX: ffffffff84ac3cee
[  316.948538] RDX: 0000000000000000 RSI: 0000000000000004 RDI: ffff88811af37740
[  316.948549] RBP: ffff88811af37740 R08: ffffed10235c119c R09: ffffed10235e6ee9
[  316.948560] R10: ffffed10235e6ee8 R11: ffff88811af37743 R12: 1ffff110235c1180
[  316.948572] R13: 0000000000000003 R14: ffffed10235e6ee8 R15: ffff88811ae08c30
[  316.948585] FS:  0000000000000000(0000) GS:ffff88819363f000(0000) knlGS:0000000000000000
[  316.948600] CS:  0010 DS: 0000 ES: 0000 CR0: 0000000080050033
[  316.948611] CR2: 00002000000038c0 CR3: 0000000107bb5000 CR4: 0000000000350ef0
[  316.948623] Call Trace:
[  316.948632]  <IRQ>
[  316.948641]  ? __pfx_queued_spin_lock_slowpath+0x10/0x10
[  316.948666]  ? __lock_acquire+0x55a/0x1eb0
[  316.948690]  do_raw_spin_lock+0x1dc/0x290
[  316.948712]  ? __pfx_do_raw_spin_lock+0x10/0x10
[  316.948737]  try_to_wake_up+0x7b3/0x1860
[  316.948763]  ? __pfx_try_to_wake_up+0x10/0x10
[  316.948785]  ? __pfx_do_raw_spin_lock+0x10/0x10
[  316.948806]  ? rcu_report_qs_rsp+0x6c/0x160
[  316.948837]  swake_up_locked.part.0+0x5f/0x170
[  316.948858]  swake_up_one+0x41/0x60
[  316.948875]  rcu_core+0x1d1d/0x2240
[  316.948898]  ? sched_balance_domains+0x2fe/0xc40
[  316.948921]  ? __pfx_rcu_core+0x10/0x10
[  316.948942]  ? __pfx_sched_balance_domains+0x10/0x10
[  316.948967]  handle_softirqs+0x19b/0x700
[  316.948994]  irq_exit_rcu+0xd6/0x110
[  316.949018]  sysvec_apic_timer_interrupt+0x70/0x80
[  316.949044]  </IRQ>
[  316.949049]  <TASK>
[  316.949055]  asm_sysvec_apic_timer_interrupt+0x1a/0x20
[  316.949077] RIP: 0010:finish_task_switch+0x122/0x5b0
[  316.949094] Code: 8d 7d 18 31 f6 e8 0e a5 0a 00 31 f6 4c 89 ef e8 a4 fb ff ff 4c 89 ef e8 3c 50 64 03 e8 e7 b6 35 00 fb 65 48 8b 1d b6 2c 36 06 <48> 8d bb d8 14 00 00 48 b8 00 00 00 00 00 fc ff df 48 89 fa 48 c1
[  316.949110] RSP: 0018:ffff88810038fc50 EFLAGS: 00000206
[  316.949123] RAX: 0000000000001393 RBX: ffff888100359bc0 RCX: ffffffff817d9a8b
[  316.949134] RDX: 0000000000000000 RSI: 0000000000000000 RDI: ffffffff8147e359
[  316.949145] RBP: ffff88810038fc98 R08: 0000000000000001 R09: 0000000000000001
[  316.949155] R10: fffffbfff0c8590a R11: ffffffff8642c857 R12: ffff88810af95340
[  316.949167] R13: ffff88811ae37740 R14: 0000000000000000 R15: 0000000000000000
[  316.949181]  ? trace_hardirqs_on+0x4b/0x110
[  316.949205]  ? finish_task_switch+0x119/0x5b0
[  316.949224]  ? finish_task_switch+0xe0/0x5b0
[  316.949240]  ? __switch_to+0x859/0x1210
[  316.949267]  __schedule+0x11b4/0x3f90
[  316.949292]  ? __pfx___schedule+0x10/0x10
[  316.949323]  ? find_held_lock+0x2b/0x80
[  316.949346]  ? schedule+0x1da/0x260
[  316.949366]  ? lock_release+0xc8/0x270
[  316.949383]  schedule+0xd1/0x260
[  316.949403]  smpboot_thread_fn+0x67c/0x9d0
[  316.949430]  ? __pfx_smpboot_thread_fn+0x10/0x10
[  316.949456]  kthread+0x43f/0x860
[  316.949482]  ? __pfx_kthread+0x10/0x10
[  316.949506]  ? ret_from_fork+0x79/0x7b0
[  316.949525]  ? lock_release+0xc8/0x270
[  316.949541]  ? __pfx_kthread+0x10/0x10
[  316.949567]  ret_from_fork+0x66d/0x7b0
[  316.949585]  ? __pfx_ret_from_fork+0x10/0x10
[  316.949602]  ? write_comp_data+0x29/0x80
[  316.949624]  ? __sanitizer_cov_trace_pc+0x20/0x50
[  316.949646]  ? __switch_to+0x859/0x1210
[  316.949670]  ? __pfx_kthread+0x10/0x10
[  316.949695]  ret_from_fork_asm+0x1a/0x30
[  316.949728]  </TASK>
[  316.949741] NMI backtrace for cpu 3
[  316.949779] CPU: 3 UID: 0 PID: 22959 Comm: syz.9.3044 Not tainted 6.19.0-rc8 #2 PREEMPT(voluntary) 
[  316.949803] Hardware name: QEMU Ubuntu 24.10 PC (i440FX + PIIX, 1996), BIOS 1.16.3-debian-1.16.3-2 04/01/2014
[  316.949816] RIP: 0010:queued_spin_lock_slowpath+0x240/0xb30
[  316.949856] Code: 02 48 89 e8 83 e0 07 83 c0 01 38 d0 7c 08 84 d2 0f 85 51 08 00 00 b8 01 00 00 00 66 89 45 00 e9 c0 fe ff ff 89 44 24 38 f3 90 <e9> 5c fe ff ff 48 b8 00 00 00 00 00 fc ff df 48 89 fa 48 c1 ea 03
[  316.949873] RSP: 0018:ffff888103147c00 EFLAGS: 00000002
[  316.949888] RAX: 0000000000000001 RBX: 0000000000000001 RCX: ffffffff84ac3cee
[  316.949899] RDX: 0000000000000000 RSI: 0000000000000004 RDI: ffff88811af37740
[  316.949909] RBP: ffff88811af37740 R08: ffffed1020628f9d R09: ffffed10235e6ee9
[  316.949921] R10: ffffed10235e6ee8 R11: ffff88811af37743 R12: 1ffff11020628f81
[  316.949932] R13: 0000000000000003 R14: ffffed10235e6ee8 R15: ffff888103147c38
[  316.949946] FS:  0000555563641500(0000) GS:ffff8881937bf000(0000) knlGS:0000000000000000
[  316.949962] CS:  0010 DS: 0000 ES: 0000 CR0: 0000000080050033
[  316.949973] CR2: 00007f98d8204fb8 CR3: 000000010dc99000 CR4: 0000000000350ef0
[  316.949984] Call Trace:
[  316.949992]  <TASK>
[  316.950002]  ? __pfx_queued_spin_lock_slowpath+0x10/0x10
[  316.950026]  ? __lock_acquire+0x55a/0x1eb0
[  316.950051]  do_raw_spin_lock+0x1dc/0x290
[  316.950073]  ? __pfx_do_raw_spin_lock+0x10/0x10
[  316.950093]  ? lock_release+0xc8/0x270
[  316.950112]  try_to_wake_up+0x7b3/0x1860
[  316.950138]  ? __pfx_try_to_wake_up+0x10/0x10
[  316.950159]  ? __lock_acquire+0x55a/0x1eb0
[  316.950176]  ? lock_is_held_type+0x9e/0x120
[  316.950203]  signal_wake_up_state+0x7a/0x120
[  316.950222]  zap_other_threads+0x1c1/0x310
[  316.950240]  ? __pfx_zap_other_threads+0x10/0x10
[  316.950256]  ? __pfx_do_raw_spin_lock+0x10/0x10
[  316.950281]  do_group_exit+0x265/0x2a0
[  316.950316]  __x64_sys_exit_group+0x3e/0x50
[  316.950332]  x64_sys_call+0x18d6/0x18e0
[  316.950357]  do_syscall_64+0xc3/0x430
[  316.950374]  entry_SYSCALL_64_after_hwframe+0x77/0x7f
[  316.950392] RIP: 0033:0x7fd1ea23fba9
[  316.950421] Code: ff ff c3 66 2e 0f 1f 84 00 00 00 00 00 0f 1f 40 00 48 89 f8 48 89 f7 48 89 d6 48 89 ca 4d 89 c2 4d 89 c8 4c 8b 4c 24 08 0f 05 <48> 3d 01 f0 ff ff 73 01 c3 48 c7 c1 a8 ff ff ff f7 d8 64 89 01 48
[  316.950437] RSP: 002b:00007ffc81fd7308 EFLAGS: 00000246 ORIG_RAX: 00000000000000e7
[  316.950453] RAX: ffffffffffffffda RBX: 0000000000000000 RCX: 00007fd1ea23fba9
[  316.950464] RDX: 0000000000000064 RSI: 0000000000000000 RDI: 0000000000000000
[  316.950474] RBP: 00007ffc81fd736c R08: 0000001e00000000 R09: 00000000000927c0
[  316.950485] R10: 0000000000000000 R11: 0000000000000246 R12: 0000000000000173
[  316.950495] R13: 00000000000927c0 R14: 0000000000046e26 R15: 00007ffc81fd73c0
[  316.950513]  </TASK>

VM DIAGNOSIS:
13:35:58  Registers:
info registers vcpu 0

CPU#0
RAX=0000000000000001 RBX=0000000000000001 RCX=ffffffff84ac3cee RDX=0000000000000000
RSI=0000000000000004 RDI=ffff88811af37740 RBP=ffff88811af37740 RSP=ffff88811ae08bf8
R8 =ffffed10235c119c R9 =ffffed10235e6ee9 R10=ffffed10235e6ee8 R11=ffff88811af37743
R12=1ffff110235c1180 R13=0000000000000003 R14=ffffed10235e6ee8 R15=ffff88811ae08c30
RIP=ffffffff84ac3e80 RFL=00000002 [-------] CPL=0 II=0 A20=1 SMM=0 HLT=0
ES =0000 0000000000000000 00000000 00000000
CS =0010 0000000000000000 ffffffff 00a09b00 DPL=0 CS64 [-RA]
SS =0018 0000000000000000 ffffffff 00c09300 DPL=0 DS   [-WA]
DS =0000 0000000000000000 00000000 00000000
FS =0000 0000000000000000 00000000 00000000
GS =0000 ffff88819363f000 00000000 00000000
LDT=0000 fffffe0000000000 00000000 00000000
TR =0040 fffffe0000003000 00004087 00008b00 DPL=0 TSS64-busy
GDT=     fffffe0000001000 0000007f
IDT=     fffffe0000000000 00000fff
CR0=80050033 CR2=00002000000038c0 CR3=0000000107bb5000 CR4=00350ef0
DR0=0000000000000000 DR1=0000000000000000 DR2=0000000000000000 DR3=0000000000000000 
DR6=00000000ffff0ff0 DR7=0000000000000400
EFER=0000000000000d01
FCW=037f FSW=0000 [ST=0] FTW=00 MXCSR=00001f80
FPR0=0000000000000000 0000 FPR1=0000000000000000 0000
FPR2=0000000000000000 0000 FPR3=0000000000000000 0000
FPR4=0000000000000000 0000 FPR5=0000000000000000 0000
FPR6=0000000000000000 0000 FPR7=0000000000000000 0000
YMM00=0000000000000000 0000000000000000 0000000000000000 0000000000000000
YMM01=0000000000000000 0000000000000000 b0e62eaffe7ff1c5 705264082203cbb9
YMM02=0000000000000000 0000000000000000 ffffffffffffff00 ffffff00ff00ffff
YMM03=0000000000000000 0000000000000000 0ec6088600c85e77 1d3dec33d3caef51
YMM04=0000000000000000 0000000000000000 93194bc7f7a79f95 524b5e347407ce78
YMM05=0000000000000000 0000000000000000 ff78633f1cbb83de e1fb8c4658aef5f7
YMM06=0000000000000000 0000000000000000 03c6ee6f4b0f8ca2 6d7d0f006748d3f5
YMM07=0000000000000000 0000000000000000 f7d82d9208c2ff97 2b75854a141db000
YMM08=0000000000000000 0000000000000000 f23b98d2e55dc319 57563bb803e254f7
YMM09=0000000000000000 0000000000000000 0000000000000000 00007facacc9d285
YMM10=0000000000000000 0000000000000000 0000000000000000 0000000000000000
YMM11=0000000000000000 0000000000000000 0000000000000000 0000000000000000
YMM12=0000000000000000 0000000000000000 0000000000000000 0000000000000000
YMM13=0000000000000000 0000000000000000 0000000000000000 0000000000000000
YMM14=0000000000000000 0000000000000000 0000000000000000 0000000000000000
YMM15=0000000000000000 0000000000000000 0000000000000000 0000000000000000
info registers vcpu 1

CPU#1
RAX=0000000000000039 RBX=0000000000000000 RCX=0000000000000000 RDX=00000000000003f8
RSI=ffff88810ba78000 RDI=ffffffff883385c0 RBP=ffffffff88338580 RSP=ffff88811ae88910
R8 =0000000000000000 R9 =ffffed10206d1047 R10=ffffed10206d1046 R11=ffff888103688237
R12=0000000000000039 R13=0000000000000010 R14=0000000000000039 R15=0000000000000000
RIP=ffffffff829706ad RFL=00000002 [-------] CPL=0 II=0 A20=1 SMM=0 HLT=0
ES =0000 0000000000000000 00000000 00000000
CS =0010 0000000000000000 ffffffff 00a09b00 DPL=0 CS64 [-RA]
SS =0018 0000000000000000 ffffffff 00c09300 DPL=0 DS   [-WA]
DS =0000 0000000000000000 00000000 00000000
FS =0000 00007f1c0e1776c0 00000000 00000000
GS =0000 ffff8881936bf000 00000000 00000000
LDT=0000 fffffe0000000000 00000000 00000000
TR =0040 fffffe000004a000 00004087 00008b00 DPL=0 TSS64-busy
GDT=     fffffe0000048000 0000007f
IDT=     fffffe0000000000 00000fff
CR0=80050033 CR2=00007facac616fb8 CR3=000000010ae14000 CR4=00350ef0
DR0=0000000000000000 DR1=0000000000000000 DR2=0000000000000000 DR3=0000000000000000 
DR6=00000000ffff0ff0 DR7=0000000000000400
EFER=0000000000000d01
FCW=037f FSW=0000 [ST=0] FTW=00 MXCSR=00001f80
FPR0=0000000000000000 0000 FPR1=0000000000000000 0000
FPR2=0000000000000000 0000 FPR3=0000000000000000 0000
FPR4=0000000000000000 0000 FPR5=0000000000000000 0000
FPR6=0000000000000000 0000 FPR7=0000000000000000 0000
YMM00=0000000000000000 0000000000000000 0000000000000000 0000000000000000
YMM01=0000000000000000 0000000000000000 0000000000000000 0000000000000000
YMM02=0000000000000000 0000000000000000 00007facace4a458 00007facace4a4a0
YMM03=0000000000000000 0000000000000000 00007facace4a488 00007facace4a480
YMM04=0000000000000000 0000000000000000 00007ffc8c093810 0000000000000000
YMM05=0000000000000000 0000000000000000 00000000000927c0 0000000000000181
YMM06=0000000000000000 0000000000000000 00007ffc8c093970 0000000000046e03
YMM07=0000000000000000 0000000000000000 0000003000000028 00007facacb98132
YMM08=0000000000000000 0000000000000000 0000000000000000 00007facacc9d1a7
YMM09=0000000000000000 0000000000000000 0000000000000000 00007facacc9d285
YMM10=0000000000000000 0000000000000000 0000000000000000 0000000000000000
YMM11=0000000000000000 0000000000000000 0000000000000000 0000000000000000
YMM12=0000000000000000 0000000000000000 0000000000000000 0000000000000000
YMM13=0000000000000000 0000000000000000 0000000000000000 0000000000000000
YMM14=0000000000000000 0000000000000000 0000000000000000 0000000000000000
YMM15=0000000000000000 0000000000000000 0000000000000000 0000000000000000
info registers vcpu 2

CPU#2
RAX=0000000000000004 RBX=ffff88810a022290 RCX=dffffc0000000000 RDX=0000000000000004
RSI=0000000000000004 RDI=ffff88810a022290 RBP=ffff8881003efe50 RSP=ffff8881003efd68
R8 =ffff88810439146c R9 =0000000000000002 R10=ffff88810a021880 R11=0000607e6c5e3880
R12=0000000000000004 R13=0000000000000004 R14=ffff888104390000 R15=ffff88810a021880
RIP=ffffffff84aa54fd RFL=00000046 [---Z-P-] CPL=0 II=0 A20=1 SMM=0 HLT=0
ES =0000 0000000000000000 00000000 00000000
CS =0010 0000000000000000 ffffffff 00a09b00 DPL=0 CS64 [-RA]
SS =0018 0000000000000000 ffffffff 00c09300 DPL=0 DS   [-WA]
DS =0000 0000000000000000 00000000 00000000
FS =0000 0000000000000000 00000000 00000000
GS =0000 ffff88819373f000 00000000 00000000
LDT=0000 fffffe0000000000 00000000 00000000
TR =0040 fffffe0000091000 00004087 00008b00 DPL=0 TSS64-busy
GDT=     fffffe000008f000 0000007f
IDT=     fffffe0000000000 00000fff
CR0=80050033 CR2=00007fd1e9beafb8 CR3=0000000107bb5000 CR4=00350ef0
DR0=0000000000000000 DR1=0000000000000000 DR2=0000000000000000 DR3=0000000000000000 
DR6=00000000ffff0ff0 DR7=0000000000000400
EFER=0000000000000d01
FCW=037f FSW=0000 [ST=0] FTW=00 MXCSR=00001f80
FPR0=0000000000000000 0000 FPR1=0000000000000000 0000
FPR2=0000000000000000 0000 FPR3=0000000000000000 0000
FPR4=0000000000000000 0000 FPR5=0000000000000000 0000
FPR6=0000000000000000 0000 FPR7=0000000000000000 0000
YMM00=0000000000000000 0000000000000000 0000000000000000 0000000000000000
YMM01=0000000000000000 0000000000000000 b0e62eaffe7ff1c5 705264082203cbb9
YMM02=0000000000000000 0000000000000000 ffffffffffffff00 ffffff00ff00ffff
YMM03=0000000000000000 0000000000000000 0ec6088600c85e77 1d3dec33d3caef51
YMM04=0000000000000000 0000000000000000 93194bc7f7a79f95 524b5e347407ce78
YMM05=0000000000000000 0000000000000000 ff78633f1cbb83de e1fb8c4658aef5f7
YMM06=0000000000000000 0000000000000000 03c6ee6f4b0f8ca2 6d7d0f006748d3f5
YMM07=0000000000000000 0000000000000000 f7d82d9208c2ff97 2b75854a141db000
YMM08=0000000000000000 0000000000000000 f23b98d2e55dc319 57563bb803e254f7
YMM09=0000000000000000 0000000000000000 0000000000000000 00007f1c0e7fd285
YMM10=0000000000000000 0000000000000000 0000000000000000 0000000000000000
YMM11=0000000000000000 0000000000000000 0000000000000000 0000000000000000
YMM12=0000000000000000 0000000000000000 0000000000000000 0000000000000000
YMM13=0000000000000000 0000000000000000 0000000000000000 0000000000000000
YMM14=0000000000000000 0000000000000000 0000000000000000 0000000000000000
YMM15=0000000000000000 0000000000000000 0000000000000000 0000000000000000
info registers vcpu 3

CPU#3
RAX=0000000000000001 RBX=0000000000000001 RCX=ffffffff84ac3cee RDX=0000000000000000
RSI=0000000000000004 RDI=ffff88811af37740 RBP=ffff88811af37740 RSP=ffff888103147c00
R8 =ffffed1020628f9d R9 =ffffed10235e6ee9 R10=ffffed10235e6ee8 R11=ffff88811af37743
R12=1ffff11020628f81 R13=0000000000000003 R14=ffffed10235e6ee8 R15=ffff888103147c38
RIP=ffffffff84ac3e80 RFL=00000002 [-------] CPL=0 II=0 A20=1 SMM=0 HLT=0
ES =0000 0000000000000000 00000000 00000000
CS =0010 0000000000000000 ffffffff 00a09b00 DPL=0 CS64 [-RA]
SS =0018 0000000000000000 ffffffff 00c09300 DPL=0 DS   [-WA]
DS =0000 0000000000000000 00000000 00000000
FS =0000 0000555563641500 00000000 00000000
GS =0000 ffff8881937bf000 00000000 00000000
LDT=0000 fffffe0000000000 00000000 00000000
TR =0040 fffffe00000d8000 00004087 00008b00 DPL=0 TSS64-busy
GDT=     fffffe00000d6000 0000007f
IDT=     fffffe0000000000 00000fff
CR0=80050033 CR2=00007f98d8204fb8 CR3=000000010dc99000 CR4=00350ef0
DR0=0000000000000000 DR1=0000000000000000 DR2=0000000000000000 DR3=0000000000000000 
DR6=00000000ffff0ff0 DR7=0000000000000400
EFER=0000000000000d01
FCW=037f FSW=0000 [ST=0] FTW=00 MXCSR=00001f80
FPR0=0000000000000000 0000 FPR1=0000000000000000 0000
FPR2=0000000000000000 0000 FPR3=0000000000000000 0000
FPR4=0000000000000000 0000 FPR5=0000000000000000 0000
FPR6=0000000000000000 0000 FPR7=0000000000000000 0000
YMM00=0000000000000000 0000000000000000 0000000000000000 0000000000000000
YMM01=0000000000000000 0000000000000000 b0e62eaffe7ff1c5 705264082203cbb9
YMM02=0000000000000000 0000000000000000 ff00ffffffffffff ff00ffffffffffff
YMM03=0000000000000000 0000000000000000 0ec6088600c85e77 1d3dec33d3caef51
YMM04=0000000000000000 0000000000000000 93194bc7f7a79f95 524b5e347407ce78
YMM05=0000000000000000 0000000000000000 ff78633f1cbb83de e1fb8c4658aef5f7
YMM06=0000000000000000 0000000000000000 03c6ee6f4b0f8ca2 6d7d0f006748d3f5
YMM07=0000000000000000 0000000000000000 f7d82d9208c2ff97 2b75854a141db000
YMM08=0000000000000000 0000000000000000 f23b98d2e55dc319 57563bb803e254f7
YMM09=0000000000000000 0000000000000000 0000000000000000 00007fd1ea2ed285
YMM10=0000000000000000 0000000000000000 0000000000000000 0000000000000000
YMM11=0000000000000000 0000000000000000 0000000000000000 0000000000000000
YMM12=0000000000000000 0000000000000000 0000000000000000 0000000000000000
YMM13=0000000000000000 0000000000000000 0000000000000000 0000000000000000
YMM14=0000000000000000 0000000000000000 0000000000000000 0000000000000000
YMM15=0000000000000000 0000000000000000 0000000000000000 0000000000000000
