Warning: Permanently added '[localhost]:25241' (ED25519) to the list of known hosts.
2026/01/27 08:22:45 parsed 1 programs
syzkaller login: [   19.748237] cgroup: Unknown subsys name 'net'
[   19.754539] cgroup: Unknown subsys name 'blkio'
[   19.770673] cgroup: Unknown subsys name 'cpuset'
[   19.774301] cgroup: Unknown subsys name 'hugetlb'
[   19.778223] cgroup: Unknown subsys name 'rlimit'
[   19.779320] cgroup: Unknown subsys name 'memory'
[   19.808810] Adding 124996k swap on ./swap-file.  Priority:0 extents:1 across:124996k 
2026/01/27 08:22:47 executed programs: 0
[   20.858960] Injecting memory failure for pfn 0x20207 at process virtual address 0x200000000000
[   20.863903] Memory failure: 0x20207: Sending SIGBUS to syz.3.17:293 due to hardware memory corruption
[   20.866180] Memory failure: 0x20207: recovery action for dirty LRU page: Recovered
[   20.868104] Injecting memory failure for pfn 0x22c24 at process virtual address 0x200000001000
[   20.873448] Memory failure: 0x22c24: Sending SIGBUS to syz.3.17:293 due to hardware memory corruption
[   20.875779] Memory failure: 0x22c24: recovery action for dirty LRU page: Recovered
[   20.877713] Injecting memory failure for pfn 0xbda2 at process virtual address 0x200000002000
[   20.880421] page: refcount:3 mapcount:0 mapping:0000000000000000 index:0xffff888000159140 pfn:0xbda0
[   20.882646] head: order:3 mapcount:1 entire_mapcount:0 nr_pages_mapped:1 pincount:0
[   20.884417] flags: 0x44(referenced|head|zone=0)
[   20.885469] raw: 0000000000000044 0000000000000000 dead000000000122 0000000000000000
[   20.887195] raw: ffff888000159140 0000000000000000 00000003ffffffff 0000000000000000
[   20.888895] head: 0000000000000044 0000000000000000 dead000000000122 0000000000000000
[   20.890553] head: ffff888000159140 0000000000000000 00000003ffffffff 0000000000000000
[   20.892376] head: 0000000000000003 ffffea00002f6801 0000000100000000 00000000ffffffff
[   20.894157] head: 0000000000000000 0000000000000000 00000000ffffffff 0000000000000008
[   20.895859] page dumped because: VM_WARN_ON_ONCE_FOLIO(1)
[   20.897103] ------------[ cut here ]------------
[   20.898031] WARNING: include/linux/huge_mm.h:635 at memory_failure+0x22e8/0x2950, CPU#0: syz.3.17/293
[   20.899952] CPU: 0 UID: 0 PID: 293 Comm: syz.3.17 Not tainted 6.19.0-rc7 #1 VOLUNTARY 
[   20.901746] Hardware name: QEMU Ubuntu 24.10 PC (i440FX + PIIX, 1996), BIOS 1.16.3-debian-1.16.3-2 04/01/2014
[   20.905280] RIP: 0010:memory_failure+0x22e8/0x2950
[   20.906380] Code: ff 84 db 0f 85 f1 f5 ff ff e9 36 fe ff ff e8 3f 55 ce ff 48 c7 c6 e0 f7 ee 85 4c 89 f7 e8 90 b6 ed ff c6 05 13 35 04 06 01 90 <0f> 0b 90 e9 aa ee ff ff e8 eb 15 fe ff e9 65 e1 ff ff e8 a1 15 fe
[   20.910919] RSP: 0018:ffff8880098cfa00 EFLAGS: 00010246
[   20.912105] RAX: 00000000f0ddc500 RBX: 0000000000000000 RCX: ffffffff816cbe62
[   20.913963] RDX: ffff88800fdc33c0 RSI: ffff88800fdc33c0 RDI: 0000000000000002
[   20.915753] RBP: ffffea00002f6880 R08: fffffbfff0ddc500 R09: ffffffff819105e0
[   20.917309] R10: 0000000000000001 R11: ffff8880098cf7e7 R12: 000000000000bda2
[   20.919187] R13: ffffea00002f6800 R14: ffffea00002f6800 R15: ffffea00002f6888
[   20.921046] FS:  0000555577602500(0000) GS:0000000000000000(0000) knlGS:0000000000000000
[   20.922883] CS:  0010 DS: 0000 ES: 0000 CR0: 0000000080050033
[   20.924424] CR2: 00007f091967a028 CR3: 000000000ae07000 CR4: 0000000000350ef0
[   20.926204] Call Trace:
[   20.926815]  <TASK>
[   20.927302]  ? wake_up_klogd_work_func+0x110/0x110
[   20.928538]  ? unmap_poisoned_folio+0x410/0x410
[   20.929809]  ? _printk+0xbd/0xf0
[   20.930739]  ? console_prepend_message+0x2c0/0x2c0
[   20.931887]  ? get_user_pages_fast+0xae/0xf0
[   20.932972]  ? get_user_pages_fast_only+0xf0/0xf0
[   20.934005]  ? __sanitizer_cov_trace_pc+0x1c/0x50
[   20.935165]  madvise_do_behavior.part.0+0x137/0x3c0
[   20.936364]  ? madvise_finish_tlb.isra.0+0x70/0x70
[   20.937564]  ? futex_setup_timer+0xf0/0xf0
[   20.938581]  ? __sanitizer_cov_trace_pc+0x1c/0x50
[   20.939804]  madvise_do_behavior+0x41d/0x5d0
[   20.941100]  ? futex_hash+0x97/0xc0
[   20.942159]  ? __sanitizer_cov_trace_pc+0x1c/0x50
[   20.943356]  ? futex_hash_put+0xe/0x50
[   20.944294]  ? madvise_walk_vmas+0x2160/0x2160
[   20.945387]  ? futex_wake_mark+0x190/0x190
[   20.946354]  ? security_file_permission+0x1d/0x50
[   20.947598]  ? write_comp_data+0x17/0x60
[   20.948753]  ? write_comp_data+0x17/0x60
[   20.949876]  ? __sanitizer_cov_trace_switch+0x4f/0x80
[   20.951127]  do_madvise+0x134/0x1b0
[   20.952077]  ? __do_sys_process_madvise+0x390/0x390
[   20.953271]  ? do_futex+0x136/0x360
[   20.954257]  ? __sanitizer_cov_trace_pc+0x1c/0x50
[   20.955810]  ? __x64_sys_futex+0x1d1/0x480
[   20.956884]  ? do_futex+0x360/0x360
[   20.957750]  ? ksys_write+0x1a2/0x240
[   20.958611]  ? __ia32_sys_read+0xb0/0xb0
[   20.959683]  ? __sanitizer_cov_trace_pc+0x1c/0x50
[   20.961039]  __x64_sys_madvise+0xa8/0x110
[   20.962188]  ? write_comp_data+0x17/0x60
[   20.963171]  ? fpregs_assert_state_consistent+0x100/0x140
[   20.964376]  do_syscall_64+0xa9/0x320
[   20.965310]  entry_SYSCALL_64_after_hwframe+0x4b/0x53
[   20.966679] RIP: 0033:0x7ffa7a35ebe9
[   20.967693] Code: ff ff c3 66 2e 0f 1f 84 00 00 00 00 00 0f 1f 40 00 48 89 f8 48 89 f7 48 89 d6 48 89 ca 4d 89 c2 4d 89 c8 4c 8b 4c 24 08 0f 05 <48> 3d 01 f0 ff ff 73 01 c3 48 c7 c1 a8 ff ff ff f7 d8 64 89 01 48
[   20.972370] RSP: 002b:00007ffdb9a0f728 EFLAGS: 00000246 ORIG_RAX: 000000000000001c
[   20.974345] RAX: ffffffffffffffda RBX: 00007ffa7a595fa0 RCX: 00007ffa7a35ebe9
[   20.976225] RDX: 0000000000000064 RSI: 0000000000600000 RDI: 0000200000000000
[   20.978095] RBP: 00007ffa7a3e1e19 R08: 0000000000000000 R09: 0000000000000000
[   20.980051] R10: 0000000000000000 R11: 0000000000000246 R12: 0000000000000000
[   20.981985] R13: 00007ffa7a595fa0 R14: 00007ffa7a595fa0 R15: 0000000000000003
[   20.983899]  </TASK>
[   20.984480] ---[ end trace 0000000000000000 ]---
[   20.993604] page: refcount:3 mapcount:1 mapping:0000000000000000 index:0xffff888000159142 pfn:0xbda2
[   20.996098] head: order:3 mapcount:1 entire_mapcount:0 nr_pages_mapped:1 pincount:0
[   20.998254] flags: 0x45(locked|referenced|head|zone=0)
[   20.999702] raw: 0000000000200000 ffffea00002f6801 ffffea00002f6890 ffffea00002f6890
[   21.001690] raw: 0000000000000000 0000000000000000 0000000000000000 0000000000000000
[   21.003689] head: 0000000000000045 0000000000000000 dead000000000122 0000000000000000
[   21.005710] head: ffff888000159140 0000000000000000 00000003ffffffff 0000000000000000
[   21.007817] head: 0000000000000003 ffffea00002f6801 0000000100000000 00000000ffffffff
[   21.009864] head: 0000000000000000 0000000000000000 00000000ffffffff 0000000000000008
[   21.011995] page dumped because: VM_WARN_ON_ONCE_PAGE(1)
[   21.013528] ------------[ cut here ]------------
[   21.014801] WARNING: include/linux/huge_mm.h:624 at try_to_split_thp_page.constprop.0+0x25f/0x2c0, CPU#0: syz.3.17/293
[   21.017556] CPU: 0 UID: 0 PID: 293 Comm: syz.3.17 Tainted: G        W           6.19.0-rc7 #1 VOLUNTARY 
[   21.020045] Tainted: [W]=WARN
[   21.020905] Hardware name: QEMU Ubuntu 24.10 PC (i440FX + PIIX, 1996), BIOS 1.16.3-debian-1.16.3-2 04/01/2014
[   21.023454] RIP: 0010:try_to_split_thp_page.constprop.0+0x25f/0x2c0
[   21.025146] Code: ff 4c 89 e7 e8 f2 8e e4 ff e9 59 fe ff ff e8 c8 92 ce ff 48 c7 c6 20 f2 ee 85 48 89 ef e8 19 f4 ed ff c6 05 9d 72 04 06 01 90 <0f> 0b 90 e9 55 fe ff ff e8 a4 92 ce ff 49 8d 6c 24 ff e9 b5 fe ff
[   21.029876] RSP: 0018:ffff8880098cf9d0 EFLAGS: 00010246
[   21.031354] RAX: 00000000f0ddc500 RBX: 0000000000000000 RCX: ffffffff816cbe62
[   21.033266] RDX: ffff88800fdc33c0 RSI: ffff88800fdc33c0 RDI: 0000000000000002
[   21.035145] RBP: ffffea00002f6880 R08: fffffbfff0ddc500 R09: ffffffff8190c857
[   21.036998] R10: 0000000000000001 R11: ffff8880098cf7b7 R12: 0000000000000000
[   21.038855] R13: ffffea00002f6888 R14: 0000000000000000 R15: ffffea00002f6888
[   21.040723] FS:  0000555577602500(0000) GS:0000000000000000(0000) knlGS:0000000000000000
[   21.042831] CS:  0010 DS: 0000 ES: 0000 CR0: 0000000080050033
[   21.044338] CR2: 00007f0919681000 CR3: 000000000ae07000 CR4: 0000000000350ef0
[   21.046326] Call Trace:
[   21.047019]  <TASK>
[   21.047609]  memory_failure+0x11a9/0x2950
[   21.048725]  ? wake_up_klogd_work_func+0x110/0x110
[   21.049862]  ? unmap_poisoned_folio+0x410/0x410
[   21.050871]  ? _printk+0xbd/0xf0
[   21.051605]  ? console_prepend_message+0x2c0/0x2c0
[   21.052849]  ? get_user_pages_fast+0xae/0xf0
[   21.053997]  ? get_user_pages_fast_only+0xf0/0xf0
[   21.055378]  ? __sanitizer_cov_trace_pc+0x1c/0x50
[   21.056463]  madvise_do_behavior.part.0+0x137/0x3c0
[   21.057582]  ? madvise_finish_tlb.isra.0+0x70/0x70
[   21.059583]  ? futex_setup_timer+0xf0/0xf0
[   21.060594]  ? __sanitizer_cov_trace_pc+0x1c/0x50
[   21.061751]  madvise_do_behavior+0x41d/0x5d0
[   21.062769]  ? futex_hash+0x97/0xc0
[   21.063607]  ? __sanitizer_cov_trace_pc+0x1c/0x50
[   21.064753]  ? futex_hash_put+0xe/0x50
[   21.065637]  ? madvise_walk_vmas+0x2160/0x2160
[   21.066716]  ? futex_wake_mark+0x190/0x190
[   21.067682]  ? security_file_permission+0x1d/0x50
[   21.068825]  ? write_comp_data+0x17/0x60
[   21.069756]  ? write_comp_data+0x17/0x60
[   21.070705]  ? __sanitizer_cov_trace_switch+0x4f/0x80
[   21.071901]  do_madvise+0x134/0x1b0
[   21.072740]  ? __do_sys_process_madvise+0x390/0x390
[   21.073909]  ? do_futex+0x136/0x360
[   21.074765]  ? __sanitizer_cov_trace_pc+0x1c/0x50
[   21.075887]  ? __x64_sys_futex+0x1d1/0x480
[   21.076888]  ? do_futex+0x360/0x360
[   21.077690]  ? ksys_write+0x1a2/0x240
[   21.078567]  ? __ia32_sys_read+0xb0/0xb0
[   21.079498]  ? __sanitizer_cov_trace_pc+0x1c/0x50
[   21.080608]  __x64_sys_madvise+0xa8/0x110
[   21.081591]  ? write_comp_data+0x17/0x60
[   21.082539]  ? fpregs_assert_state_consistent+0x100/0x140
[   21.083829]  do_syscall_64+0xa9/0x320
[   21.084702]  entry_SYSCALL_64_after_hwframe+0x4b/0x53
[   21.085888] RIP: 0033:0x7ffa7a35ebe9
[   21.086731] Code: ff ff c3 66 2e 0f 1f 84 00 00 00 00 00 0f 1f 40 00 48 89 f8 48 89 f7 48 89 d6 48 89 ca 4d 89 c2 4d 89 c8 4c 8b 4c 24 08 0f 05 <48> 3d 01 f0 ff ff 73 01 c3 48 c7 c1 a8 ff ff ff f7 d8 64 89 01 48
[   21.090943] RSP: 002b:00007ffdb9a0f728 EFLAGS: 00000246 ORIG_RAX: 000000000000001c
[   21.092633] RAX: ffffffffffffffda RBX: 00007ffa7a595fa0 RCX: 00007ffa7a35ebe9
[   21.094276] RDX: 0000000000000064 RSI: 0000000000600000 RDI: 0000200000000000
[   21.095922] RBP: 00007ffa7a3e1e19 R08: 0000000000000000 R09: 0000000000000000
[   21.097562] R10: 0000000000000000 R11: 0000000000000246 R12: 0000000000000000
[   21.099217] R13: 00007ffa7a595fa0 R14: 00007ffa7a595fa0 R15: 0000000000000003
[   21.100871]  </TASK>
[   21.101398] ---[ end trace 0000000000000000 ]---
[   21.109509] Memory failure: 0xbda2: recovery action for unsplit thp: Failed

VM DIAGNOSIS:
16:22:48  Registers:
info registers vcpu 0

CPU#0
RAX=0000000000000050 RBX=0000000000000000 RCX=0000000000000000 RDX=00000000000003f8
RSI=ffff88800fdc33c0 RDI=ffffffff8874ee58 RBP=ffffffff8874ee40 RSP=ffff8880098cf258
R8 =fffffbfff0ddc500 R9 =ffffffff82555235 R10=0000000000000001 R11=ffff88800a198137
R12=0000000000000050 R13=0000000000000010 R14=0000000000000050 R15=0000000000000000
RIP=ffffffff8255528d RFL=00000002 [-------] CPL=0 II=0 A20=1 SMM=0 HLT=0
ES =0000 0000000000000000 00000000 00000000
CS =0010 0000000000000000 ffffffff 00a09b00 DPL=0 CS64 [-RA]
SS =0018 0000000000000000 ffffffff 00c09300 DPL=0 DS   [-WA]
DS =0000 0000000000000000 00000000 00000000
FS =0000 0000555577602500 00000000 00000000
GS =0000 0000000000000000 00000000 00000000
LDT=0000 fffffe0000000000 00000000 00000000
TR =0040 fffffe0000003000 00004087 00008b00 DPL=0 TSS64-busy
GDT=     fffffe0000001000 0000007f
IDT=     fffffe0000000000 00000fff
CR0=80050033 CR2=00007f091967a028 CR3=000000000ae07000 CR4=00350ef0
DR0=0000000000000000 DR1=0000000000000000 DR2=0000000000000000 DR3=0000000000000000 
DR6=00000000ffff0ff0 DR7=0000000000000400
EFER=0000000000000d01
FCW=037f FSW=0000 [ST=0] FTW=00 MXCSR=00001f80
FPR0=0000000000000000 0000 FPR1=0000000000000000 0000
FPR2=0000000000000000 0000 FPR3=0000000000000000 0000
FPR4=0000000000000000 0000 FPR5=0000000000000000 0000
FPR6=0000000000000000 0000 FPR7=0000000000000000 0000
YMM00=0000000000000000 0000000000000000 2037343a32323a38 30203732206e614a
YMM01=0000000000000000 0000000000000000 5d3331373737382e 30322020205b203a
YMM02=0000000000000000 0000000000000000 667020726f662065 72756c6961662079
YMM03=0000000000000000 0000000000000000 72646461206c6175 7472697620737365
YMM04=0000000000000000 0000000000000000 7373657264646120 6c61757472697620
YMM05=0000000000000000 0000000000000000 30206e667020726f 66206572756c6961
YMM06=0000000000000000 0000000000000000 6e49205d33313737 37382e3032202020
YMM07=0000000000000000 0000000000000000 7a79732037343a32 323a383020373220
YMM08=0000000000000000 0000000000000000 00007fb63000eab0 0000005200000080
YMM09=0000000000000000 0000000000000000 0000000000000000 0000000000000000
YMM10=0000000000000000 0000000000000000 0000000000000000 0000000000000000
YMM11=0000000000000000 0000000000000000 0000000000000000 0000000000000000
YMM12=0000000000000000 0000000000000000 0000000000000000 0000000000000000
YMM13=0000000000000000 0000000000000000 0000000000000000 0000000000000000
YMM14=0000000000000000 0000000000000000 0000000000000000 0000000000000000
YMM15=0000000000000000 0000000000000000 0000000000000000 0000000000000000
info registers vcpu 1

CPU#1
EAX=000f42aa EBX=00000000 ECX=000002ff EDX=00000001
ESI=00000000 EDI=00000000 EBP=00000000 ESP=00006c5c
EIP=000fd0a9 EFL=00000002 [-------] CPL=0 II=0 A20=1 SMM=0 HLT=1
ES =0010 00000000 ffffffff 00c09300 DPL=0 DS   [-WA]
CS =0008 00000000 ffffffff 00c09b00 DPL=0 CS32 [-RA]
SS =0010 00000000 ffffffff 00c09300 DPL=0 DS   [-WA]
DS =0010 00000000 ffffffff 00c09300 DPL=0 DS   [-WA]
FS =0010 00000000 ffffffff 00c09300 DPL=0 DS   [-WA]
GS =0010 00000000 ffffffff 00c09300 DPL=0 DS   [-WA]
LDT=0000 00000000 0000ffff 00008200 DPL=0 LDT
TR =0000 00000000 0000ffff 00008300 DPL=0 TSS16-busy
GDT=     000f61e0 00000037
IDT=     000f621e 00000000
CR0=00000011 CR2=00000000 CR3=00000000 CR4=00000000
DR0=0000000000000000 DR1=0000000000000000 DR2=0000000000000000 DR3=0000000000000000 
DR6=00000000ffff0ff0 DR7=0000000000000400
EFER=0000000000000000
FCW=037f FSW=0000 [ST=0] FTW=00 MXCSR=00001f80
FPR0=0000000000000000 0000 FPR1=0000000000000000 0000
FPR2=0000000000000000 0000 FPR3=0000000000000000 0000
FPR4=0000000000000000 0000 FPR5=0000000000000000 0000
FPR6=0000000000000000 0000 FPR7=0000000000000000 0000
XMM00=0000000000000000 0000000000000000 XMM01=0000000000000000 0000000000000000
XMM02=0000000000000000 0000000000000000 XMM03=0000000000000000 0000000000000000
XMM04=0000000000000000 0000000000000000 XMM05=0000000000000000 0000000000000000
XMM06=0000000000000000 0000000000000000 XMM07=0000000000000000 0000000000000000
